<?xml version="1.0" encoding="utf-8"?><testsuites name="pytest tests"><testsuite name="pytest" errors="0" failures="0" skipped="0" tests="23" time="3.232" timestamp="2026-04-26T00:27:22.569355+00:00" hostname="agent-env-da415db6-4cc4-4a72-a064-87776e08c06a"><testcase classname="backend.tests.test_admin_seo_shipping.TestSEO" name="test_sitemap_xml" time="0.193" /><testcase classname="backend.tests.test_admin_seo_shipping.TestSEO" name="test_robots_txt" time="0.044" /><testcase classname="backend.tests.test_admin_seo_shipping.TestShipping" name="test_quote_wall_art_under_threshold" time="0.047" /><testcase classname="backend.tests.test_admin_seo_shipping.TestShipping" name="test_quote_custom_signs" time="0.048" /><testcase classname="backend.tests.test_admin_seo_shipping.TestShipping" name="test_quote_outdoor_art" time="0.046" /><testcase classname="backend.tests.test_admin_seo_shipping.TestShipping" name="test_quote_free_shipping_over_250" time="0.048" /><testcase classname="backend.tests.test_admin_seo_shipping.TestShipping" name="test_quote_empty_cart" time="0.044" /><testcase classname="backend.tests.test_admin_seo_shipping.TestCheckout" name="test_create_session_returns_shape" time="0.830" /><testcase classname="backend.tests.test_admin_seo_shipping.TestCheckout" name="test_paid_session_regression" time="0.268" /><testcase classname="backend.tests.test_admin_seo_shipping.TestAdminAuth" name="test_request_non_admin_silent" time="0.048" /><testcase classname="backend.tests.test_admin_seo_shipping.TestAdminAuth" name="test_request_admin_email" time="0.044" /><testcase classname="backend.tests.test_admin_seo_shipping.TestAdminAuth" name="test_verify_garbage_token" time="0.045" /><testcase classname="backend.tests.test_admin_seo_shipping.TestAdminAuth" name="test_verify_valid_admin_token" time="0.045" /><testcase classname="backend.tests.test_admin_seo_shipping.TestAdminAuth" name="test_verify_non_ops_email_rejected" time="0.046" /><testcase classname="backend.tests.test_admin_seo_shipping.TestRoleEnforcement" name="test_maker_jwt_rejected_on_admin_endpoints" time="0.215" /><testcase classname="backend.tests.test_admin_seo_shipping.TestRoleEnforcement" name="test_admin_jwt_rejected_on_maker_me" time="0.096" /><testcase classname="backend.tests.test_admin_seo_shipping.TestRoleEnforcement" name="test_admin_endpoints_require_auth" time="0.182" /><testcase classname="backend.tests.test_admin_seo_shipping.TestRoleEnforcement" name="test_patch_requires_admin" time="0.092" /><testcase classname="backend.tests.test_admin_seo_shipping.TestAdminLists" name="test_admin_me" time="0.045" /><testcase classname="backend.tests.test_admin_seo_shipping.TestAdminLists" name="test_lists_no_objectid" time="0.140" /><testcase classname="backend.tests.test_admin_seo_shipping.TestAdminPatch" name="test_approve_then_reject_application" time="0.233" /><testcase classname="backend.tests.test_admin_seo_shipping.TestAdminPatch" name="test_quote_custom_order" time="0.098" /><testcase classname="backend.tests.test_admin_seo_shipping.TestAdminPatch" name="test_patch_application_404" time="0.047" /></testsuite></testsuites>