<?xml version="1.0" encoding="utf-8"?><testsuites name="pytest tests"><testsuite name="pytest" errors="0" failures="0" skipped="0" tests="23" time="13.912" timestamp="2026-04-30T14:36:56.743666+00:00" hostname="agent-env-da415db6-4cc4-4a72-a064-87776e08c06a"><testcase classname="backend.tests.test_iter66_file_bundles.TestMultiUpload" name="test_three_file_bundle" time="1.718" /><testcase classname="backend.tests.test_iter66_file_bundles.TestMultiUpload" name="test_zero_files" time="0.135" /><testcase classname="backend.tests.test_iter66_file_bundles.TestMultiUpload" name="test_eleven_files_rejected" time="0.142" /><testcase classname="backend.tests.test_iter66_file_bundles.TestMultiUpload" name="test_duplicate_format_rejected" time="0.993" /><testcase classname="backend.tests.test_iter66_file_bundles.TestNewFormats" name="test_new_format_accepted[dwg-image/x-dwg]" time="0.563" /><testcase classname="backend.tests.test_iter66_file_bundles.TestNewFormats" name="test_new_format_accepted[jpg-image/jpeg]" time="0.573" /><testcase classname="backend.tests.test_iter66_file_bundles.TestNewFormats" name="test_new_format_accepted[png-image/png]" time="0.450" /><testcase classname="backend.tests.test_iter66_file_bundles.TestNewFormats" name="test_new_format_accepted[webp-image/webp]" time="0.494" /><testcase classname="backend.tests.test_iter66_file_bundles.TestNewFormats" name="test_new_format_accepted[gcode-text/x-gcode]" time="0.475" /><testcase classname="backend.tests.test_iter66_file_bundles.TestNewFormats" name="test_new_format_accepted[nc-application/octet-stream]" time="0.465" /><testcase classname="backend.tests.test_iter66_file_bundles.TestNewFormats" name="test_new_format_accepted[tap-application/octet-stream]" time="0.614" /><testcase classname="backend.tests.test_iter66_file_bundles.TestNewFormats" name="test_legacy_formats_still_work[stl-model/stl]" time="0.506" /><testcase classname="backend.tests.test_iter66_file_bundles.TestNewFormats" name="test_legacy_formats_still_work[pdf-application/pdf]" time="0.449" /><testcase classname="backend.tests.test_iter66_file_bundles.TestNewFormats" name="test_legacy_formats_still_work[zip-application/zip]" time="0.446" /><testcase classname="backend.tests.test_iter66_file_bundles.TestNewFormats" name="test_legacy_formats_still_work[svg-image/svg+xml]" time="0.620" /><testcase classname="backend.tests.test_iter66_file_bundles.TestAutoThumbnail" name="test_jpg_auto_promotes_to_thumbnail" time="1.064" /><testcase classname="backend.tests.test_iter66_file_bundles.TestAutoThumbnail" name="test_explicit_thumb_wins_over_auto" time="0.841" /><testcase classname="backend.tests.test_iter66_file_bundles.TestVariantsEndpoints" name="test_add_fresh_variant" time="0.952" /><testcase classname="backend.tests.test_iter66_file_bundles.TestVariantsEndpoints" name="test_add_duplicate_format_409" time="0.712" /><testcase classname="backend.tests.test_iter66_file_bundles.TestVariantsEndpoints" name="test_cross_user_403" time="0.828" /><testcase classname="backend.tests.test_iter66_file_bundles.TestVariantsEndpoints" name="test_delete_variant_success" time="0.264" /><testcase classname="backend.tests.test_iter66_file_bundles.TestVariantsEndpoints" name="test_delete_primary_400" time="0.168" /><testcase classname="backend.tests.test_iter66_file_bundles.TestVariantsEndpoints" name="test_delete_unknown_format_404" time="0.147" /></testsuite></testsuites>