<?xml version="1.0" encoding="utf-8"?><testsuites name="pytest tests"><testsuite name="pytest" errors="0" failures="0" skipped="0" tests="10" time="5.278" timestamp="2026-07-07T12:31:26.742687+00:00" hostname="agent-env-da415db6-4cc4-4a72-a064-87776e08c06a"><testcase classname="tests.test_iter431_apple_signin" name="test_apple_start_redirects_to_apple" time="0.149" /><testcase classname="tests.test_iter431_apple_signin" name="test_apple_callback_unknown_state" time="0.004" /><testcase classname="tests.test_iter431_apple_signin" name="test_apple_callback_invalid_id_token" time="0.005" /><testcase classname="tests.test_iter431_apple_signin" name="test_apple_callback_user_cancelled" time="0.003" /><testcase classname="tests.test_iter431_apple_signin" name="test_apple_callback_new_user_and_exchange" time="0.396" /><testcase classname="tests.test_iter431_apple_signin" name="test_apple_callback_links_to_existing_email" time="0.013" /><testcase classname="tests.test_iter431_apple_signin" name="test_apple_callback_eua_required_for_new_email" time="0.006" /><testcase classname="tests.test_iter431_apple_signin" name="test_apple_exchange_bogus_code" time="0.003" /><testcase classname="tests.test_iter431_apple_signin" name="test_password_flags_reports_apple_enabled" time="0.002" /><testcase classname="tests.test_iter431_apple_signin" name="test_magic_link_request_still_works" time="0.287" /></testsuite></testsuites>