<?xml version="1.0" encoding="utf-8"?><testsuites name="pytest tests"><testsuite name="pytest" errors="0" failures="0" skipped="0" tests="13" time="2.447" timestamp="2026-07-11T20:51:34.576374+00:00" hostname="agent-env-da415db6-4cc4-4a72-a064-87776e08c06a"><testcase classname="tests.test_iter455_featured_maker.TestAuthGuards" name="test_candidates_requires_admin" time="0.505" /><testcase classname="tests.test_iter455_featured_maker.TestAuthGuards" name="test_list_promotions_requires_admin" time="0.106" /><testcase classname="tests.test_iter455_featured_maker.TestAuthGuards" name="test_create_promotion_requires_admin" time="0.104" /><testcase classname="tests.test_iter455_featured_maker.TestAuthGuards" name="test_maker_status_requires_maker" time="0.108" /><testcase classname="tests.test_iter455_featured_maker.TestCandidates" name="test_candidates_shape" time="0.234" /><testcase classname="tests.test_iter455_featured_maker.TestExistingPromo" name="test_iron_promo_exists_with_assets" time="0.103" /><testcase classname="tests.test_iter455_featured_maker.TestPromoPatch" name="test_mark_posted_then_ready" time="0.216" /><testcase classname="tests.test_iter455_featured_maker.TestActivationGuards" name="test_activate_no_assets_returns_409" time="0.125" /><testcase classname="tests.test_iter455_featured_maker.TestActivationGuards" name="test_activate_conflict_without_replace" time="0.141" /><testcase classname="tests.test_iter455_featured_maker.TestDedupeAndRestore" name="test_reactivate_iron_with_replace_no_duplicate_email" time="0.129" /><testcase classname="tests.test_iter455_featured_maker.TestPublicFeatured" name="test_public_returns_iron" time="0.112" /><testcase classname="tests.test_iter455_featured_maker.TestMakerStatus" name="test_iron_sees_featured_true_with_kit" time="0.235" /><testcase classname="tests.test_iter455_featured_maker.TestMakerStatus" name="test_metal_sees_featured_false" time="0.229" /></testsuite></testsuites>