<?xml version="1.0" encoding="utf-8"?><testsuites name="pytest tests"><testsuite name="pytest" errors="0" failures="0" skipped="0" tests="11" time="3.058" timestamp="2026-04-30T13:08:39.548608+00:00" hostname="agent-env-da415db6-4cc4-4a72-a064-87776e08c06a"><testcase classname="tests.test_iter44_shipping_cap_validate.TestCap" name="test_set_cap_50" time="0.559" /><testcase classname="tests.test_iter44_shipping_cap_validate.TestCap" name="test_negative_400" time="0.143" /><testcase classname="tests.test_iter44_shipping_cap_validate.TestCap" name="test_too_high_400" time="0.171" /><testcase classname="tests.test_iter44_shipping_cap_validate.TestCap" name="test_ledger_exposes_cap_and_month_spent" time="0.248" /><testcase classname="tests.test_iter44_shipping_cap_validate.TestCap" name="test_zero_disables" time="0.121" /><testcase classname="tests.test_iter44_shipping_cap_validate.TestValidateAddress" name="test_valid_sf" time="0.451" /><testcase classname="tests.test_iter44_shipping_cap_validate.TestValidateAddress" name="test_garbage" time="0.982" /><testcase classname="tests.test_iter44_shipping_cap_validate.TestValidateAddress" name="test_unauth_rejected" time="0.110" /><testcase classname="tests.test_iter44_shipping_cap_validate.TestMemorySplit" name="test_files_exist" time="0.000" /><testcase classname="tests.test_iter44_shipping_cap_validate.TestMemorySplit" name="test_prd_short" time="0.000" /><testcase classname="tests.test_iter44_shipping_cap_validate.TestMemorySplit" name="test_changelog_long" time="0.001" /></testsuite></testsuites>