<?xml version="1.0" encoding="utf-8"?><testsuites name="pytest tests"><testsuite name="pytest" errors="0" failures="0" skipped="0" tests="13" time="2.191" timestamp="2026-04-30T03:32:35.798674+00:00" hostname="agent-env-da415db6-4cc4-4a72-a064-87776e08c06a"><testcase classname="backend.tests.test_iter56_tracking_number.TestCreateBriefTracking" name="test_response_includes_tracking" time="0.294" /><testcase classname="backend.tests.test_iter56_tracking_number.TestCreateBriefTracking" name="test_two_briefs_different_tracking" time="0.225" /><testcase classname="backend.tests.test_iter56_tracking_number.TestPublicTrackEndpoint" name="test_invalid_short_returns_400" time="0.160" /><testcase classname="backend.tests.test_iter56_tracking_number.TestPublicTrackEndpoint" name="test_invalid_long_returns_400" time="0.170" /><testcase classname="backend.tests.test_iter56_tracking_number.TestPublicTrackEndpoint" name="test_invalid_alpha_returns_400" time="0.140" /><testcase classname="backend.tests.test_iter56_tracking_number.TestPublicTrackEndpoint" name="test_unknown_returns_404" time="0.118" /><testcase classname="backend.tests.test_iter56_tracking_number.TestPublicTrackEndpoint" name="test_valid_returns_sanitised_payload" time="0.167" /><testcase classname="backend.tests.test_iter56_tracking_number.TestAdminTrackingSearch" name="test_admin_requires_auth" time="0.102" /><testcase classname="backend.tests.test_iter56_tracking_number.TestAdminTrackingSearch" name="test_admin_bad_format_400" time="0.427" /><testcase classname="backend.tests.test_iter56_tracking_number.TestAdminTrackingSearch" name="test_admin_finds_by_tracking" time="0.104" /><testcase classname="backend.tests.test_iter56_tracking_number.TestAdminTrackingSearch" name="test_admin_unknown_tracking_empty" time="0.103" /><testcase classname="backend.tests.test_iter56_tracking_number.TestMongoBackfillAndIndex" name="test_all_rows_have_tracking_and_index_unique" time="0.076" /><testcase classname="backend.tests.test_iter56_tracking_number.TestMongoBackfillAndIndex" name="test_all_tracking_numbers_unique_and_10digit" time="0.008" /></testsuite></testsuites>