<?xml version="1.0" encoding="utf-8"?><testsuites name="pytest tests"><testsuite name="pytest" errors="0" failures="0" skipped="0" tests="5" time="0.885" timestamp="2026-06-26T16:43:00.774898+00:00" hostname="agent-env-da415db6-4cc4-4a72-a064-87776e08c06a"><testcase classname="tests.test_iter413ck_gsc_redirect_uri" name="test_resolve_uses_xforwarded_host_when_env_unset" time="0.305" /><testcase classname="tests.test_iter413ck_gsc_redirect_uri" name="test_resolve_uses_preview_host" time="0.001" /><testcase classname="tests.test_iter413ck_gsc_redirect_uri" name="test_resolve_honors_env_override" time="0.001" /><testcase classname="tests.test_iter413ck_gsc_redirect_uri" name="test_status_returns_derived_redirect_uri" time="0.395" /><testcase classname="tests.test_iter413ck_gsc_redirect_uri" name="test_oauth_start_returns_url_with_derived_redirect" time="0.111" /></testsuite></testsuites>