<?xml version="1.0" encoding="utf-8"?><testsuites name="pytest tests"><testsuite name="pytest" errors="0" failures="0" skipped="0" tests="10" time="2.776" timestamp="2026-05-25T21:25:52.140439+00:00" hostname="agent-env-da415db6-4cc4-4a72-a064-87776e08c06a"><testcase classname="tests.test_iter220_hero_headlines" name="test_public_endpoint_returns_seed_pool" time="0.285" /><testcase classname="tests.test_iter220_hero_headlines" name="test_cache_control_header_set" time="0.128" /><testcase classname="tests.test_iter220_hero_headlines" name="test_validator_rejects_bad_inputs[bad0-statement too long]" time="0.305" /><testcase classname="tests.test_iter220_hero_headlines" name="test_validator_rejects_bad_inputs[bad1-accent must be single word]" time="0.141" /><testcase classname="tests.test_iter220_hero_headlines" name="test_validator_rejects_bad_inputs[bad2-closer too long]" time="0.114" /><testcase classname="tests.test_iter220_hero_headlines" name="test_validator_rejects_bad_inputs[bad3-empty statement]" time="0.151" /><testcase classname="tests.test_iter220_hero_headlines" name="test_validator_accepts_good_input" time="0.294" /><testcase classname="tests.test_iter220_hero_headlines" name="test_pin_collapses_public_response" time="0.568" /><testcase classname="tests.test_iter220_hero_headlines" name="test_archive_restore_roundtrip" time="0.609" /><testcase classname="tests.test_iter220_hero_headlines" name="test_admin_list_returns_counts" time="0.112" /></testsuite></testsuites>