<?xml version="1.0" encoding="utf-8"?><testsuites name="pytest tests"><testsuite name="pytest" errors="0" failures="0" skipped="0" tests="21" time="4.779" timestamp="2026-07-14T23:45:54.080483+00:00" hostname="agent-env-da415db6-4cc4-4a72-a064-87776e08c06a"><testcase classname="tests.test_iter460_custom_url.TestMakerGet" name="test_get_state_returns_current" time="0.281" /><testcase classname="tests.test_iter460_custom_url.TestMakerGet" name="test_get_no_auth_denied" time="0.109" /><testcase classname="tests.test_iter460_custom_url.TestAvailability" name="test_bad_format_rejected" time="0.116" /><testcase classname="tests.test_iter460_custom_url.TestAvailability" name="test_reserved_words_rejected[admin]" time="0.110" /><testcase classname="tests.test_iter460_custom_url.TestAvailability" name="test_reserved_words_rejected[api]" time="0.110" /><testcase classname="tests.test_iter460_custom_url.TestAvailability" name="test_reserved_words_rejected[cart]" time="0.107" /><testcase classname="tests.test_iter460_custom_url.TestAvailability" name="test_reserved_words_rejected[state]" time="0.152" /><testcase classname="tests.test_iter460_custom_url.TestAvailability" name="test_fresh_unique_available" time="0.115" /><testcase classname="tests.test_iter460_custom_url.TestAvailability" name="test_other_makers_live_vanity_rejected" time="0.111" /><testcase classname="tests.test_iter460_custom_url.TestAvailability" name="test_other_makers_previous_slug_rejected" time="0.109" /><testcase classname="tests.test_iter460_custom_url.TestClaimHistory" name="test_full_lifecycle" time="0.684" /><testcase classname="tests.test_iter460_custom_url.TestCollisions" name="test_loom_cannot_claim_kilns_previous" time="0.230" /><testcase classname="tests.test_iter460_custom_url.TestCollisions" name="test_loom_cannot_claim_existing_internal_slug" time="0.110" /><testcase classname="tests.test_iter460_custom_url.TestAdmin" name="test_admin_get_state_and_history" time="0.109" /><testcase classname="tests.test_iter460_custom_url.TestAdmin" name="test_admin_requires_auth" time="0.231" /><testcase classname="tests.test_iter460_custom_url.TestAdmin" name="test_admin_set_then_reset_roundtrip" time="0.339" /><testcase classname="tests.test_iter460_custom_url.TestAdmin" name="test_admin_invalid_format_400" time="0.105" /><testcase classname="tests.test_iter460_custom_url.TestSitemap" name="test_sitemap_uses_vanity_for_iron_and_oak" time="0.120" /><testcase classname="tests.test_iter460_custom_url.TestMakersList" name="test_list_rows_include_custom_url" time="0.111" /><testcase classname="tests.test_iter460_custom_url.TestRegression" name="test_loom_without_vanity_loads" time="0.269" /><testcase classname="tests.test_iter460_custom_url.TestRegression" name="test_iron_and_oak_internal_slug_still_resolves" time="0.154" /></testsuite></testsuites>