<?xml version="1.0" encoding="utf-8"?><testsuites name="pytest tests"><testsuite name="pytest" errors="0" failures="0" skipped="0" tests="2" time="0.993" timestamp="2026-07-02T16:18:45.748103+00:00" hostname="agent-env-da415db6-4cc4-4a72-a064-87776e08c06a"><testcase classname="tests.test_iter328_founder_feed_audit" name="test_requires_admin_auth" time="0.668" /><testcase classname="tests.test_iter328_founder_feed_audit" name="test_audit_classifies_every_founder_state" time="0.284" /></testsuite></testsuites>