<?xml version="1.0" encoding="utf-8"?><testsuites name="pytest tests"><testsuite name="pytest" errors="0" failures="0" skipped="0" tests="11" time="4.810" timestamp="2026-04-26T01:32:13.467087+00:00" hostname="agent-env-da415db6-4cc4-4a72-a064-87776e08c06a"><testcase classname="backend.tests.test_iter6_maker_chat.TestMakerProductPatch" name="test_patch_model_url_owner" time="0.829" /><testcase classname="backend.tests.test_iter6_maker_chat.TestMakerProductPatch" name="test_patch_empty_body_no_change" time="0.118" /><testcase classname="backend.tests.test_iter6_maker_chat.TestMakerProductPatch" name="test_patch_cross_maker_forbidden" time="0.255" /><testcase classname="backend.tests.test_iter6_maker_chat.TestMakerProductPatch" name="test_patch_unknown_slug_404" time="0.095" /><testcase classname="backend.tests.test_iter6_maker_chat.TestMakerProductPatch" name="test_patch_no_auth_401" time="0.246" /><testcase classname="backend.tests.test_iter6_maker_chat.TestChatMentionEcho" name="test_mention_echo_general" time="2.065" /><testcase classname="backend.tests.test_iter6_maker_chat.TestRegression" name="test_products_list" time="0.102" /><testcase classname="backend.tests.test_iter6_maker_chat.TestRegression" name="test_paid_session_status" time="0.135" /><testcase classname="backend.tests.test_iter6_maker_chat.TestRegression" name="test_maker_auth_works" time="0.225" /><testcase classname="backend.tests.test_iter6_maker_chat.TestRegression" name="test_admin_auth_works" time="0.219" /><testcase classname="backend.tests.test_iter6_maker_chat.TestRegression" name="test_buyer_magic_link_works" time="0.228" /></testsuite></testsuites>