<?xml version="1.0" encoding="utf-8"?><testsuites name="pytest tests"><testsuite name="pytest" errors="0" failures="0" skipped="0" tests="15" time="3.473" timestamp="2026-05-26T21:54:59.838633+00:00" hostname="agent-env-da415db6-4cc4-4a72-a064-87776e08c06a"><testcase classname="tests.test_onboarding.TestOnboardingStart" name="test_start_anonymous_creates_state" time="0.316" /><testcase classname="tests.test_onboarding.TestOnboardingStart" name="test_start_is_idempotent" time="0.185" /><testcase classname="tests.test_onboarding.TestOnboardingStart" name="test_start_without_identity_fails" time="0.100" /><testcase classname="tests.test_onboarding.TestOnboardingStep" name="test_each_valid_step" time="0.453" /><testcase classname="tests.test_onboarding.TestOnboardingStep" name="test_invalid_step_returns_400" time="0.159" /><testcase classname="tests.test_onboarding.TestOnboardingStep" name="test_dedup_and_sorted" time="0.227" /><testcase classname="tests.test_onboarding.TestOnboardingStep" name="test_tour_completed_sets_completed_at" time="0.181" /><testcase classname="tests.test_onboarding.TestOnboardingStep" name="test_three_steps_with_first_action_sets_completed_at" time="0.224" /><testcase classname="tests.test_onboarding.TestOnboardingStep" name="test_two_steps_without_first_action_not_completed" time="0.182" /><testcase classname="tests.test_onboarding.TestOnboardingMe" name="test_me_known_anon" time="0.169" /><testcase classname="tests.test_onboarding.TestOnboardingMe" name="test_me_unknown_returns_null" time="0.111" /><testcase classname="tests.test_onboarding.TestOnboardingMe" name="test_me_no_identity_returns_null" time="0.104" /><testcase classname="tests.test_onboarding.TestOnboardingSkip" name="test_skip_anonymous_returns_ok" time="0.127" /><testcase classname="tests.test_onboarding.TestOnboardingSkip" name="test_skip_with_maker_jwt_sets_skipped_at" time="0.340" /><testcase classname="tests.test_onboarding.TestWelcomeEmailPath" name="test_welcome_email_path_invoked_for_authed_maker" time="0.492" /></testsuite></testsuites>