<?xml version="1.0" encoding="utf-8"?><testsuites name="pytest tests"><testsuite name="pytest" errors="0" failures="0" skipped="0" tests="21" time="5.189" timestamp="2026-05-25T18:10:26.751627+00:00" hostname="agent-env-da415db6-4cc4-4a72-a064-87776e08c06a"><testcase classname="backend.tests.test_iter210_clips_feed" name="test_categories_list_has_six_canonical" time="0.144" /><testcase classname="backend.tests.test_iter210_clips_feed" name="test_feed_default_paginated" time="0.148" /><testcase classname="backend.tests.test_iter210_clips_feed" name="test_feed_invalid_category_returns_400" time="0.116" /><testcase classname="backend.tests.test_iter210_clips_feed" name="test_feed_valid_category_returns_200" time="0.860" /><testcase classname="backend.tests.test_iter210_clips_feed" name="test_maker_create_clip_from_youtube_url" time="0.124" /><testcase classname="backend.tests.test_iter210_clips_feed" name="test_maker_create_clip_dedupe_409" time="0.187" /><testcase classname="backend.tests.test_iter210_clips_feed" name="test_maker_create_clip_invalid_category_422" time="0.116" /><testcase classname="backend.tests.test_iter210_clips_feed" name="test_maker_create_clip_invalid_url_422" time="0.108" /><testcase classname="backend.tests.test_iter210_clips_feed" name="test_maker_list_mine_includes_created" time="0.161" /><testcase classname="backend.tests.test_iter210_clips_feed" name="test_view_counter_anonymous" time="0.113" /><testcase classname="backend.tests.test_iter210_clips_feed" name="test_share_counter_anonymous" time="0.119" /><testcase classname="backend.tests.test_iter210_clips_feed" name="test_view_invalid_clip_404" time="0.116" /><testcase classname="backend.tests.test_iter210_clips_feed" name="test_like_requires_auth" time="0.112" /><testcase classname="backend.tests.test_iter210_clips_feed" name="test_like_toggle_on_then_off" time="0.329" /><testcase classname="backend.tests.test_iter210_clips_feed" name="test_save_toggle_and_my_saved_list" time="0.412" /><testcase classname="backend.tests.test_iter210_clips_feed" name="test_saved_requires_auth" time="0.126" /><testcase classname="backend.tests.test_iter210_clips_feed" name="test_admin_seed_status" time="0.133" /><testcase classname="backend.tests.test_iter210_clips_feed" name="test_admin_seed_status_requires_admin" time="0.114" /><testcase classname="backend.tests.test_iter210_clips_feed" name="test_admin_seed_purge_only_purges_seeds" time="0.234" /><testcase classname="backend.tests.test_iter210_clips_feed" name="test_zz_maker_delete_clip" time="0.227" /><testcase classname="backend.tests.test_iter210_clips_feed" name="test_zz_maker_delete_not_yours_returns_404" time="0.117" /></testsuite></testsuites>