<?xml version="1.0" encoding="utf-8"?><testsuites name="pytest tests"><testsuite name="pytest" errors="0" failures="1" skipped="0" tests="16" time="4.371" timestamp="2026-04-26T19:26:26.909669+00:00" hostname="agent-env-da415db6-4cc4-4a72-a064-87776e08c06a"><testcase classname="tests.test_settings.TestPublicSettings" name="test_public_get_no_auth" time="0.579" /><testcase classname="tests.test_settings.TestAdminSettings" name="test_admin_get_requires_auth" time="0.108" /><testcase classname="tests.test_settings.TestAdminSettings" name="test_admin_get_ok" time="0.161" /><testcase classname="tests.test_settings.TestAdminSettings" name="test_patch_maintenance_round_trip" time="0.387" /><testcase classname="tests.test_settings.TestAdminSettings" name="test_patch_idle_minutes_validation" time="0.255" /><testcase classname="tests.test_settings.TestAdminSettings" name="test_patch_empty_400" time="0.109" /><testcase classname="tests.test_settings.TestBetaFeedback" name="test_post_when_disabled_403" time="0.243" /><testcase classname="tests.test_settings.TestBetaFeedback" name="test_post_when_enabled_200_and_admin_inbox" time="0.696" /><testcase classname="tests.test_settings.TestBetaFeedback" name="test_resolve_404_for_unknown" time="0.143" /><testcase classname="tests.test_settings.TestMakerApplicationGate" name="test_apply_blocked_when_disabled" time="0.342" /><testcase classname="tests.test_settings.TestMakerApplicationGate" name="test_apply_allowed_when_enabled" time="0.251" /><testcase classname="tests.test_settings.TestIdleClear" name="test_clear_idle_endpoint" time="0.107" /><testcase classname="tests.test_settings.TestIdleClear" name="test_clear_idle_requires_auth" time="0.103" /><testcase classname="tests.test_settings.TestHardClearAuth" name="test_clear_all_requires_admin" time="0.123" /><testcase classname="tests.test_settings.TestLiveChatGate" name="test_ws_rejected_when_disabled" time="0.400" /><testcase classname="tests.test_settings.TestChannels" name="test_eleven_channels_supported" time="0.253"><failure message="AssertionError: general: 404&#10;assert 404 in (200, 401, 403)&#10; +  where 404 = &lt;Response [404]&gt;.status_code">tests/test_settings.py:236: in test_eleven_channels_supported
    assert r.status_code in (200, 401, 403), f"{ch}: {r.status_code}"
E   AssertionError: general: 404
E   assert 404 in (200, 401, 403)
E    +  where 404 = &lt;Response [404]&gt;.status_code</failure></testcase></testsuite></testsuites>