<?xml version="1.0" encoding="utf-8"?><testsuites name="pytest tests"><testsuite name="pytest" errors="0" failures="0" skipped="0" tests="13" time="3.381" timestamp="2026-05-10T12:05:14.715151+00:00" hostname="agent-env-da415db6-4cc4-4a72-a064-87776e08c06a"><testcase classname="tests.test_iter137_maker_journal.TestBlogFeed" name="test_blog_returns_at_least_9_posts" time="0.234" /><testcase classname="tests.test_iter137_maker_journal.TestBlogFeed" name="test_blog_includes_new_seed_titles" time="0.126" /><testcase classname="tests.test_iter137_maker_journal.TestAuth" name="test_post_requires_auth" time="0.127" /><testcase classname="tests.test_iter137_maker_journal.TestValidation" name="test_title_too_short" time="0.101" /><testcase classname="tests.test_iter137_maker_journal.TestValidation" name="test_excerpt_too_short" time="0.100" /><testcase classname="tests.test_iter137_maker_journal.TestValidation" name="test_body_too_short" time="0.098" /><testcase classname="tests.test_iter137_maker_journal.TestValidation" name="test_cover_invalid_scheme" time="0.106" /><testcase classname="tests.test_iter137_maker_journal.TestValidation" name="test_body_too_long" time="0.166" /><testcase classname="tests.test_iter137_maker_journal.TestCreatePersist" name="test_create_and_appears_in_blog_and_mine" time="0.507" /><testcase classname="tests.test_iter137_maker_journal.TestCreatePersist" name="test_mine_returns_only_own" time="0.343" /><testcase classname="tests.test_iter137_maker_journal.TestDelete" name="test_delete_seed_post_404" time="0.204" /><testcase classname="tests.test_iter137_maker_journal.TestDelete" name="test_delete_other_makers_post_404" time="0.337" /><testcase classname="tests.test_iter137_maker_journal.TestSlugUniqueness" name="test_collision_appends_suffix" time="0.662" /></testsuite></testsuites>