<?xml version="1.0" encoding="utf-8"?><testsuites name="pytest tests"><testsuite name="pytest" errors="0" failures="0" skipped="0" tests="7" time="0.787" timestamp="2026-05-26T15:17:02.207691+00:00" hostname="agent-env-da415db6-4cc4-4a72-a064-87776e08c06a"><testcase classname="backend.tests.test_iter232_grow_traction.TestGrowTractionSchema" name="test_status_200" time="0.297" /><testcase classname="backend.tests.test_iter232_grow_traction.TestGrowTractionSchema" name="test_all_required_keys_present" time="0.047" /><testcase classname="backend.tests.test_iter232_grow_traction.TestGrowTractionSchema" name="test_values_are_non_negative_integers" time="0.050" /><testcase classname="backend.tests.test_iter232_grow_traction.TestGrowTractionSchema" name="test_roadmap_pct_in_range" time="0.047" /><testcase classname="backend.tests.test_iter232_grow_traction.TestGrowTractionSchema" name="test_makers_total_gte_founding" time="0.044" /><testcase classname="backend.tests.test_iter232_grow_traction.TestGrowTractionCache" name="test_second_call_identical_payload" time="0.125" /><testcase classname="backend.tests.test_iter232_grow_traction.TestGrowTractionCache" name="test_second_call_fast" time="0.099" /></testsuite></testsuites>