<?xml version="1.0" encoding="utf-8"?><testsuites name="pytest tests"><testsuite name="pytest" errors="0" failures="0" skipped="0" tests="29" time="5.784" timestamp="2026-07-04T20:50:37.199275+00:00" hostname="agent-env-da415db6-4cc4-4a72-a064-87776e08c06a"><testcase classname="tests.test_iter418_founder_closeout" name="test_public_settings_exposes_new_keys" time="0.029" /><testcase classname="tests.test_iter418_founder_closeout" name="test_slots_detail_requires_admin" time="0.003" /><testcase classname="tests.test_iter418_founder_closeout" name="test_slots_detail_shape" time="0.042" /><testcase classname="tests.test_iter418_founder_closeout" name="test_review_returns_rows_with_signals" time="0.048" /><testcase classname="tests.test_iter418_founder_closeout" name="test_gate_toggle_updates_public_settings" time="0.107" /><testcase classname="tests.test_iter418_founder_closeout" name="test_downgrade_moves_founder_to_free_and_audits" time="0.150" /><testcase classname="tests.test_iter419_command_center" name="test_normalize_query_basic" time="0.006" /><testcase classname="tests.test_iter419_command_center" name="test_search_logging_from_products_endpoint" time="0.005" /><testcase classname="tests.test_iter419_command_center" name="test_zero_result_endpoint_groups_by_normalized_query" time="0.008" /><testcase classname="tests.test_iter419_command_center" name="test_annotate_hides_query" time="0.015" /><testcase classname="tests.test_iter419_command_center" name="test_growth_endpoint_shape" time="0.011" /><testcase classname="tests.test_iter419_command_center" name="test_activity_endpoint_only_returns_momentum_kinds" time="0.007" /><testcase classname="tests.test_iter419_command_center" name="test_recruitment_endpoint_returns_zero_result_queries" time="0.007" /><testcase classname="tests.test_iter419_command_center" name="test_admin_endpoints_require_auth" time="0.007" /><testcase classname="tests.test_iter420_commerce_pulse" name="test_live_revenue_shape" time="0.028" /><testcase classname="tests.test_iter420_commerce_pulse" name="test_cart_abandonment_shape_and_splits" time="0.009" /><testcase classname="tests.test_iter420_commerce_pulse" name="test_trending_products_requires_min_volume" time="0.008" /><testcase classname="tests.test_iter420_commerce_pulse" name="test_top_searches_ranks_by_volume_and_flags_zero_result" time="0.010" /><testcase classname="tests.test_iter420_commerce_pulse" name="test_all_commerce_endpoints_require_auth" time="0.007" /><testcase classname="tests.test_iter421_maker_health" name="test_perfect_maker_scores_5_stars" time="0.007" /><testcase classname="tests.test_iter421_maker_health" name="test_dormant_maker_scores_1_star" time="0.000" /><testcase classname="tests.test_iter421_maker_health" name="test_needs_attention_band" time="0.000" /><testcase classname="tests.test_iter421_maker_health" name="test_completeness_breakdown_records_missing_fields" time="0.000" /><testcase classname="tests.test_iter421_maker_health" name="test_review_endpoint_includes_health" time="0.053" /><testcase classname="tests.test_iter421b_audit_and_timeline" name="test_downgrade_writes_health_snapshot_to_audit" time="0.071" /><testcase classname="tests.test_iter421b_audit_and_timeline" name="test_timeline_endpoint_shape" time="0.009" /><testcase classname="tests.test_iter421b_audit_and_timeline" name="test_timeline_composes_end_to_end" time="0.013" /><testcase classname="tests.test_iter421b_audit_and_timeline" name="test_timeline_requires_auth" time="0.002" /><testcase classname="tests.test_iter421b_audit_and_timeline" name="test_timeline_404_for_unknown_slug" time="0.005" /></testsuite></testsuites>