<?xml version="1.0" encoding="utf-8"?><testsuites name="pytest tests"><testsuite name="pytest" errors="0" failures="0" skipped="0" tests="20" time="8.601" timestamp="2026-04-26T03:29:25.908470+00:00" hostname="agent-env-da415db6-4cc4-4a72-a064-87776e08c06a"><testcase classname="backend.tests.test_iter8_stripe_connect.TestAIMemory" name="test_session_memory_remembers_color" time="4.899" /><testcase classname="backend.tests.test_iter8_stripe_connect.TestStripeConnectAuth" name="test_status_no_jwt_401" time="0.047" /><testcase classname="backend.tests.test_iter8_stripe_connect.TestStripeConnectAuth" name="test_onboard_no_jwt_401" time="0.046" /><testcase classname="backend.tests.test_iter8_stripe_connect.TestStripeConnectAuth" name="test_dashboard_link_no_jwt_401" time="0.045" /><testcase classname="backend.tests.test_iter8_stripe_connect.TestStripeConnectAuth" name="test_status_with_admin_jwt_403" time="0.351" /><testcase classname="backend.tests.test_iter8_stripe_connect.TestStripeConnectAuth" name="test_status_with_buyer_jwt_403" time="0.153" /><testcase classname="backend.tests.test_iter8_stripe_connect.TestStripeConnectAuth" name="test_payouts_no_jwt_401" time="0.046" /><testcase classname="backend.tests.test_iter8_stripe_connect.TestStripeConnectAuth" name="test_payouts_with_buyer_jwt_403" time="0.048" /><testcase classname="backend.tests.test_iter8_stripe_connect.TestStripeConnectStatus" name="test_status_shape" time="0.643" /><testcase classname="backend.tests.test_iter8_stripe_connect.TestStripeConnectStatus" name="test_dashboard_link_400_when_no_account" time="0.146" /><testcase classname="backend.tests.test_iter8_stripe_connect.TestStripeConnectOnboard" name="test_onboard_returns_url_and_account_id" time="0.393" /><testcase classname="backend.tests.test_iter8_stripe_connect.TestStripeConnectOnboard" name="test_onboard_idempotent_account_id" time="0.373" /><testcase classname="backend.tests.test_iter8_stripe_connect.TestStripeConnectOnboard" name="test_dashboard_link_after_onboard_or_400" time="0.312" /><testcase classname="backend.tests.test_iter8_stripe_connect.TestCheckoutTransferGroup" name="test_session_has_transfer_group" time="0.752" /><testcase classname="backend.tests.test_iter8_stripe_connect.TestTransferDeferredPath" name="test_deferred_when_maker_has_no_stripe_account" time="0.022" /><testcase classname="backend.tests.test_iter8_stripe_connect.TestMakerPayoutsList" name="test_list_returns_only_my_rows" time="0.050" /><testcase classname="backend.tests.test_iter8_stripe_connect.TestIter7Regression" name="test_admin_analytics_still_loads" time="0.055" /><testcase classname="backend.tests.test_iter8_stripe_connect.TestIter7Regression" name="test_admin_listings_still_loads" time="0.046" /><testcase classname="backend.tests.test_iter8_stripe_connect.TestIter7Regression" name="test_admin_users_still_loads" time="0.051" /><testcase classname="backend.tests.test_iter8_stripe_connect.TestIter7Regression" name="test_showcase_list_still_loads" time="0.049" /></testsuite></testsuites>