<?xml version="1.0" encoding="utf-8"?><testsuites name="pytest tests"><testsuite name="pytest" errors="0" failures="0" skipped="0" tests="14" time="1.287" timestamp="2026-06-02T01:04:31.999720+00:00" hostname="agent-env-da415db6-4cc4-4a72-a064-87776e08c06a"><testcase classname="tests.test_iter315_listing_budgets" name="test_maker_upsert_read_delete_budget" time="0.584" /><testcase classname="tests.test_iter315_listing_budgets" name="test_owner_gating_rejects_other_makers_product" time="0.164" /><testcase classname="tests.test_iter315_listing_budgets" name="test_draft_listing_rejected" time="0.136" /><testcase classname="tests.test_iter315_listing_budgets" name="test_renew_tick_charges_and_increments_spent" time="0.019" /><testcase classname="tests.test_iter315_listing_budgets" name="test_renew_tick_respects_cap" time="0.007" /><testcase classname="tests.test_iter315_listing_budgets" name="test_renew_tick_skips_listings_still_boosted_over_24h" time="0.007" /><testcase classname="tests.test_iter315c_gpc_auto_map" name="test_signs_and_address_numbers" time="0.000" /><testcase classname="tests.test_iter315c_gpc_auto_map" name="test_weddings_maps_to_wedding_decor" time="0.000" /><testcase classname="tests.test_iter315c_gpc_auto_map" name="test_outdoor_maps_to_garden_art_not_default" time="0.000" /><testcase classname="tests.test_iter315c_gpc_auto_map" name="test_seasonal_holiday_maps_correctly" time="0.000" /><testcase classname="tests.test_iter315c_gpc_auto_map" name="test_furniture_not_caught_by_urn_substring" time="0.000" /><testcase classname="tests.test_iter315c_gpc_auto_map" name="test_kitchen_and_lighting_have_dedicated_branches" time="0.000" /><testcase classname="tests.test_iter315c_gpc_auto_map" name="test_memorial_maps_to_plaques" time="0.000" /><testcase classname="tests.test_iter315c_gpc_auto_map" name="test_all_known_categories_yield_3plus_levels" time="0.000" /></testsuite></testsuites>