<?xml version="1.0" encoding="utf-8"?><testsuites name="pytest tests"><testsuite name="pytest" errors="0" failures="0" skipped="0" tests="6" time="2.232" timestamp="2026-04-30T04:51:32.130598+00:00" hostname="agent-env-da415db6-4cc4-4a72-a064-87776e08c06a"><testcase classname="backend.tests.test_iter58_checkout_min_total" name="test_below_min_total_returns_400_with_friendly_msg" time="0.232" /><testcase classname="backend.tests.test_iter58_checkout_min_total" name="test_qty_stack_above_min_returns_200" time="0.819" /><testcase classname="backend.tests.test_iter58_checkout_min_total" name="test_high_price_returns_stripe_url" time="0.719" /><testcase classname="backend.tests.test_iter58_checkout_min_total" name="test_empty_cart_returns_400" time="0.150" /><testcase classname="backend.tests.test_iter58_checkout_min_total" name="test_policy_not_accepted_returns_400" time="0.114" /><testcase classname="backend.tests.test_iter58_checkout_min_total" name="test_invalid_discount_code_returns_400" time="0.126" /></testsuite></testsuites>