<?xml version="1.0" encoding="utf-8"?><testsuites name="pytest tests"><testsuite name="pytest" errors="0" failures="1" skipped="0" tests="9" time="7.651" timestamp="2026-04-28T18:01:19.530095+00:00" hostname="agent-env-da415db6-4cc4-4a72-a064-87776e08c06a"><testcase classname="tests.test_iter44_bulk_purge.TestPurgeHappyPath" name="test_purge_after_archive" time="0.741" /><testcase classname="tests.test_iter44_bulk_purge.TestPurgeErrorGates" name="test_purge_live_listing_400" time="0.517" /><testcase classname="tests.test_iter44_bulk_purge.TestPurgeErrorGates" name="test_purge_unknown_slug_404" time="0.127" /><testcase classname="tests.test_iter44_bulk_purge.TestPurgeErrorGates" name="test_purge_other_maker_403" time="0.525" /><testcase classname="tests.test_iter44_bulk_purge.TestPurgeErrorGates" name="test_purge_no_auth_401_or_403" time="0.561" /><testcase classname="tests.test_iter44_bulk_purge.TestPurgeErrorGates" name="test_purge_with_order_history_400" time="0.539"><failure message="AssertionError: CRITICAL — order-history gate broken. expected 400, got 200 {&quot;purged&quot;:true,&quot;slug&quot;:&quot;carved-oak-wedding-monogram&quot;}. Likely fix: query payment_transactions by items.product_id, not items.slug.&#10;assert 200 == 400&#10; +  where 200 = &lt;Response [200]&gt;.status_code">E   AssertionError: CRITICAL — order-history gate broken. expected 400, got 200 {"purged":true,"slug":"carved-oak-wedding-monogram"}. Likely fix: query payment_transactions by items.product_id, not items.slug.
    assert 200 == 400
     +  where 200 = &lt;Response [200]&gt;.status_code</failure></testcase><testcase classname="tests.test_iter44_bulk_purge.TestSoftDeleteAndRestore" name="test_soft_delete_then_restore_roundtrip" time="0.863" /><testcase classname="tests.test_iter44_bulk_purge.TestSoftDeleteAndRestore" name="test_soft_delete_other_maker_403" time="0.511" /><testcase classname="tests.test_iter44_bulk_purge.TestBulkScenario" name="test_bulk_restore_and_purge_sequence" time="2.996" /></testsuite></testsuites>