<?xml version="1.0" encoding="utf-8"?><testsuites name="pytest tests"><testsuite name="pytest" errors="0" failures="0" skipped="0" tests="8" time="3.337" timestamp="2026-06-07T00:47:56.852363+00:00" hostname="agent-env-da415db6-4cc4-4a72-a064-87776e08c06a"><testcase classname="tests.test_iter335l_maker_leaderboard" name="test_leaderboard_empty_when_no_activity" time="3.174" /><testcase classname="tests.test_iter335l_maker_leaderboard" name="test_leaderboard_returns_503_when_disabled" time="0.006" /><testcase classname="tests.test_iter335l_maker_leaderboard" name="test_leaderboard_ranks_by_composite_score" time="0.013" /><testcase classname="tests.test_iter335l_maker_leaderboard" name="test_leaderboard_excludes_rejected_makers" time="0.008" /><testcase classname="tests.test_iter335l_maker_leaderboard" name="test_leaderboard_respects_window_param" time="0.011" /><testcase classname="tests.test_iter335l_maker_leaderboard" name="test_leaderboard_carries_veteran_flag_and_image" time="0.007" /><testcase classname="tests.test_iter335l_maker_leaderboard" name="test_public_settings_exposes_leaderboard_enabled" time="0.005" /><testcase classname="tests.test_iter335l_maker_leaderboard" name="test_admin_can_toggle_leaderboard" time="0.009" /></testsuite></testsuites>