<?xml version="1.0" encoding="utf-8"?><testsuites name="pytest tests"><testsuite name="pytest" errors="0" failures="0" skipped="0" tests="7" time="1.824" timestamp="2026-04-30T03:43:13.222412+00:00" hostname="agent-env-da415db6-4cc4-4a72-a064-87776e08c06a"><testcase classname="backend.tests.test_iter57_print_brief" name="test_no_auth_returns_401_or_403" time="0.265" /><testcase classname="backend.tests.test_iter57_print_brief" name="test_get_assigned_brief_returns_200" time="0.522" /><testcase classname="backend.tests.test_iter57_print_brief" name="test_get_assigned_brief_status_is_won_bid" time="0.142" /><testcase classname="backend.tests.test_iter57_print_brief" name="test_unknown_brief_returns_404" time="0.126" /><testcase classname="backend.tests.test_iter57_print_brief" name="test_other_maker_cannot_fetch_brief" time="0.323" /><testcase classname="backend.tests.test_iter57_print_brief" name="test_briefs_list_still_works" time="0.235" /><testcase classname="backend.tests.test_iter57_print_brief" name="test_public_track_still_works" time="0.133" /></testsuite></testsuites>