<?xml version="1.0" encoding="utf-8"?><testsuites name="pytest tests"><testsuite name="pytest" errors="0" failures="0" skipped="0" tests="11" time="3.173" timestamp="2026-06-28T01:22:23.802341+00:00" hostname="agent-env-da415db6-4cc4-4a72-a064-87776e08c06a"><testcase classname="tests.test_iter413dh_activation_funnel" name="test_activation_funnel_founder_cohort_200" time="2.767" /><testcase classname="tests.test_iter413dh_activation_funnel" name="test_activation_funnel_all_8_stages" time="0.015" /><testcase classname="tests.test_iter413dh_activation_funnel" name="test_activation_funnel_monotonic_counts" time="0.016" /><testcase classname="tests.test_iter413dh_activation_funnel" name="test_activation_funnel_all_approved_cohort" time="0.028" /><testcase classname="tests.test_iter413dh_activation_funnel" name="test_ttfl_shape" time="0.013" /><testcase classname="tests.test_iter413dh_activation_funnel" name="test_early_promotion_trigger_shape" time="0.013" /><testcase classname="tests.test_iter413dh_activation_funnel" name="test_rows_have_required_fields" time="0.016" /><testcase classname="tests.test_iter413dh_activation_funnel" name="test_include_rows_false" time="0.014" /><testcase classname="tests.test_iter413dh_activation_funnel" name="test_activation_funnel_requires_admin_auth" time="0.004" /><testcase classname="tests.test_iter413dh_activation_funnel" name="test_activation_funnel_rejects_bogus_jwt" time="0.003" /><testcase classname="tests.test_iter413dh_activation_funnel" name="test_no_post_mutation_endpoint" time="0.013" /></testsuite></testsuites>