<?xml version="1.0" encoding="utf-8"?><testsuites name="pytest tests"><testsuite name="pytest" errors="0" failures="0" skipped="0" tests="7" time="2.470" timestamp="2026-06-26T21:30:44.100357+00:00" hostname="agent-env-da415db6-4cc4-4a72-a064-87776e08c06a"><testcase classname="tests.test_iter413cl_founder_custom_url" name="test_founder_can_read_custom_url_endpoint" time="0.735" /><testcase classname="tests.test_iter413cl_founder_custom_url" name="test_founder_can_claim_vanity_url_and_resolve" time="0.288" /><testcase classname="tests.test_iter413cl_founder_custom_url" name="test_standard_maker_still_blocked" time="0.155" /><testcase classname="tests.test_custom_url" name="test_custom_url_locked_for_free_tier" time="0.196" /><testcase classname="tests.test_custom_url" name="test_custom_url_check_rejects_reserved_and_short" time="0.266" /><testcase classname="tests.test_custom_url" name="test_custom_url_claim_and_resolve_roundtrip" time="0.360" /><testcase classname="tests.test_custom_url" name="test_vanity_url_stops_resolving_when_plus_lapses" time="0.371" /></testsuite></testsuites>