<?xml version="1.0" encoding="utf-8"?><testsuites name="pytest tests"><testsuite name="pytest" errors="0" failures="0" skipped="0" tests="33" time="5.536" timestamp="2026-07-11T18:54:58.994495+00:00" hostname="agent-env-da415db6-4cc4-4a72-a064-87776e08c06a"><testcase classname="tests.test_iter452_live_smart_analytics.TestSmartSections" name="test_maker_smart_sections_9_rows" time="1.034" /><testcase classname="tests.test_iter452_live_smart_analytics.TestSmartSections" name="test_maker_smart_sections_requires_auth" time="0.110" /><testcase classname="tests.test_iter452_live_smart_analytics.TestSmartSections" name="test_admin_cant_access_maker_smart_sections" time="0.276" /><testcase classname="tests.test_iter452_live_smart_analytics.TestSmartSections" name="test_patch_unknown_key_404" time="0.120" /><testcase classname="tests.test_iter452_live_smart_analytics.TestSmartSections" name="test_patch_auto_key_rejects_product_slugs" time="0.112" /><testcase classname="tests.test_iter452_live_smart_analytics.TestSmartSections" name="test_patch_toggle_and_revert" time="0.467" /><testcase classname="tests.test_iter452_live_smart_analytics.TestSmartSections" name="test_patch_manual_key_dedups_and_ownership" time="0.228" /><testcase classname="tests.test_iter452_live_smart_analytics.TestSmartSections" name="test_public_smart_sections_returns_enabled_only" time="0.109" /><testcase classname="tests.test_iter452_live_smart_analytics.TestStoreEvents" name="test_ingest_batch_accepts_whitelisted" time="0.113" /><testcase classname="tests.test_iter452_live_smart_analytics.TestStoreEvents" name="test_ingest_filters_bad_types" time="0.112" /><testcase classname="tests.test_iter452_live_smart_analytics.TestStoreEvents" name="test_ingest_bot_ua_filtered" time="0.105" /><testcase classname="tests.test_iter452_live_smart_analytics.TestAnalyticsMaker" name="test_requires_maker_auth[/api/maker/analytics/overview]" time="0.120" /><testcase classname="tests.test_iter452_live_smart_analytics.TestAnalyticsMaker" name="test_requires_maker_auth[/api/maker/analytics/sections]" time="0.111" /><testcase classname="tests.test_iter452_live_smart_analytics.TestAnalyticsMaker" name="test_requires_maker_auth[/api/maker/analytics/products]" time="0.112" /><testcase classname="tests.test_iter452_live_smart_analytics.TestAnalyticsMaker" name="test_requires_maker_auth[/api/maker/analytics/search-insights]" time="0.114" /><testcase classname="tests.test_iter452_live_smart_analytics.TestAnalyticsMaker" name="test_requires_maker_auth[/api/maker/analytics/recommendations]" time="0.107" /><testcase classname="tests.test_iter452_live_smart_analytics.TestAnalyticsMaker" name="test_admin_cant_access[/api/maker/analytics/overview]" time="0.109" /><testcase classname="tests.test_iter452_live_smart_analytics.TestAnalyticsMaker" name="test_admin_cant_access[/api/maker/analytics/sections]" time="0.103" /><testcase classname="tests.test_iter452_live_smart_analytics.TestAnalyticsMaker" name="test_admin_cant_access[/api/maker/analytics/products]" time="0.108" /><testcase classname="tests.test_iter452_live_smart_analytics.TestAnalyticsMaker" name="test_admin_cant_access[/api/maker/analytics/search-insights]" time="0.101" /><testcase classname="tests.test_iter452_live_smart_analytics.TestAnalyticsMaker" name="test_overview_shape_and_deltas" time="0.127" /><testcase classname="tests.test_iter452_live_smart_analytics.TestAnalyticsMaker" name="test_overview_range_validation" time="0.113" /><testcase classname="tests.test_iter452_live_smart_analytics.TestAnalyticsMaker" name="test_overview_valid_days[7]" time="0.121" /><testcase classname="tests.test_iter452_live_smart_analytics.TestAnalyticsMaker" name="test_overview_valid_days[30]" time="0.110" /><testcase classname="tests.test_iter452_live_smart_analytics.TestAnalyticsMaker" name="test_overview_valid_days[90]" time="0.125" /><testcase classname="tests.test_iter452_live_smart_analytics.TestAnalyticsMaker" name="test_sections_returns_rows" time="0.136" /><testcase classname="tests.test_iter452_live_smart_analytics.TestAnalyticsMaker" name="test_products_seven_lists" time="0.112" /><testcase classname="tests.test_iter452_live_smart_analytics.TestAnalyticsMaker" name="test_search_insights_shape" time="0.108" /><testcase classname="tests.test_iter452_live_smart_analytics.TestAnalyticsMaker" name="test_recommendations_shape_and_priority" time="0.150" /><testcase classname="tests.test_iter452_live_smart_analytics.TestAnalyticsMaker" name="test_recommendations_ai_summary_when_present" time="0.124" /><testcase classname="tests.test_iter452_live_smart_analytics.TestMarketplaceTrends" name="test_requires_admin" time="0.112" /><testcase classname="tests.test_iter452_live_smart_analytics.TestMarketplaceTrends" name="test_maker_cant_access" time="0.120" /><testcase classname="tests.test_iter452_live_smart_analytics.TestMarketplaceTrends" name="test_admin_shape" time="0.165" /></testsuite></testsuites>