<?xml version="1.0" encoding="utf-8"?><testsuites name="pytest tests"><testsuite name="pytest" errors="0" failures="0" skipped="0" tests="7" time="9.332" timestamp="2026-06-27T15:58:40.280316+00:00" hostname="agent-env-da415db6-4cc4-4a72-a064-87776e08c06a"><testcase classname="tests.test_iter413cx_listing_video_phase1" name="test_capabilities_flipped_to_enabled" time="0.482" /><testcase classname="tests.test_iter413cx_listing_video_phase1" name="test_compass_now_answers_video_supported" time="4.574" /><testcase classname="tests.test_iter413cx_listing_video_phase1" name="test_upload_requires_auth" time="0.312" /><testcase classname="tests.test_iter413cx_listing_video_phase1" name="test_upload_rejects_non_video_mime" time="0.140" /><testcase classname="tests.test_iter413cx_listing_video_phase1" name="test_upload_rejects_oversized" time="3.004" /><testcase classname="tests.test_iter413cx_listing_video_phase1" name="test_upload_rejects_over_duration" time="0.184" /><testcase classname="tests.test_iter413cx_listing_video_phase1" name="test_upload_accepts_valid_mp4" time="0.552" /></testsuite></testsuites>