<?xml version="1.0" encoding="utf-8"?><testsuites name="pytest tests"><testsuite name="pytest" errors="0" failures="0" skipped="0" tests="11" time="0.872" timestamp="2026-06-25T21:21:46.032079+00:00" hostname="agent-env-da415db6-4cc4-4a72-a064-87776e08c06a"><testcase classname="tests.test_tiktok_pixel_iter413ci" name="test_pixel_js_status_200" time="0.513" /><testcase classname="tests.test_tiktok_pixel_iter413ci" name="test_pixel_js_content_type_is_javascript" time="0.000" /><testcase classname="tests.test_tiktok_pixel_iter413ci" name="test_pixel_js_contains_literal_ttq_load" time="0.000" /><testcase classname="tests.test_tiktok_pixel_iter413ci" name="test_pixel_js_not_minified_to_alias" time="0.001" /><testcase classname="tests.test_tiktok_pixel_iter413ci" name="test_pixel_js_contains_ttq_page_call" time="0.000" /><testcase classname="tests.test_tiktok_pixel_iter413ci" name="test_homepage_status_200" time="0.146" /><testcase classname="tests.test_tiktok_pixel_iter413ci" name="test_homepage_references_external_pixel_script" time="0.000" /><testcase classname="tests.test_tiktok_pixel_iter413ci" name="test_homepage_noscript_fallback_with_pixel_id" time="0.000" /><testcase classname="tests.test_tiktok_pixel_iter413ci" name="test_ga4_gtag_still_present" time="0.000" /><testcase classname="tests.test_tiktok_pixel_iter413ci" name="test_ms_uet_still_present" time="0.000" /><testcase classname="tests.test_tiktok_pixel_iter413ci" name="test_robots_does_not_block_pixel_js" time="0.135" /></testsuite></testsuites>