<?xml version="1.0" encoding="utf-8"?><testsuites name="pytest tests"><testsuite name="pytest" errors="0" failures="0" skipped="0" tests="16" time="4.316" timestamp="2026-04-30T01:44:48.785350+00:00" hostname="agent-env-da415db6-4cc4-4a72-a064-87776e08c06a"><testcase classname="tests.test_iter51_autoboost_feedback_reply.TestAutoBoostStatus" name="test_status_shape" time="2.947" /><testcase classname="tests.test_iter51_autoboost_feedback_reply.TestAutoBoostStatus" name="test_status_requires_auth" time="0.104" /><testcase classname="tests.test_iter51_autoboost_feedback_reply.TestAutoBoostUpdate" name="test_toggle_enabled_persists" time="0.197" /><testcase classname="tests.test_iter51_autoboost_feedback_reply.TestAutoBoostUpdate" name="test_min_orders_clamped_low" time="0.053" /><testcase classname="tests.test_iter51_autoboost_feedback_reply.TestAutoBoostUpdate" name="test_min_orders_clamped_high" time="0.053" /><testcase classname="tests.test_iter51_autoboost_feedback_reply.TestAutoBoostUpdate" name="test_max_per_run_clamped_low" time="0.050" /><testcase classname="tests.test_iter51_autoboost_feedback_reply.TestAutoBoostUpdate" name="test_max_per_run_clamped_high" time="0.051" /><testcase classname="tests.test_iter51_autoboost_feedback_reply.TestAutoBoostUpdate" name="test_empty_body_400" time="0.058" /><testcase classname="tests.test_iter51_autoboost_feedback_reply.TestAutoBoostUpdate" name="test_reset_to_defaults" time="0.058" /><testcase classname="tests.test_iter51_autoboost_feedback_reply.TestAdminFeedbackReply" name="test_reply_404_for_missing" time="0.149" /><testcase classname="tests.test_iter51_autoboost_feedback_reply.TestAdminFeedbackReply" name="test_reply_400_empty_subject" time="0.142" /><testcase classname="tests.test_iter51_autoboost_feedback_reply.TestAdminFeedbackReply" name="test_reply_400_empty_message" time="0.059" /><testcase classname="tests.test_iter51_autoboost_feedback_reply.TestAdminFeedbackReply" name="test_reply_marks_replied_and_resolved" time="0.062" /><testcase classname="tests.test_iter51_autoboost_feedback_reply.TestAdminFeedbackReply" name="test_reply_requires_auth" time="0.120" /><testcase classname="tests.test_iter51_autoboost_feedback_reply.TestRegressionSmoke" name="test_maker_me" time="0.058" /><testcase classname="tests.test_iter51_autoboost_feedback_reply.TestRegressionSmoke" name="test_admin_feedback_list" time="0.061" /></testsuite></testsuites>