<?xml version="1.0" encoding="utf-8"?><testsuites name="pytest tests"><testsuite name="pytest" errors="0" failures="0" skipped="0" tests="8" time="3.045" timestamp="2026-06-27T14:51:05.398061+00:00" hostname="agent-env-da415db6-4cc4-4a72-a064-87776e08c06a"><testcase classname="tests.test_iter413cs_deploy_watch" name="test_requires_admin" time="1.064" /><testcase classname="tests.test_iter413cs_deploy_watch" name="test_current_watch_shape" time="0.226" /><testcase classname="tests.test_iter413cs_deploy_watch" name="test_start_close_lifecycle_and_history" time="0.317" /><testcase classname="tests.test_iter413cs_deploy_watch" name="test_annotate_features_shipped" time="0.310" /><testcase classname="tests.test_iter413cs_deploy_watch" name="test_release_timeline_search" time="0.419" /><testcase classname="tests.test_iter413cs_deploy_watch" name="test_emerging_clusters_finds_new_post_watch" time="0.376" /><testcase classname="tests.test_iter413cs_deploy_watch" name="test_deploy_health_signal_severity_for_zero_baseline" time="0.108" /><testcase classname="tests.test_iter413cs_deploy_watch" name="test_close_expired_sweep_idempotent" time="0.146" /></testsuite></testsuites>