<?xml version="1.0" encoding="utf-8"?><testsuites name="pytest tests"><testsuite name="pytest" errors="0" failures="0" skipped="0" tests="12" time="0.296" timestamp="2026-04-26T13:31:21.007964+00:00" hostname="agent-env-da415db6-4cc4-4a72-a064-87776e08c06a"><testcase classname="tests.test_iter19_plus_offsite" name="test_plus_subscriber_uses_monthly_quota_not_lifetime" time="0.251" /><testcase classname="tests.test_iter19_plus_offsite" name="test_plus_subscriber_charges_after_15_in_a_month" time="0.002" /><testcase classname="tests.test_iter19_plus_offsite" name="test_commission_bps_for_plus_vs_free" time="0.000" /><testcase classname="tests.test_iter19_plus_offsite" name="test_fee_breakdown_plus_keeps_more_than_free" time="0.013" /><testcase classname="tests.test_iter19_plus_offsite" name="test_external_attribution_charges_extra_12pct" time="0.000" /><testcase classname="tests.test_iter19_plus_offsite" name="test_external_attribution_skipped_when_maker_opted_out" time="0.000" /><testcase classname="tests.test_revenue" name="test_first_10_listings_are_free_then_charge_kicks_in" time="0.002" /><testcase classname="tests.test_revenue" name="test_promotion_charge_accrues_weekly_fee" time="0.002" /><testcase classname="tests.test_revenue" name="test_settle_drains_pending_up_to_gross_amount" time="0.002" /><testcase classname="tests.test_revenue" name="test_settle_no_op_when_nothing_pending" time="0.002" /><testcase classname="tests.test_revenue" name="test_fee_breakdown_default_5_plus_3_percent" time="0.000" /><testcase classname="tests.test_revenue" name="test_expiry_iso_returns_utc_ts_120_days_ahead" time="0.000" /></testsuite></testsuites>