<?xml version="1.0" encoding="utf-8"?><testsuites name="pytest tests"><testsuite name="pytest" errors="0" failures="0" skipped="0" tests="12" time="5.309" timestamp="2026-04-30T12:04:56.623633+00:00" hostname="agent-env-da415db6-4cc4-4a72-a064-87776e08c06a"><testcase classname="backend.tests.test_shipping_shippo.TestFromAddress" name="test_get_from_address_configured" time="0.345" /><testcase classname="backend.tests.test_shipping_shippo.TestFromAddress" name="test_patch_from_address_validation" time="0.061" /><testcase classname="backend.tests.test_shipping_shippo.TestFromAddress" name="test_patch_from_address_persists" time="0.108" /><testcase classname="backend.tests.test_shipping_shippo.TestShippingDefaults" name="test_defaults_returns_all_three_blocks" time="0.064" /><testcase classname="backend.tests.test_shipping_shippo.TestShippingDefaults" name="test_defaults_cross_maker_isolation_404" time="0.058" /><testcase classname="backend.tests.test_shipping_shippo.TestShippingDefaults" name="test_defaults_unknown_session_404" time="0.057" /><testcase classname="backend.tests.test_shipping_shippo.TestShippingDefaults" name="test_defaults_unauthorized" time="0.118" /><testcase classname="backend.tests.test_shipping_shippo.TestRates" name="test_rates_status" time="1.870" /><testcase classname="backend.tests.test_shipping_shippo.TestRates" name="test_rates_shape" time="0.000" /><testcase classname="backend.tests.test_shipping_shippo.TestRates" name="test_rates_sorted_cheapest_first" time="0.000" /><testcase classname="backend.tests.test_shipping_shippo.TestRates" name="test_rates_cross_maker_404" time="0.063" /><testcase classname="backend.tests.test_shipping_shippo.TestBuyLabel" name="test_buy_label_usps_success" time="2.270" /></testsuite></testsuites>