<?xml version="1.0" encoding="utf-8"?><testsuites name="pytest tests"><testsuite name="pytest" errors="0" failures="0" skipped="0" tests="19" time="2.966" timestamp="2026-04-29T22:50:23.697312+00:00" hostname="agent-env-da415db6-4cc4-4a72-a064-87776e08c06a"><testcase classname="backend.tests.test_iter45_admin_lists_broadcast.TestApprovedMakers" name="test_returns_list" time="0.165" /><testcase classname="backend.tests.test_iter45_admin_lists_broadcast.TestApprovedMakers" name="test_requires_admin" time="0.120" /><testcase classname="backend.tests.test_iter45_admin_lists_broadcast.TestRejectedApps" name="test_returns_list" time="0.135" /><testcase classname="backend.tests.test_iter45_admin_lists_broadcast.TestRejectedApps" name="test_requires_admin" time="0.137" /><testcase classname="backend.tests.test_iter45_admin_lists_broadcast.TestPlusMembers" name="test_returns_list" time="0.106" /><testcase classname="backend.tests.test_iter45_admin_lists_broadcast.TestPlusMembers" name="test_requires_admin" time="0.125" /><testcase classname="backend.tests.test_iter45_admin_lists_broadcast.TestApplicantEmail" name="test_unknown_app_returns_404" time="0.116" /><testcase classname="backend.tests.test_iter45_admin_lists_broadcast.TestApplicantEmail" name="test_missing_subject_400" time="0.291" /><testcase classname="backend.tests.test_iter45_admin_lists_broadcast.TestApplicantEmail" name="test_subject_too_long_400" time="0.275" /><testcase classname="backend.tests.test_iter45_admin_lists_broadcast.TestBroadcastPreview" name="test_known_audiences_200[all_makers]" time="0.116" /><testcase classname="backend.tests.test_iter45_admin_lists_broadcast.TestBroadcastPreview" name="test_known_audiences_200[plus_makers]" time="0.107" /><testcase classname="backend.tests.test_iter45_admin_lists_broadcast.TestBroadcastPreview" name="test_known_audiences_200[beta_makers]" time="0.145" /><testcase classname="backend.tests.test_iter45_admin_lists_broadcast.TestBroadcastPreview" name="test_known_audiences_200[buyers]" time="0.126" /><testcase classname="backend.tests.test_iter45_admin_lists_broadcast.TestBroadcastPreview" name="test_known_audiences_200[applicants_pending]" time="0.121" /><testcase classname="backend.tests.test_iter45_admin_lists_broadcast.TestBroadcastPreview" name="test_known_audiences_200[everyone]" time="0.124" /><testcase classname="backend.tests.test_iter45_admin_lists_broadcast.TestBroadcastPreview" name="test_unknown_audience_400" time="0.127" /><testcase classname="backend.tests.test_iter45_admin_lists_broadcast.TestBroadcastSend" name="test_test_mode_send" time="0.134" /><testcase classname="backend.tests.test_iter45_admin_lists_broadcast.TestBroadcastSend" name="test_missing_subject_400" time="0.107" /><testcase classname="backend.tests.test_iter45_admin_lists_broadcast.TestBroadcastSend" name="test_unknown_audience_400" time="0.112" /></testsuite></testsuites>