<?xml version="1.0" encoding="utf-8"?><testsuites name="pytest tests"><testsuite name="pytest" errors="0" failures="0" skipped="0" tests="9" time="0.700" timestamp="2026-06-12T16:25:45.772269+00:00" hostname="agent-env-da415db6-4cc4-4a72-a064-87776e08c06a"><testcase classname="tests.test_iter380_variation_inventory_split" name="test_variant_group_tracks_inventory_default" time="0.149" /><testcase classname="tests.test_iter380_variation_inventory_split" name="test_cart_item_accepts_custom_option_ids" time="0.000" /><testcase classname="tests.test_iter380_variation_inventory_split" name="test_custom_options_summary_resolves_labels_and_delta" time="0.000" /><testcase classname="tests.test_iter380_variation_inventory_split" name="test_custom_options_summary_ignores_tracked_groups" time="0.000" /><testcase classname="tests.test_iter380_variation_inventory_split" name="test_custom_options_summary_empty" time="0.000" /><testcase classname="tests.test_iter380_variation_inventory_split" name="test_resolve_cart_requires_custom_pick" time="0.169" /><testcase classname="tests.test_iter380_variation_inventory_split" name="test_resolve_cart_prices_custom_pick_no_variant_needed" time="0.007" /><testcase classname="tests.test_iter380_variation_inventory_split" name="test_resolve_cart_combined_tracked_combo_plus_custom" time="0.008" /><testcase classname="tests.test_iter380_variation_inventory_split" name="test_resolve_cart_legacy_groups_unaffected" time="0.005" /></testsuite></testsuites>