<?xml version="1.0" encoding="utf-8"?><testsuites name="pytest tests"><testsuite name="pytest" errors="0" failures="0" skipped="0" tests="16" time="4.118" timestamp="2026-07-03T14:48:08.709640+00:00" hostname="agent-env-da415db6-4cc4-4a72-a064-87776e08c06a"><testcase classname="tests.test_iter331_homepage_rotation" name="test_public_endpoint_returns_scored_selection" time="0.760" /><testcase classname="tests.test_iter331_homepage_rotation" name="test_admin_config_defaults_and_patch_and_validation" time="0.495" /><testcase classname="tests.test_iter331_homepage_rotation" name="test_period_guard_prevents_impression_inflation" time="0.368" /><testcase classname="tests.test_iter331_homepage_rotation" name="test_fair_exposure_spreads_evenly_over_cycle" time="0.060" /><testcase classname="tests.test_iter331_homepage_rotation" name="test_excluded_slug_never_appears" time="0.617" /><testcase classname="tests.test_iter331_homepage_rotation" name="test_preview_endpoint_returns_full_scored_list" time="0.213" /><testcase classname="tests.test_iter331_homepage_rotation" name="test_activity_signals_contribute_to_score" time="0.002" /><testcase classname="tests.test_iter331_homepage_rotation" name="test_retuned_weights_defaults" time="0.000" /><testcase classname="tests.test_iter331_homepage_rotation" name="test_lifecycle_ineligibility_gates" time="0.017" /><testcase classname="tests.test_iter331_homepage_rotation" name="test_period_lock_survives_mid_period_activity" time="0.206" /><testcase classname="tests.test_iter331_homepage_rotation" name="test_refill_when_featured_maker_becomes_ineligible" time="0.214" /><testcase classname="tests.test_iter331_homepage_rotation" name="test_ledger_records_selection" time="0.133" /><testcase classname="tests.test_iter331_homepage_rotation" name="test_ledger_admin_endpoint" time="0.383" /><testcase classname="tests.test_iter331_homepage_rotation" name="test_growth_simulation_scales_and_stays_fair" time="0.332" /><testcase classname="tests.test_iter331_homepage_rotation" name="test_position_tagging_matches_tier_counts" time="0.123" /><testcase classname="tests.test_iter331_homepage_rotation" name="test_position_aware_impression_counters" time="0.129" /></testsuite></testsuites>