<?xml version="1.0" encoding="utf-8"?><testsuites name="pytest tests"><testsuite name="pytest" errors="0" failures="0" skipped="0" tests="6" time="1.987" timestamp="2026-07-03T13:35:14.920135+00:00" hostname="agent-env-da415db6-4cc4-4a72-a064-87776e08c06a"><testcase classname="tests.test_iter331_homepage_rotation_extras" name="test_admin_endpoints_require_admin_jwt" time="0.580" /><testcase classname="tests.test_iter331_homepage_rotation_extras" name="test_public_endpoint_no_auth_required" time="0.110" /><testcase classname="tests.test_iter331_homepage_rotation_extras" name="test_cadence_switch_daily_flips_period_key" time="0.527" /><testcase classname="tests.test_iter331_homepage_rotation_extras" name="test_impression_idempotency_http_5_hits" time="0.301" /><testcase classname="tests.test_iter331_homepage_rotation_extras" name="test_never_featured_bonus_and_founder_boost_scoring" time="0.016" /><testcase classname="tests.test_iter331_homepage_rotation_extras" name="test_eligibility_bio_removal_hides_maker" time="0.398" /></testsuite></testsuites>