<?xml version="1.0" encoding="utf-8"?><testsuites name="pytest tests"><testsuite name="pytest" errors="0" failures="0" skipped="0" tests="9" time="3.483" timestamp="2026-06-07T01:00:36.801757+00:00" hostname="agent-env-da415db6-4cc4-4a72-a064-87776e08c06a"><testcase classname="tests.test_iter335m_channel_split_and_theme_digest" name="test_channel_split_requires_auth" time="3.260" /><testcase classname="tests.test_iter335m_channel_split_and_theme_digest" name="test_channel_split_returns_cold_start_when_no_weights" time="0.011" /><testcase classname="tests.test_iter335m_channel_split_and_theme_digest" name="test_channel_split_normalizes_over_eligible_channels" time="0.008" /><testcase classname="tests.test_iter335m_channel_split_and_theme_digest" name="test_channel_split_equal_when_all_eligible_have_zero_weight" time="0.008" /><testcase classname="tests.test_iter335m_channel_split_and_theme_digest" name="test_send_ops_trending_themes_digest_skips_when_no_ops_email" time="0.004" /><testcase classname="tests.test_iter335m_channel_split_and_theme_digest" name="test_send_ops_trending_themes_digest_skips_empty" time="0.004" /><testcase classname="tests.test_iter335m_channel_split_and_theme_digest" name="test_send_ops_trending_themes_digest_sends_with_suggestions" time="0.004" /><testcase classname="tests.test_iter335m_channel_split_and_theme_digest" name="test_theme_digest_cron_idempotent" time="0.071" /><testcase classname="tests.test_iter335m_channel_split_and_theme_digest" name="test_theme_digest_cron_skips_below_threshold" time="0.005" /></testsuite></testsuites>