<?xml version="1.0" encoding="utf-8"?><testsuites name="pytest tests"><testsuite name="pytest" errors="0" failures="0" skipped="0" tests="9" time="1.794" timestamp="2026-04-30T03:05:23.228311+00:00" hostname="agent-env-da415db6-4cc4-4a72-a064-87776e08c06a"><testcase classname="backend.tests.test_iter54_maker_suggestions.TestAuthGating" name="test_requires_auth_401" time="0.424" /><testcase classname="backend.tests.test_iter54_maker_suggestions.TestAuthGating" name="test_rejects_maker_token_403" time="0.159" /><testcase classname="backend.tests.test_iter54_maker_suggestions.TestAuthGating" name="test_404_for_missing_order" time="0.127" /><testcase classname="backend.tests.test_iter54_maker_suggestions.TestResponseShape" name="test_returns_suggestions_and_keywords" time="0.119" /><testcase classname="backend.tests.test_iter54_maker_suggestions.TestResponseShape" name="test_keywords_lowercased" time="0.116" /><testcase classname="backend.tests.test_iter54_maker_suggestions.TestResponseShape" name="test_capped_at_8" time="0.111" /><testcase classname="backend.tests.test_iter54_maker_suggestions.TestResponseShape" name="test_sorted_by_score_desc" time="0.148" /><testcase classname="backend.tests.test_iter54_maker_suggestions.TestResponseShape" name="test_each_suggestion_has_required_fields" time="0.140" /><testcase classname="backend.tests.test_iter54_maker_suggestions.TestResponseShape" name="test_scoring_formula_consistency" time="0.179" /></testsuite></testsuites>