<?xml version="1.0" encoding="utf-8"?><testsuites name="pytest tests"><testsuite name="pytest" errors="0" failures="0" skipped="0" tests="7" time="1.941" timestamp="2026-06-22T23:19:00.010236+00:00" hostname="agent-env-da415db6-4cc4-4a72-a064-87776e08c06a"><testcase classname="tests.test_iter413ca_admin_impersonate" name="test_requires_admin_auth" time="0.479" /><testcase classname="tests.test_iter413ca_admin_impersonate" name="test_impersonate_maker_mints_clean_jwt" time="0.740" /><testcase classname="tests.test_iter413ca_admin_impersonate" name="test_impersonate_buyer_mints_buyer_jwt" time="0.154" /><testcase classname="tests.test_iter413ca_admin_impersonate" name="test_impersonate_blocks_admin_on_admin" time="0.108" /><testcase classname="tests.test_iter413ca_admin_impersonate" name="test_impersonate_rejects_banned_buyer" time="0.124" /><testcase classname="tests.test_iter413ca_admin_impersonate" name="test_impersonate_writes_audit_row" time="0.136" /><testcase classname="tests.test_iter413ca_admin_impersonate" name="test_invalid_target_type" time="0.109" /></testsuite></testsuites>