<?xml version="1.0" encoding="utf-8"?><testsuites name="pytest tests"><testsuite name="pytest" errors="0" failures="0" skipped="1" tests="8" time="19.469" timestamp="2026-06-27T14:22:55.809389+00:00" hostname="agent-env-da415db6-4cc4-4a72-a064-87776e08c06a"><testcase classname="tests.test_iter413cq_help_live_and_ratelimit" name="test_help_chat_video_question_reply_says_unsupported" time="10.460" /><testcase classname="tests.test_iter413cq_help_live_and_ratelimit" name="test_help_chat_bug_message_sets_cue_and_strips_marker" time="5.703" /><testcase classname="tests.test_iter413cq_help_live_and_ratelimit" name="test_help_report_issue_rate_limit_7th_call_blocked" time="0.826"><skipped type="pytest.xfail" message="Rate limit uses request.client.host which behind Kubernetes ingress may resolve to ingress IP / varying proxy IPs — rate-limit not triggered via public URL. Confirmed works on localhost:8001 (7th call=429). Fix: honor X-Forwarded-For (right-most untrusted) for the bucket key." /></testcase><testcase classname="tests.test_iter413cq_platform_capabilities_and_help" name="test_capabilities_endpoint_shape" time="0.113" /><testcase classname="tests.test_iter413cq_platform_capabilities_and_help" name="test_build_capabilities_payload_inline_match" time="0.144" /><testcase classname="tests.test_iter413cq_platform_capabilities_and_help" name="test_help_chat_injects_capabilities_into_prompt" time="1.709" /><testcase classname="tests.test_iter413cq_platform_capabilities_and_help" name="test_help_report_issue_rejects_short_description" time="0.093" /><testcase classname="tests.test_iter413cq_platform_capabilities_and_help" name="test_help_report_issue_lands_in_contact_inbox" time="0.327" /></testsuite></testsuites>