<?xml version="1.0" encoding="utf-8"?><testsuites name="pytest tests"><testsuite name="pytest" errors="0" failures="0" skipped="0" tests="13" time="10.012" timestamp="2026-06-07T00:11:21.695241+00:00" hostname="agent-env-da415db6-4cc4-4a72-a064-87776e08c06a"><testcase classname="tests.test_iter335_13_live_p2_p3.TestRecommend" name="test_requires_auth" time="0.424" /><testcase classname="tests.test_iter335_13_live_p2_p3.TestRecommend" name="test_bad_goal_returns_400" time="0.402" /><testcase classname="tests.test_iter335_13_live_p2_p3.TestRecommend" name="test_happy_path_returns_full_payload" time="2.223" /><testcase classname="tests.test_iter335_13_live_p2_p3.TestRecommend" name="test_all_three_goals_work" time="5.333" /><testcase classname="tests.test_iter335_13_live_p2_p3.TestAdminThemesCRUD" name="test_create_theme" time="0.240" /><testcase classname="tests.test_iter335_13_live_p2_p3.TestAdminThemesCRUD" name="test_duplicate_slug_409" time="0.109" /><testcase classname="tests.test_iter335_13_live_p2_p3.TestAdminThemesCRUD" name="test_end_before_start_400" time="0.134" /><testcase classname="tests.test_iter335_13_live_p2_p3.TestAdminThemesCRUD" name="test_list_includes_created" time="0.112" /><testcase classname="tests.test_iter335_13_live_p2_p3.TestAdminThemesCRUD" name="test_status_transitions" time="0.357" /><testcase classname="tests.test_iter335_13_live_p2_p3.TestAdminThemesCRUD" name="test_unauthenticated_admin_endpoints" time="0.116" /><testcase classname="tests.test_iter335_13_live_p2_p3.TestAdminThemesCRUD" name="test_maker_cannot_access_admin_themes" time="0.242" /><testcase classname="tests.test_iter335_13_live_p2_p3.TestMakerActiveThemes" name="test_requires_auth" time="0.109" /><testcase classname="tests.test_iter335_13_live_p2_p3.TestMakerActiveThemes" name="test_returns_shape" time="0.112" /></testsuite></testsuites>