<?xml version="1.0" encoding="utf-8"?><testsuites name="pytest tests"><testsuite name="pytest" errors="0" failures="0" skipped="0" tests="9" time="1.330" timestamp="2026-05-26T18:12:49.893739+00:00" hostname="agent-env-da415db6-4cc4-4a72-a064-87776e08c06a"><testcase classname="backend.tests.test_iter241_kits_bundle.TestKitPublicIndex" name="test_returns_list_anonymous_no_500" time="0.341" /><testcase classname="backend.tests.test_iter241_kits_bundle.TestKitPublicIndex" name="test_kit_schema" time="0.000" /><testcase classname="backend.tests.test_iter241_kits_bundle.TestKitPublicIndex" name="test_limit_clamped" time="0.120" /><testcase classname="backend.tests.test_iter241_kits_bundle.TestKitBundle" name="test_bundle_zip_for_existing_kit" time="0.159" /><testcase classname="backend.tests.test_iter241_kits_bundle.TestKitBundle" name="test_bundle_404_for_unknown_slug" time="0.177" /><testcase classname="backend.tests.test_iter241_kits_bundle.TestKitBundle" name="test_kit_by_slug_metadata_intact" time="0.109" /><testcase classname="backend.tests.test_iter241_kits_bundle.TestStudioPublicRegression" name="test_templates" time="0.108" /><testcase classname="backend.tests.test_iter241_kits_bundle.TestStudioPublicRegression" name="test_materials" time="0.112" /><testcase classname="backend.tests.test_iter241_kits_bundle.TestStudioPublicRegression" name="test_cam_strategy" time="0.112" /></testsuite></testsuites>