<?xml version="1.0" encoding="utf-8"?><testsuites name="pytest tests"><testsuite name="pytest" errors="0" failures="0" skipped="0" tests="10" time="4.342" timestamp="2026-05-25T18:36:27.700880+00:00" hostname="agent-env-da415db6-4cc4-4a72-a064-87776e08c06a"><testcase classname="backend.tests.test_iter213_clips_upload.TestMakerClipsUpload" name="test_upload_happy_path_returns_r2_clip" time="1.477" /><testcase classname="backend.tests.test_iter213_clips_upload.TestMakerClipsUpload" name="test_upload_invalid_category_422" time="0.161" /><testcase classname="backend.tests.test_iter213_clips_upload.TestMakerClipsUpload" name="test_upload_non_video_mime_422" time="0.118" /><testcase classname="backend.tests.test_iter213_clips_upload.TestMakerClipsUpload" name="test_upload_oversize_422" time="1.645" /><testcase classname="backend.tests.test_iter213_clips_upload.TestMakerClipsUpload" name="test_upload_requires_maker_jwt_401" time="0.148" /><testcase classname="backend.tests.test_iter213_clips_upload.TestSchedulerDailyClipSeed" name="test_disabled_by_default_early_returns" time="0.081" /><testcase classname="backend.tests.test_iter213_clips_upload.TestSchedulerDailyClipSeed" name="test_registered_at_9_utc" time="0.005" /><testcase classname="backend.tests.test_iter213_clips_upload.TestRegression" name="test_categories" time="0.178" /><testcase classname="backend.tests.test_iter213_clips_upload.TestRegression" name="test_feed" time="0.119" /><testcase classname="backend.tests.test_iter213_clips_upload.TestRegression" name="test_feed_invalid_category_400" time="0.327" /></testsuite></testsuites>