<?xml version="1.0" encoding="utf-8"?><testsuites name="pytest tests"><testsuite name="pytest" errors="0" failures="0" skipped="0" tests="3" time="1.021" timestamp="2026-07-03T14:11:48.439516+00:00" hostname="agent-env-da415db6-4cc4-4a72-a064-87776e08c06a"><testcase classname="tests.test_iter331c_review" name="test_ledger_limit_query_param" time="0.612" /><testcase classname="tests.test_iter331c_review" name="test_locked_period_is_byte_deterministic" time="0.211" /><testcase classname="tests.test_iter331c_review" name="test_ledger_endpoint_requires_admin_jwt" time="0.151" /></testsuite></testsuites>