<?xml version="1.0" encoding="utf-8"?><testsuites name="pytest tests"><testsuite name="pytest" errors="0" failures="0" skipped="0" tests="36" time="6.119" timestamp="2026-05-25T16:36:12.610938+00:00" hostname="agent-env-da415db6-4cc4-4a72-a064-87776e08c06a"><testcase classname="backend.tests.test_community_designs_seed.TestCommunityDesignsSeedAdmin" name="test_status_admin_only" time="0.207" /><testcase classname="backend.tests.test_community_designs_seed.TestCommunityDesignsSeedAdmin" name="test_status_counts" time="0.428" /><testcase classname="backend.tests.test_community_designs_seed.TestCommunityDesignsSeedAdmin" name="test_install_fixture_idempotent_and_preserves_downloads" time="0.280" /><testcase classname="backend.tests.test_community_designs_seed.TestCommunityFilesPublic" name="test_list_returns_seeded_designs" time="0.132" /><testcase classname="backend.tests.test_community_designs_seed.TestSeedDesignsStaticAssets" name="test_preview_jpg_200[mountain-range-silhouette]" time="0.178" /><testcase classname="backend.tests.test_community_designs_seed.TestSeedDesignsStaticAssets" name="test_preview_jpg_200[heart-monogram-blank]" time="0.179" /><testcase classname="backend.tests.test_community_designs_seed.TestSeedDesignsStaticAssets" name="test_preview_jpg_200[welcome-arrow-sign-blank]" time="0.252" /><testcase classname="backend.tests.test_community_designs_seed.TestSeedDesignsStaticAssets" name="test_preview_jpg_200[pine-tree-trio]" time="0.177" /><testcase classname="backend.tests.test_community_designs_seed.TestSeedDesignsStaticAssets" name="test_preview_jpg_200[vertical-address-plaque]" time="0.190" /><testcase classname="backend.tests.test_community_designs_seed.TestSeedDesignsStaticAssets" name="test_preview_jpg_200[8-petal-mandala]" time="0.198" /><testcase classname="backend.tests.test_community_designs_seed.TestSeedDesignsStaticAssets" name="test_preview_jpg_200[classic-snowflake-ornament]" time="0.170" /><testcase classname="backend.tests.test_community_designs_seed.TestSeedDesignsStaticAssets" name="test_preview_jpg_200[topo-contour-circles]" time="0.199" /><testcase classname="backend.tests.test_community_designs_seed.TestSeedDesignsStaticAssets" name="test_preview_jpg_200[8-point-compass-rose]" time="0.170" /><testcase classname="backend.tests.test_community_designs_seed.TestSeedDesignsStaticAssets" name="test_preview_jpg_200[heart-with-vine]" time="0.180" /><testcase classname="backend.tests.test_community_designs_seed.TestSeedDesignsStaticAssets" name="test_design_svg_200[mountain-range-silhouette]" time="0.121" /><testcase classname="backend.tests.test_community_designs_seed.TestSeedDesignsStaticAssets" name="test_design_svg_200[heart-monogram-blank]" time="0.133" /><testcase classname="backend.tests.test_community_designs_seed.TestSeedDesignsStaticAssets" name="test_design_svg_200[welcome-arrow-sign-blank]" time="0.109" /><testcase classname="backend.tests.test_community_designs_seed.TestSeedDesignsStaticAssets" name="test_design_svg_200[pine-tree-trio]" time="0.125" /><testcase classname="backend.tests.test_community_designs_seed.TestSeedDesignsStaticAssets" name="test_design_svg_200[vertical-address-plaque]" time="0.112" /><testcase classname="backend.tests.test_community_designs_seed.TestSeedDesignsStaticAssets" name="test_design_svg_200[8-petal-mandala]" time="0.126" /><testcase classname="backend.tests.test_community_designs_seed.TestSeedDesignsStaticAssets" name="test_design_svg_200[classic-snowflake-ornament]" time="0.124" /><testcase classname="backend.tests.test_community_designs_seed.TestSeedDesignsStaticAssets" name="test_design_svg_200[topo-contour-circles]" time="0.119" /><testcase classname="backend.tests.test_community_designs_seed.TestSeedDesignsStaticAssets" name="test_design_svg_200[8-point-compass-rose]" time="0.121" /><testcase classname="backend.tests.test_community_designs_seed.TestSeedDesignsStaticAssets" name="test_design_svg_200[heart-with-vine]" time="0.107" /><testcase classname="backend.tests.test_community_designs_seed.TestSeedDesignsStaticAssets" name="test_design_dxf_200[mountain-range-silhouette]" time="0.105" /><testcase classname="backend.tests.test_community_designs_seed.TestSeedDesignsStaticAssets" name="test_design_dxf_200[heart-monogram-blank]" time="0.119" /><testcase classname="backend.tests.test_community_designs_seed.TestSeedDesignsStaticAssets" name="test_design_dxf_200[welcome-arrow-sign-blank]" time="0.106" /><testcase classname="backend.tests.test_community_designs_seed.TestSeedDesignsStaticAssets" name="test_design_dxf_200[pine-tree-trio]" time="0.128" /><testcase classname="backend.tests.test_community_designs_seed.TestSeedDesignsStaticAssets" name="test_design_dxf_200[vertical-address-plaque]" time="0.109" /><testcase classname="backend.tests.test_community_designs_seed.TestSeedDesignsStaticAssets" name="test_design_dxf_200[8-petal-mandala]" time="0.112" /><testcase classname="backend.tests.test_community_designs_seed.TestSeedDesignsStaticAssets" name="test_design_dxf_200[classic-snowflake-ornament]" time="0.109" /><testcase classname="backend.tests.test_community_designs_seed.TestSeedDesignsStaticAssets" name="test_design_dxf_200[topo-contour-circles]" time="0.107" /><testcase classname="backend.tests.test_community_designs_seed.TestSeedDesignsStaticAssets" name="test_design_dxf_200[8-point-compass-rose]" time="0.185" /><testcase classname="backend.tests.test_community_designs_seed.TestSeedDesignsStaticAssets" name="test_design_dxf_200[heart-with-vine]" time="0.111" /><testcase classname="backend.tests.test_community_designs_seed.TestPurgeRegression" name="test_purge_then_reinstall_round_trip" time="0.581" /><testcase classname="backend.tests.test_community_designs_seed.TestFeaturedSeedRegression" name="test_featured_seed_status" time="0.108" /></testsuite></testsuites>