<?xml version="1.0" encoding="utf-8"?><testsuites name="pytest tests"><testsuite name="pytest" errors="0" failures="0" skipped="0" tests="10" time="2.901" timestamp="2026-04-26T06:17:45.031326+00:00" hostname="agent-env-da415db6-4cc4-4a72-a064-87776e08c06a"><testcase classname="backend.tests.test_iter16_drafts_variants_glb.TestCreateDraftVariants" name="test_status_draft_and_two_variants_with_ids" time="0.259" /><testcase classname="backend.tests.test_iter16_drafts_variants_glb.TestDraftVisibility" name="test_public_catalog_excludes_draft" time="0.112" /><testcase classname="backend.tests.test_iter16_drafts_variants_glb.TestDraftVisibility" name="test_public_direct_fetch_returns_404" time="0.099" /><testcase classname="backend.tests.test_iter16_drafts_variants_glb.TestDraftVisibility" name="test_maker_list_includes_draft" time="0.115" /><testcase classname="backend.tests.test_iter16_drafts_variants_glb.TestPublishUnpublish" name="test_publish_then_unpublish" time="0.524" /><testcase classname="backend.tests.test_iter16_drafts_variants_glb.TestCartQuoteVariants" name="test_quote_requires_variant_when_product_has_variants" time="0.230" /><testcase classname="backend.tests.test_iter16_drafts_variants_glb.TestCartQuoteVariants" name="test_quote_with_variant_applies_price_delta" time="0.207" /><testcase classname="backend.tests.test_iter16_drafts_variants_glb.TestCartQuoteVariants" name="test_quote_with_variant_zero_delta" time="0.224" /><testcase classname="backend.tests.test_iter16_drafts_variants_glb.TestGlbUpload" name="test_upload_returns_r2_url" time="0.702" /><testcase classname="backend.tests.test_iter16_drafts_variants_glb.TestGlbUpload" name="test_upload_rejects_non_glb" time="0.168" /></testsuite></testsuites>