<?xml version="1.0" encoding="utf-8"?><testsuites name="pytest tests"><testsuite name="pytest" errors="0" failures="0" skipped="0" tests="126" time="40.422" timestamp="2026-04-26T03:28:41.410479+00:00" hostname="agent-env-da415db6-4cc4-4a72-a064-87776e08c06a"><testcase classname="backend.tests.test_admin_seo_shipping.TestSEO" name="test_sitemap_xml" time="0.130" /><testcase classname="backend.tests.test_admin_seo_shipping.TestSEO" name="test_robots_txt" time="0.045" /><testcase classname="backend.tests.test_admin_seo_shipping.TestShipping" name="test_quote_wall_art_under_threshold" time="0.046" /><testcase classname="backend.tests.test_admin_seo_shipping.TestShipping" name="test_quote_custom_signs" time="0.045" /><testcase classname="backend.tests.test_admin_seo_shipping.TestShipping" name="test_quote_outdoor_art" time="0.044" /><testcase classname="backend.tests.test_admin_seo_shipping.TestShipping" name="test_quote_free_shipping_over_250" time="0.048" /><testcase classname="backend.tests.test_admin_seo_shipping.TestShipping" name="test_quote_empty_cart" time="0.044" /><testcase classname="backend.tests.test_admin_seo_shipping.TestCheckout" name="test_create_session_returns_shape" time="0.701" /><testcase classname="backend.tests.test_admin_seo_shipping.TestCheckout" name="test_paid_session_regression" time="0.047" /><testcase classname="backend.tests.test_admin_seo_shipping.TestAdminAuth" name="test_request_non_admin_silent" time="0.048" /><testcase classname="backend.tests.test_admin_seo_shipping.TestAdminAuth" name="test_request_admin_email" time="0.046" /><testcase classname="backend.tests.test_admin_seo_shipping.TestAdminAuth" name="test_verify_garbage_token" time="0.042" /><testcase classname="backend.tests.test_admin_seo_shipping.TestAdminAuth" name="test_verify_valid_admin_token" time="0.045" /><testcase classname="backend.tests.test_admin_seo_shipping.TestAdminAuth" name="test_verify_non_ops_email_rejected" time="0.045" /><testcase classname="backend.tests.test_admin_seo_shipping.TestRoleEnforcement" name="test_maker_jwt_rejected_on_admin_endpoints" time="0.235" /><testcase classname="backend.tests.test_admin_seo_shipping.TestRoleEnforcement" name="test_admin_jwt_rejected_on_maker_me" time="0.087" /><testcase classname="backend.tests.test_admin_seo_shipping.TestRoleEnforcement" name="test_admin_endpoints_require_auth" time="0.219" /><testcase classname="backend.tests.test_admin_seo_shipping.TestRoleEnforcement" name="test_patch_requires_admin" time="0.091" /><testcase classname="backend.tests.test_admin_seo_shipping.TestAdminLists" name="test_admin_me" time="0.043" /><testcase classname="backend.tests.test_admin_seo_shipping.TestAdminLists" name="test_lists_no_objectid" time="0.142" /><testcase classname="backend.tests.test_admin_seo_shipping.TestAdminPatch" name="test_approve_then_reject_application" time="0.232" /><testcase classname="backend.tests.test_admin_seo_shipping.TestAdminPatch" name="test_quote_custom_order" time="0.093" /><testcase classname="backend.tests.test_admin_seo_shipping.TestAdminPatch" name="test_patch_application_404" time="0.047" /><testcase classname="backend.tests.test_iter10_maker_analytics.TestMakerAnalytics" name="test_unauth_rejected" time="0.112" /><testcase classname="backend.tests.test_iter10_maker_analytics.TestMakerAnalytics" name="test_buyer_jwt_rejected" time="0.252" /><testcase classname="backend.tests.test_iter10_maker_analytics.TestMakerAnalytics" name="test_maker_jwt_rejected" time="0.276" /><testcase classname="backend.tests.test_iter10_maker_analytics.TestMakerAnalytics" name="test_unknown_maker_404" time="0.207" /><testcase classname="backend.tests.test_iter10_maker_analytics.TestMakerAnalytics" name="test_happy_path_shape" time="0.118" /><testcase classname="backend.tests.test_iter10_maker_analytics.TestMakerAnalytics" name="test_no_id_leak" time="0.125" /><testcase classname="backend.tests.test_iter4_ai_community.TestAI" name="test_ai_chat_basic_and_multi_turn" time="4.197" /><testcase classname="backend.tests.test_iter4_ai_community.TestAI" name="test_ai_submit_brief_creates_custom_order" time="0.809" /><testcase classname="backend.tests.test_iter4_ai_community.TestCommunityAuth" name="test_magic_request_always_ok" time="0.117" /><testcase classname="backend.tests.test_iter4_ai_community.TestCommunityAuth" name="test_magic_verify_garbage" time="0.105" /><testcase classname="backend.tests.test_iter4_ai_community.TestCommunityAuth" name="test_magic_verify_valid" time="0.107" /><testcase classname="backend.tests.test_iter4_ai_community.TestCommunityAuth" name="test_google_bogus_session_clean_4xx_5xx" time="0.235" /><testcase classname="backend.tests.test_iter4_ai_community.TestCommunityAuth" name="test_role_enforcement_on_me" time="0.689" /><testcase classname="backend.tests.test_iter4_ai_community.TestShowcase" name="test_list_no_auth_ok" time="0.113" /><testcase classname="backend.tests.test_iter4_ai_community.TestShowcase" name="test_post_requires_buyer" time="0.226" /><testcase classname="backend.tests.test_iter4_ai_community.TestShowcase" name="test_create_and_like" time="0.249" /><testcase classname="backend.tests.test_iter4_ai_community.TestDesignFiles" name="test_list_no_auth" time="0.104" /><testcase classname="backend.tests.test_iter4_ai_community.TestDesignFiles" name="test_upload_requires_maker" time="0.225" /><testcase classname="backend.tests.test_iter4_ai_community.TestDesignFiles" name="test_paywall_after_5_downloads" time="0.879" /><testcase classname="backend.tests.test_iter4_ai_community.TestDesignFiles" name="test_unlock_checkout" time="0.433" /><testcase classname="backend.tests.test_iter4_ai_community.TestForum" name="test_list_initial" time="0.105" /><testcase classname="backend.tests.test_iter4_ai_community.TestForum" name="test_create_thread_and_reply" time="0.542" /><testcase classname="backend.tests.test_iter4_ai_community.TestChatRest" name="test_history_general" time="0.122" /><testcase classname="backend.tests.test_iter4_ai_community.TestChatRest" name="test_history_unknown_404" time="0.107" /><testcase classname="backend.tests.test_iter4_ai_community.TestChatWS" name="test_ws_general_buyer_send_receive" time="0.833" /><testcase classname="backend.tests.test_iter4_ai_community.TestChatWS" name="test_ws_makers_only_buyer_rejected" time="0.148" /><testcase classname="backend.tests.test_iter4_ai_community.TestChatWS" name="test_ws_makers_only_maker_accepted" time="5.192" /><testcase classname="backend.tests.test_iter4_ai_community.TestChatWS" name="test_ws_no_token_rejected" time="0.160" /><testcase classname="backend.tests.test_iter4_ai_community.TestRegression" name="test_products_count" time="0.109" /><testcase classname="backend.tests.test_iter4_ai_community.TestRegression" name="test_paid_session_status" time="0.102" /><testcase classname="backend.tests.test_iter4_ai_community.TestRegression" name="test_admin_auth_works" time="0.111" /><testcase classname="backend.tests.test_iter4_ai_community.TestRegression" name="test_maker_auth_works" time="0.107" /><testcase classname="backend.tests.test_iter6_maker_chat.TestMakerProductPatch" name="test_patch_model_url_owner" time="0.828" /><testcase classname="backend.tests.test_iter6_maker_chat.TestMakerProductPatch" name="test_patch_empty_body_no_change" time="0.103" /><testcase classname="backend.tests.test_iter6_maker_chat.TestMakerProductPatch" name="test_patch_cross_maker_forbidden" time="0.230" /><testcase classname="backend.tests.test_iter6_maker_chat.TestMakerProductPatch" name="test_patch_unknown_slug_404" time="0.113" /><testcase classname="backend.tests.test_iter6_maker_chat.TestMakerProductPatch" name="test_patch_no_auth_401" time="0.214" /><testcase classname="backend.tests.test_iter6_maker_chat.TestChatMentionEcho" name="test_mention_echo_general" time="1.995" /><testcase classname="backend.tests.test_iter6_maker_chat.TestRegression" name="test_products_list" time="0.153" /><testcase classname="backend.tests.test_iter6_maker_chat.TestRegression" name="test_paid_session_status" time="0.115" /><testcase classname="backend.tests.test_iter6_maker_chat.TestRegression" name="test_maker_auth_works" time="0.219" /><testcase classname="backend.tests.test_iter6_maker_chat.TestRegression" name="test_admin_auth_works" time="0.209" /><testcase classname="backend.tests.test_iter6_maker_chat.TestRegression" name="test_buyer_magic_link_works" time="0.228" /><testcase classname="backend.tests.test_iter7_admin_cart_ai" name="test_admin_auth_request_silent_for_non_admin" time="0.132" /><testcase classname="backend.tests.test_iter7_admin_cart_ai" name="test_admin_me_requires_jwt" time="1.106" /><testcase classname="backend.tests.test_iter7_admin_cart_ai" name="test_admin_me_ok" time="0.213" /><testcase classname="backend.tests.test_iter7_admin_cart_ai" name="test_admin_analytics_shape" time="0.116" /><testcase classname="backend.tests.test_iter7_admin_cart_ai" name="test_admin_analytics_requires_admin" time="0.456" /><testcase classname="backend.tests.test_iter7_admin_cart_ai" name="test_admin_users_list" time="0.120" /><testcase classname="backend.tests.test_iter7_admin_cart_ai" name="test_admin_patch_product_featured" time="0.330" /><testcase classname="backend.tests.test_iter7_admin_cart_ai" name="test_admin_patch_product_404" time="0.109" /><testcase classname="backend.tests.test_iter7_admin_cart_ai" name="test_admin_listings_requires_admin" time="0.098" /><testcase classname="backend.tests.test_iter7_admin_cart_ai" name="test_admin_create_and_delete_review" time="0.413" /><testcase classname="backend.tests.test_iter7_admin_cart_ai" name="test_admin_delete_review_404" time="0.121" /><testcase classname="backend.tests.test_iter7_admin_cart_ai" name="test_moderator_delete_chat_message" time="0.428" /><testcase classname="backend.tests.test_iter7_admin_cart_ai" name="test_checkout_accepts_gift_note" time="1.058" /><testcase classname="backend.tests.test_iter7_admin_cart_ai" name="test_checkout_works_without_gift_note" time="1.062" /><testcase classname="backend.tests.test_iter7_admin_cart_ai" name="test_ai_chat_session_id_persists" time="2.714" /><testcase classname="backend.tests.test_iter7_admin_cart_ai" name="test_showcase_post_with_product_and_maker" time="0.323" /><testcase classname="backend.tests.test_iter7_admin_cart_ai" name="test_forum_reply_with_mention" time="0.322" /><testcase classname="backend.tests.test_iter7_admin_cart_ai" name="test_maker_me" time="0.107" /><testcase classname="backend.tests.test_iter7_admin_cart_ai" name="test_buyer_me" time="0.121" /><testcase classname="backend.tests.test_iter7_admin_cart_ai" name="test_cross_role_rejection" time="0.223" /><testcase classname="backend.tests.test_iter7_admin_cart_ai" name="test_shop_browse_and_detail" time="0.257" /><testcase classname="backend.tests.test_iter9_followups.TestAccountUpdatedWebhook" name="test_endpoint_exists_and_rejects_bad_signature" time="0.134" /><testcase classname="backend.tests.test_iter9_followups.TestAccountUpdatedWebhook" name="test_endpoint_method_only_post" time="0.115" /><testcase classname="backend.tests.test_iter9_followups.TestRefundAuthGating" name="test_no_auth_rejected" time="0.107" /><testcase classname="backend.tests.test_iter9_followups.TestRefundAuthGating" name="test_buyer_jwt_rejected" time="0.223" /><testcase classname="backend.tests.test_iter9_followups.TestRefundAuthGating" name="test_maker_jwt_rejected" time="0.206" /><testcase classname="backend.tests.test_iter9_followups.TestRefundAuthGating" name="test_admin_unknown_session_404" time="0.229" /><testcase classname="backend.tests.test_iter9_followups.TestDownloadUnlockE2E" name="test_5_free_then_paywall_then_unlock_promotion" time="1.606" /><testcase classname="backend.tests.test_iter9_followups.TestForumMentionPersistence" name="test_mention_in_thread_and_reply_round_trip" time="0.659" /><testcase classname="backend.tests.test_iter9_followups.TestGoogleOAuthBackend" name="test_invalid_emergent_session_returns_401" time="0.201" /><testcase classname="backend.tests.test_iter9_followups.TestGoogleOAuthBackend" name="test_endpoint_requires_session_id" time="0.101" /><testcase classname="backend.tests.test_maker_portal.TestCheckoutPaidSessionRegression" name="test_status_paid" time="0.108" /><testcase classname="backend.tests.test_maker_portal.TestMakerAuthRequest" name="test_request_known_email_silent_200" time="0.050" /><testcase classname="backend.tests.test_maker_portal.TestMakerAuthRequest" name="test_request_unknown_email_silent_200" time="0.047" /><testcase classname="backend.tests.test_maker_portal.TestMakerAuthRequest" name="test_request_invalid_email_422" time="0.043" /><testcase classname="backend.tests.test_maker_portal.TestMakerAuthVerify" name="test_verify_garbage_token_401" time="0.048" /><testcase classname="backend.tests.test_maker_portal.TestMakerAuthVerify" name="test_verify_empty_token_401_or_422" time="0.045" /><testcase classname="backend.tests.test_maker_portal.TestMakerAuthVerify" name="test_verify_valid_token_returns_jwt_and_maker" time="0.047" /><testcase classname="backend.tests.test_maker_portal.TestMakerMe" name="test_me_no_auth_401" time="0.056" /><testcase classname="backend.tests.test_maker_portal.TestMakerMe" name="test_me_bad_bearer_401" time="0.047" /><testcase classname="backend.tests.test_maker_portal.TestMakerMe" name="test_me_valid" time="0.095" /><testcase classname="backend.tests.test_maker_portal.TestMakerProducts" name="test_no_auth_401" time="0.045" /><testcase classname="backend.tests.test_maker_portal.TestMakerProducts" name="test_iron_products_only" time="0.044" /><testcase classname="backend.tests.test_maker_portal.TestMakerProducts" name="test_isolation_metalart_does_not_see_iron" time="0.089" /><testcase classname="backend.tests.test_maker_portal.TestMakerOrders" name="test_no_auth_401" time="0.045" /><testcase classname="backend.tests.test_maker_portal.TestMakerOrders" name="test_iron_orders_shape" time="0.043" /><testcase classname="backend.tests.test_maker_portal.TestMakerOrders" name="test_isolation_metalart_orders_no_iron" time="0.052" /><testcase classname="backend.tests.test_maker_portal.TestMakerProfileUpdate" name="test_patch_no_auth_401" time="0.046" /><testcase classname="backend.tests.test_maker_portal.TestMakerProfileUpdate" name="test_patch_bio_persists_and_reset" time="0.186" /><testcase classname="backend.tests.test_marketplace" name="test_root" time="0.100" /><testcase classname="backend.tests.test_marketplace" name="test_products_list" time="0.049" /><testcase classname="backend.tests.test_marketplace" name="test_get_product" time="0.051" /><testcase classname="backend.tests.test_marketplace" name="test_makers" time="0.046" /><testcase classname="backend.tests.test_marketplace" name="test_activity" time="0.051" /><testcase classname="backend.tests.test_marketplace" name="test_custom_order" time="0.046" /><testcase classname="backend.tests.test_marketplace" name="test_maker_application" time="0.048" /><testcase classname="backend.tests.test_marketplace" name="test_checkout_session_created" time="0.637" /><testcase classname="backend.tests.test_marketplace" name="test_checkout_status" time="0.238" /><testcase classname="backend.tests.test_marketplace" name="test_checkout_empty_cart" time="0.047" /><testcase classname="backend.tests.test_marketplace" name="test_checkout_invalid_product" time="0.051" /></testsuite></testsuites>