<?xml version="1.0" encoding="utf-8"?><testsuites name="pytest tests"><testsuite name="pytest" errors="14" failures="0" skipped="0" tests="14" time="0.314" timestamp="2026-04-26T20:57:35.095032+00:00" hostname="agent-env-da415db6-4cc4-4a72-a064-87776e08c06a"><testcase classname="backend.tests.test_iter20_follow_notify.TestFollowStatus" name="test_unauth_returns_count_only" time="0.058"><error message="failed on setup with &quot;pymongo.errors.InvalidURI: Invalid URI scheme: URI must begin with 'mongodb://' or 'mongodb+srv://'&quot;">E   pymongo.errors.InvalidURI: Invalid URI scheme: URI must begin with 'mongodb://' or 'mongodb+srv://'</error></testcase><testcase classname="backend.tests.test_iter20_follow_notify.TestFollowStatus" name="test_with_buyer_jwt_reflects_user" time="0.000"><error message="failed on setup with &quot;pymongo.errors.InvalidURI: Invalid URI scheme: URI must begin with 'mongodb://' or 'mongodb+srv://'&quot;">E   pymongo.errors.InvalidURI: Invalid URI scheme: URI must begin with 'mongodb://' or 'mongodb+srv://'</error></testcase><testcase classname="backend.tests.test_iter20_follow_notify.TestFollowMutations" name="test_post_without_jwt_is_401" time="0.000"><error message="failed on setup with &quot;pymongo.errors.InvalidURI: Invalid URI scheme: URI must begin with 'mongodb://' or 'mongodb+srv://'&quot;">E   pymongo.errors.InvalidURI: Invalid URI scheme: URI must begin with 'mongodb://' or 'mongodb+srv://'</error></testcase><testcase classname="backend.tests.test_iter20_follow_notify.TestFollowMutations" name="test_post_unknown_maker_404" time="0.000"><error message="failed on setup with &quot;pymongo.errors.InvalidURI: Invalid URI scheme: URI must begin with 'mongodb://' or 'mongodb+srv://'&quot;">E   pymongo.errors.InvalidURI: Invalid URI scheme: URI must begin with 'mongodb://' or 'mongodb+srv://'</error></testcase><testcase classname="backend.tests.test_iter20_follow_notify.TestFollowMutations" name="test_frozen_user_403" time="0.000"><error message="failed on setup with &quot;pymongo.errors.InvalidURI: Invalid URI scheme: URI must begin with 'mongodb://' or 'mongodb+srv://'&quot;">E   pymongo.errors.InvalidURI: Invalid URI scheme: URI must begin with 'mongodb://' or 'mongodb+srv://'</error></testcase><testcase classname="backend.tests.test_iter20_follow_notify.TestFollowMutations" name="test_follow_increments_then_idempotent" time="0.000"><error message="failed on setup with &quot;pymongo.errors.InvalidURI: Invalid URI scheme: URI must begin with 'mongodb://' or 'mongodb+srv://'&quot;">E   pymongo.errors.InvalidURI: Invalid URI scheme: URI must begin with 'mongodb://' or 'mongodb+srv://'</error></testcase><testcase classname="backend.tests.test_iter20_follow_notify.TestFollowMutations" name="test_delete_decrements" time="0.000"><error message="failed on setup with &quot;pymongo.errors.InvalidURI: Invalid URI scheme: URI must begin with 'mongodb://' or 'mongodb+srv://'&quot;">E   pymongo.errors.InvalidURI: Invalid URI scheme: URI must begin with 'mongodb://' or 'mongodb+srv://'</error></testcase><testcase classname="backend.tests.test_iter20_follow_notify.TestFollowMutations" name="test_status_with_jwt_reflects_following_true" time="0.000"><error message="failed on setup with &quot;pymongo.errors.InvalidURI: Invalid URI scheme: URI must begin with 'mongodb://' or 'mongodb+srv://'&quot;">E   pymongo.errors.InvalidURI: Invalid URI scheme: URI must begin with 'mongodb://' or 'mongodb+srv://'</error></testcase><testcase classname="backend.tests.test_iter20_follow_notify.TestListingNotify" name="test_published_first_call_sends_then_idempotent" time="0.000"><error message="failed on setup with &quot;pymongo.errors.InvalidURI: Invalid URI scheme: URI must begin with 'mongodb://' or 'mongodb+srv://'&quot;">E   pymongo.errors.InvalidURI: Invalid URI scheme: URI must begin with 'mongodb://' or 'mongodb+srv://'</error></testcase><testcase classname="backend.tests.test_iter20_follow_notify.TestListingNotify" name="test_draft_returns_not_published" time="0.000"><error message="failed on setup with &quot;pymongo.errors.InvalidURI: Invalid URI scheme: URI must begin with 'mongodb://' or 'mongodb+srv://'&quot;">E   pymongo.errors.InvalidURI: Invalid URI scheme: URI must begin with 'mongodb://' or 'mongodb+srv://'</error></testcase><testcase classname="backend.tests.test_iter20_follow_notify.TestListingNotify" name="test_unknown_product" time="0.000"><error message="failed on setup with &quot;pymongo.errors.InvalidURI: Invalid URI scheme: URI must begin with 'mongodb://' or 'mongodb+srv://'&quot;">E   pymongo.errors.InvalidURI: Invalid URI scheme: URI must begin with 'mongodb://' or 'mongodb+srv://'</error></testcase><testcase classname="backend.tests.test_iter20_follow_notify.TestListingNotify" name="test_maker_not_found" time="0.000"><error message="failed on setup with &quot;pymongo.errors.InvalidURI: Invalid URI scheme: URI must begin with 'mongodb://' or 'mongodb+srv://'&quot;">E   pymongo.errors.InvalidURI: Invalid URI scheme: URI must begin with 'mongodb://' or 'mongodb+srv://'</error></testcase><testcase classname="backend.tests.test_iter20_follow_notify.TestMakerCreatePublishHooks" name="test_create_published_stamps_published_at" time="0.000"><error message="failed on setup with &quot;pymongo.errors.InvalidURI: Invalid URI scheme: URI must begin with 'mongodb://' or 'mongodb+srv://'&quot;">E   pymongo.errors.InvalidURI: Invalid URI scheme: URI must begin with 'mongodb://' or 'mongodb+srv://'</error></testcase><testcase classname="backend.tests.test_iter20_follow_notify.TestMakerCreatePublishHooks" name="test_publish_draft_stamps_and_idempotent" time="0.000"><error message="failed on setup with &quot;pymongo.errors.InvalidURI: Invalid URI scheme: URI must begin with 'mongodb://' or 'mongodb+srv://'&quot;">E   pymongo.errors.InvalidURI: Invalid URI scheme: URI must begin with 'mongodb://' or 'mongodb+srv://'</error></testcase></testsuite></testsuites>