<?xml version="1.0" encoding="utf-8"?><testsuites name="pytest tests"><testsuite name="pytest" errors="0" failures="0" skipped="0" tests="12" time="4.430" timestamp="2026-04-26T23:07:32.119842+00:00" hostname="agent-env-da415db6-4cc4-4a72-a064-87776e08c06a"><testcase classname="backend.tests.test_buffer_sender.TestBufferAdmin" name="test_status_requires_admin" time="0.214" /><testcase classname="backend.tests.test_buffer_sender.TestBufferAdmin" name="test_status_ok" time="0.745" /><testcase classname="backend.tests.test_buffer_sender.TestBufferAdmin" name="test_posts_list" time="0.106" /><testcase classname="backend.tests.test_buffer_sender.TestBufferAdmin" name="test_posts_requires_admin" time="0.122" /><testcase classname="backend.tests.test_buffer_sender.TestBufferComposeValidation" name="test_empty_text_400" time="0.113" /><testcase classname="backend.tests.test_buffer_sender.TestBufferComposeValidation" name="test_empty_channels_400" time="0.117" /><testcase classname="backend.tests.test_buffer_sender.TestBufferComposeValidation" name="test_unknown_channel_400" time="0.438" /><testcase classname="backend.tests.test_buffer_sender.TestMakerShare" name="test_share_unauthenticated" time="0.154" /><testcase classname="backend.tests.test_buffer_sender.TestMakerShare" name="test_share_404_when_not_owned" time="0.221" /><testcase classname="backend.tests.test_buffer_sender.TestEmailSender" name="test_status_provider_sender" time="0.118" /><testcase classname="backend.tests.test_buffer_sender.TestEmailSender" name="test_email_test_captures_dns_error" time="0.383" /><testcase classname="backend.tests.test_buffer_sender.TestEmailSender" name="test_email_event_persisted" time="1.436" /></testsuite></testsuites>