<?xml version="1.0" encoding="utf-8"?><testsuites name="pytest tests"><testsuite name="pytest" errors="0" failures="0" skipped="0" tests="6" time="4.128" timestamp="2026-07-11T18:18:58.491232+00:00" hostname="agent-env-da415db6-4cc4-4a72-a064-87776e08c06a"><testcase classname="tests.test_iter451_store_search" name="test_priority_title_over_tags_over_description" time="0.033" /><testcase classname="tests.test_iter451_store_search" name="test_section_name_match_surfaces_section" time="0.022" /><testcase classname="tests.test_iter451_store_search" name="test_by_section_distribution" time="0.023" /><testcase classname="tests.test_iter451_store_search" name="test_scoped_to_single_maker_and_published_only" time="0.012" /><testcase classname="tests.test_iter451_store_search" name="test_zero_results_suggest_sections_and_meta_popular" time="0.032" /><testcase classname="tests.test_iter451_store_search" name="test_regex_injection_safe_and_empty_query" time="0.012" /></testsuite></testsuites>