<?xml version="1.0" encoding="utf-8"?><testsuites name="pytest tests"><testsuite name="pytest" errors="0" failures="0" skipped="0" tests="117" time="18.236" timestamp="2026-06-07T01:04:04.763173+00:00" hostname="agent-env-da415db6-4cc4-4a72-a064-87776e08c06a"><testcase classname="tests.test_iter335_13_live_p2_p3.TestRecommend" name="test_requires_auth" time="0.168" /><testcase classname="tests.test_iter335_13_live_p2_p3.TestRecommend" name="test_bad_goal_returns_400" time="0.389" /><testcase classname="tests.test_iter335_13_live_p2_p3.TestRecommend" name="test_happy_path_returns_full_payload" time="2.102" /><testcase classname="tests.test_iter335_13_live_p2_p3.TestRecommend" name="test_all_three_goals_work" time="5.168" /><testcase classname="tests.test_iter335_13_live_p2_p3.TestAdminThemesCRUD" name="test_create_theme" time="0.247" /><testcase classname="tests.test_iter335_13_live_p2_p3.TestAdminThemesCRUD" name="test_duplicate_slug_409" time="0.126" /><testcase classname="tests.test_iter335_13_live_p2_p3.TestAdminThemesCRUD" name="test_end_before_start_400" time="0.103" /><testcase classname="tests.test_iter335_13_live_p2_p3.TestAdminThemesCRUD" name="test_list_includes_created" time="0.101" /><testcase classname="tests.test_iter335_13_live_p2_p3.TestAdminThemesCRUD" name="test_status_transitions" time="0.364" /><testcase classname="tests.test_iter335_13_live_p2_p3.TestAdminThemesCRUD" name="test_unauthenticated_admin_endpoints" time="0.112" /><testcase classname="tests.test_iter335_13_live_p2_p3.TestAdminThemesCRUD" name="test_maker_cannot_access_admin_themes" time="0.234" /><testcase classname="tests.test_iter335_13_live_p2_p3.TestMakerActiveThemes" name="test_requires_auth" time="0.103" /><testcase classname="tests.test_iter335_13_live_p2_p3.TestMakerActiveThemes" name="test_returns_shape" time="0.106" /><testcase classname="tests.test_iter335_promote_engine" name="test_wallet_starts_empty_and_idempotent" time="3.046" /><testcase classname="tests.test_iter335_promote_engine" name="test_wallet_credit_and_debit_atomic" time="0.009" /><testcase classname="tests.test_iter335_promote_engine" name="test_allocator_preview_weights_sum_to_budget" time="0.007" /><testcase classname="tests.test_iter335_promote_engine" name="test_campaign_crud_and_pause_resume" time="0.016" /><testcase classname="tests.test_iter335_promote_engine" name="test_apply_debits_wallet_and_extends_promoted_until" time="0.015" /><testcase classname="tests.test_iter335_promote_engine" name="test_apply_no_active_campaign_returns_404" time="0.005" /><testcase classname="tests.test_iter335_promote_engine" name="test_analytics_returns_zero_until_apply_then_reports_spend" time="0.019" /><testcase classname="tests.test_iter335_promote_engine" name="test_topup_below_floor_rejected" time="0.007" /><testcase classname="tests.test_iter335b_ads_gateway" name="test_gateway_factory_dispatches_correctly" time="0.004" /><testcase classname="tests.test_iter335b_ads_gateway" name="test_google_not_eligible_without_oauth" time="0.003" /><testcase classname="tests.test_iter335b_ads_gateway" name="test_meta_not_eligible_without_oauth" time="0.004" /><testcase classname="tests.test_iter335b_ads_gateway" name="test_microsoft_not_eligible_without_oauth" time="0.004" /><testcase classname="tests.test_iter335b_ads_gateway" name="test_channels_endpoint_lists_all_three" time="0.007" /><testcase classname="tests.test_iter335b_ads_gateway" name="test_launch_external_requires_plan" time="0.005" /><testcase classname="tests.test_iter335b_ads_gateway" name="test_launch_below_floor_rejected" time="0.008" /><testcase classname="tests.test_iter335b_ads_gateway" name="test_launch_google_returns_409_when_not_connected" time="0.009" /><testcase classname="tests.test_iter335b_ads_gateway" name="test_launch_microsoft_blocked_when_oauth_missing" time="0.009" /><testcase classname="tests.test_iter335b_ads_gateway" name="test_launch_idempotent_when_microsoft_gateway_mocked" time="0.012" /><testcase classname="tests.test_iter335b_ads_gateway" name="test_pause_resume_external_updates_row_and_calls_sdk" time="0.015" /><testcase classname="tests.test_iter335c_ads_backfill_parity" name="test_backfill_endpoint_exists_and_validates_range[google-ads]" time="0.008" /><testcase classname="tests.test_iter335c_ads_backfill_parity" name="test_backfill_endpoint_exists_and_validates_range[microsoft-ads]" time="0.008" /><testcase classname="tests.test_iter335c_ads_backfill_parity" name="test_backfill_endpoint_exists_and_validates_range[meta-ads]" time="0.008" /><testcase classname="tests.test_iter335c_ads_backfill_parity" name="test_backfill_requires_auth[google-ads]" time="0.002" /><testcase classname="tests.test_iter335c_ads_backfill_parity" name="test_backfill_requires_auth[microsoft-ads]" time="0.002" /><testcase classname="tests.test_iter335c_ads_backfill_parity" name="test_backfill_requires_auth[meta-ads]" time="0.002" /><testcase classname="tests.test_iter335d_promote_wizard" name="test_fresh_maker_returns_wizard_eligible_state" time="0.007" /><testcase classname="tests.test_iter335d_promote_wizard" name="test_funded_wallet_does_not_trigger_wizard" time="0.006" /><testcase classname="tests.test_iter335d_promote_wizard" name="test_campaign_exists_does_not_trigger_wizard" time="0.008" /><testcase classname="tests.test_iter335d_promote_wizard" name="test_wizard_save_endpoint_creates_campaign" time="0.006" /><testcase classname="tests.test_iter335e_google_meta_gateway_live" name="test_google_not_eligible_without_oauth" time="0.001" /><testcase classname="tests.test_iter335e_google_meta_gateway_live" name="test_google_not_eligible_without_env_vars" time="0.002" /><testcase classname="tests.test_iter335e_google_meta_gateway_live" name="test_google_create_campaign_raises_when_not_eligible" time="0.001" /><testcase classname="tests.test_iter335e_google_meta_gateway_live" name="test_meta_not_eligible_without_oauth" time="0.001" /><testcase classname="tests.test_iter335e_google_meta_gateway_live" name="test_meta_not_eligible_without_ad_account" time="0.002" /><testcase classname="tests.test_iter335e_google_meta_gateway_live" name="test_meta_not_eligible_without_management_scope" time="0.002" /><testcase classname="tests.test_iter335e_google_meta_gateway_live" name="test_meta_eligible_when_scope_present" time="0.002" /><testcase classname="tests.test_iter335e_google_meta_gateway_live" name="test_meta_eligible_with_space_separated_scopes" time="0.002" /><testcase classname="tests.test_iter335e_google_meta_gateway_live" name="test_meta_create_campaign_raises_when_not_eligible" time="0.001" /><testcase classname="tests.test_iter335e_google_meta_gateway_live" name="test_meta_scopes_includes_management_when_flag_set" time="0.001" /><testcase classname="tests.test_iter335e_google_meta_gateway_live" name="test_meta_scopes_excludes_management_when_flag_unset" time="0.001" /><testcase classname="tests.test_iter335f_conversions_uploader" name="test_sha256_normalizes_email_per_meta_spec" time="0.001" /><testcase classname="tests.test_iter335f_conversions_uploader" name="test_no_click_ids_means_no_uploads" time="0.002" /><testcase classname="tests.test_iter335f_conversions_uploader" name="test_fbclid_fires_only_meta" time="0.002" /><testcase classname="tests.test_iter335f_conversions_uploader" name="test_all_three_click_ids_fire_all_three_channels" time="0.002" /><testcase classname="tests.test_iter335f_conversions_uploader" name="test_one_channel_failure_doesnt_block_others" time="0.003" /><testcase classname="tests.test_iter335f_conversions_uploader" name="test_idempotent_on_repeat_fire" time="0.002" /><testcase classname="tests.test_iter335f_conversions_uploader" name="test_idempotency_retries_failed_channels" time="0.003" /><testcase classname="tests.test_iter335f_conversions_uploader" name="test_meta_missing_config_logs_error_not_crash" time="0.002" /><testcase classname="tests.test_iter335g_conversion_replay_cron" name="test_replay_retries_recent_errored_rows" time="0.021" /><testcase classname="tests.test_iter335g_conversion_replay_cron" name="test_replay_skips_already_successful_rows" time="0.005" /><testcase classname="tests.test_iter335g_conversion_replay_cron" name="test_replay_skips_rows_older_than_7_days" time="0.003" /><testcase classname="tests.test_iter335g_conversion_replay_cron" name="test_replay_handles_missing_payment_transaction_gracefully" time="0.003" /><testcase classname="tests.test_iter335g_conversion_replay_cron" name="test_replay_partial_success_updates_only_succeeded_channels" time="0.007" /><testcase classname="tests.test_iter335h_attribution_health" name="test_attribution_health_empty_window" time="0.008" /><testcase classname="tests.test_iter335h_attribution_health" name="test_attribution_health_computes_coverage_and_per_channel" time="0.007" /><testcase classname="tests.test_iter335h_attribution_health" name="test_attribution_health_ignores_rows_outside_window" time="0.006" /><testcase classname="tests.test_iter335h_attribution_health" name="test_attribution_health_requires_admin" time="0.002" /><testcase classname="tests.test_iter335i_themes_and_autoapply" name="test_create_theme_validates_dates_and_slug_uniqueness" time="0.011" /><testcase classname="tests.test_iter335i_themes_and_autoapply" name="test_find_active_themes_matches_category" time="0.004" /><testcase classname="tests.test_iter335i_themes_and_autoapply" name="test_find_active_themes_empty_filter_matches_all" time="0.003" /><testcase classname="tests.test_iter335i_themes_and_autoapply" name="test_claim_subsidy_respects_caps" time="0.005" /><testcase classname="tests.test_iter335i_themes_and_autoapply" name="test_claim_subsidy_per_maker_cap_blocks_repeat_claims" time="0.005" /><testcase classname="tests.test_iter335i_themes_and_autoapply" name="test_set_status_transitions" time="0.006" /><testcase classname="tests.test_iter335i_themes_and_autoapply" name="test_set_status_rejects_invalid_value" time="0.005" /><testcase classname="tests.test_iter335i_themes_and_autoapply" name="test_auto_apply_credits_then_fires_allocator" time="0.010" /><testcase classname="tests.test_iter335j_recommend_and_themes" name="test_recommend_empty_catalog_returns_floor" time="2.088" /><testcase classname="tests.test_iter335j_recommend_and_themes" name="test_recommend_uses_maker_history_when_present" time="0.005" /><testcase classname="tests.test_iter335j_recommend_and_themes" name="test_recommend_goal_changes_saturation_ceiling" time="0.006" /><testcase classname="tests.test_iter335j_recommend_and_themes" name="test_recommend_clamps_to_floor_and_ceiling" time="0.003" /><testcase classname="tests.test_iter335j_recommend_and_themes" name="test_recommend_endpoint_requires_auth" time="0.005" /><testcase classname="tests.test_iter335j_recommend_and_themes" name="test_recommend_endpoint_rejects_bad_goal" time="0.005" /><testcase classname="tests.test_iter335j_recommend_and_themes" name="test_recommend_endpoint_happy_path" time="2.762" /><testcase classname="tests.test_iter335j_recommend_and_themes" name="test_active_themes_endpoint_returns_matching_themes_only" time="0.007" /><testcase classname="tests.test_iter335j_recommend_and_themes" name="test_active_themes_endpoint_excludes_drained_or_inactive" time="0.006" /><testcase classname="tests.test_iter335j_recommend_and_themes" name="test_active_themes_reports_per_maker_remaining" time="0.006" /><testcase classname="tests.test_iter335k_phase4_weights_and_themes_suggest" name="test_channel_weights_cold_start_returns_equal_weights" time="0.006" /><testcase classname="tests.test_iter335k_phase4_weights_and_themes_suggest" name="test_channel_weights_compute_real_roas" time="0.008" /><testcase classname="tests.test_iter335k_phase4_weights_and_themes_suggest" name="test_channel_weights_persist_and_read" time="0.006" /><testcase classname="tests.test_iter335k_phase4_weights_and_themes_suggest" name="test_channel_weights_endpoint_requires_admin" time="0.005" /><testcase classname="tests.test_iter335k_phase4_weights_and_themes_suggest" name="test_channel_weights_endpoint_returns_data" time="0.005" /><testcase classname="tests.test_iter335k_phase4_weights_and_themes_suggest" name="test_channel_weights_recompute_endpoint" time="0.007" /><testcase classname="tests.test_iter335k_phase4_weights_and_themes_suggest" name="test_theme_suggest_empty_when_no_orders" time="0.004" /><testcase classname="tests.test_iter335k_phase4_weights_and_themes_suggest" name="test_theme_suggest_finds_growing_tag" time="0.005" /><testcase classname="tests.test_iter335k_phase4_weights_and_themes_suggest" name="test_theme_suggest_skips_blacklisted_and_single_maker" time="0.005" /><testcase classname="tests.test_iter335k_phase4_weights_and_themes_suggest" name="test_theme_suggest_skips_already_covered" time="0.005" /><testcase classname="tests.test_iter335k_phase4_weights_and_themes_suggest" name="test_theme_suggest_endpoint_requires_admin" time="0.005" /><testcase classname="tests.test_iter335k_phase4_weights_and_themes_suggest" name="test_theme_suggest_endpoint_happy_path" time="0.005" /><testcase classname="tests.test_iter335l_maker_leaderboard" name="test_leaderboard_empty_when_no_activity" time="0.006" /><testcase classname="tests.test_iter335l_maker_leaderboard" name="test_leaderboard_returns_503_when_disabled" time="0.005" /><testcase classname="tests.test_iter335l_maker_leaderboard" name="test_leaderboard_ranks_by_composite_score" time="0.011" /><testcase classname="tests.test_iter335l_maker_leaderboard" name="test_leaderboard_excludes_rejected_makers" time="0.008" /><testcase classname="tests.test_iter335l_maker_leaderboard" name="test_leaderboard_respects_window_param" time="0.011" /><testcase classname="tests.test_iter335l_maker_leaderboard" name="test_leaderboard_carries_veteran_flag_and_image" time="0.007" /><testcase classname="tests.test_iter335l_maker_leaderboard" name="test_public_settings_exposes_leaderboard_enabled" time="0.005" /><testcase classname="tests.test_iter335l_maker_leaderboard" name="test_admin_can_toggle_leaderboard" time="0.008" /><testcase classname="tests.test_iter335m_channel_split_and_theme_digest" name="test_channel_split_requires_auth" time="0.004" /><testcase classname="tests.test_iter335m_channel_split_and_theme_digest" name="test_channel_split_returns_cold_start_when_no_weights" time="0.006" /><testcase classname="tests.test_iter335m_channel_split_and_theme_digest" name="test_channel_split_normalizes_over_eligible_channels" time="0.005" /><testcase classname="tests.test_iter335m_channel_split_and_theme_digest" name="test_channel_split_equal_when_all_eligible_have_zero_weight" time="0.007" /><testcase classname="tests.test_iter335m_channel_split_and_theme_digest" name="test_send_ops_trending_themes_digest_skips_when_no_ops_email" time="0.003" /><testcase classname="tests.test_iter335m_channel_split_and_theme_digest" name="test_send_ops_trending_themes_digest_skips_empty" time="0.002" /><testcase classname="tests.test_iter335m_channel_split_and_theme_digest" name="test_send_ops_trending_themes_digest_sends_with_suggestions" time="0.002" /><testcase classname="tests.test_iter335m_channel_split_and_theme_digest" name="test_theme_digest_cron_idempotent" time="0.003" /><testcase classname="tests.test_iter335m_channel_split_and_theme_digest" name="test_theme_digest_cron_skips_below_threshold" time="0.003" /></testsuite></testsuites>