<?xml version="1.0" encoding="utf-8"?><testsuites name="pytest tests"><testsuite name="pytest" errors="0" failures="0" skipped="0" tests="14" time="4.567" timestamp="2026-04-26T20:14:22.393536+00:00" hostname="agent-env-da415db6-4cc4-4a72-a064-87776e08c06a"><testcase classname="tests.test_iter20_follow_notify.TestFollowStatus" name="test_unauth_returns_count_only" time="0.281" /><testcase classname="tests.test_iter20_follow_notify.TestFollowStatus" name="test_with_buyer_jwt_reflects_user" time="0.132" /><testcase classname="tests.test_iter20_follow_notify.TestFollowMutations" name="test_post_without_jwt_is_401" time="0.122" /><testcase classname="tests.test_iter20_follow_notify.TestFollowMutations" name="test_post_unknown_maker_404" time="0.102" /><testcase classname="tests.test_iter20_follow_notify.TestFollowMutations" name="test_frozen_user_403" time="0.120" /><testcase classname="tests.test_iter20_follow_notify.TestFollowMutations" name="test_follow_increments_then_idempotent" time="0.371" /><testcase classname="tests.test_iter20_follow_notify.TestFollowMutations" name="test_delete_decrements" time="0.262" /><testcase classname="tests.test_iter20_follow_notify.TestFollowMutations" name="test_status_with_jwt_reflects_following_true" time="0.111" /><testcase classname="tests.test_iter20_follow_notify.TestListingNotify" name="test_published_first_call_sends_then_idempotent" time="0.764" /><testcase classname="tests.test_iter20_follow_notify.TestListingNotify" name="test_draft_returns_not_published" time="0.024" /><testcase classname="tests.test_iter20_follow_notify.TestListingNotify" name="test_unknown_product" time="0.001" /><testcase classname="tests.test_iter20_follow_notify.TestListingNotify" name="test_maker_not_found" time="0.008" /><testcase classname="tests.test_iter20_follow_notify.TestMakerCreatePublishHooks" name="test_create_published_stamps_published_at" time="1.005" /><testcase classname="tests.test_iter20_follow_notify.TestMakerCreatePublishHooks" name="test_publish_draft_stamps_and_idempotent" time="1.007" /></testsuite></testsuites>