<?xml version="1.0" encoding="utf-8"?><testsuites name="pytest tests"><testsuite name="pytest" errors="0" failures="0" skipped="0" tests="5" time="1.515" timestamp="2026-04-26T06:49:16.585513+00:00" hostname="agent-env-da415db6-4cc4-4a72-a064-87776e08c06a"><testcase classname="backend.tests.test_iter17_two_axis_low_stock_sweep.TestTwoAxisVariants" name="test_create_with_two_axis_variants_round_trip" time="0.411" /><testcase classname="backend.tests.test_iter17_two_axis_low_stock_sweep.TestLowStockHelperProduct" name="test_product_level_drop_below_threshold" time="0.089" /><testcase classname="backend.tests.test_iter17_two_axis_low_stock_sweep.TestLowStockHelperVariant" name="test_variant_drop_below_threshold" time="0.002" /><testcase classname="backend.tests.test_iter17_two_axis_low_stock_sweep.TestAdminR2Sweep" name="test_dry_run_returns_summary_shape" time="0.663" /><testcase classname="backend.tests.test_iter17_two_axis_low_stock_sweep.TestAdminR2Sweep" name="test_sweep_requires_admin" time="0.101" /></testsuite></testsuites>