<?xml version="1.0" encoding="utf-8"?><testsuites name="pytest tests"><testsuite name="pytest" errors="0" failures="0" skipped="0" tests="14" time="6.510" timestamp="2026-04-30T15:29:44.828854+00:00" hostname="agent-env-da415db6-4cc4-4a72-a064-87776e08c06a"><testcase classname="tests.test_iter68_stl_thumbnail.TestRendererUnit" name="test_corrupted_stl_raises_value_error" time="0.376" /><testcase classname="tests.test_iter68_stl_thumbnail.TestRendererUnit" name="test_empty_stl_raises_value_error" time="0.000" /><testcase classname="tests.test_iter68_stl_thumbnail.TestRendererUnit" name="test_real_stl_renders_png" time="0.056" /><testcase classname="tests.test_iter68_stl_thumbnail.TestRenderEndpoint" name="test_01_upload_stl_only_bundle" time="0.866" /><testcase classname="tests.test_iter68_stl_thumbnail.TestRenderEndpoint" name="test_02_anonymous_401" time="0.117" /><testcase classname="tests.test_iter68_stl_thumbnail.TestRenderEndpoint" name="test_03_cross_maker_forbidden" time="0.604" /><testcase classname="tests.test_iter68_stl_thumbnail.TestRenderEndpoint" name="test_04_buyer_forbidden" time="0.247" /><testcase classname="tests.test_iter68_stl_thumbnail.TestRenderEndpoint" name="test_05_happy_path" time="1.309" /><testcase classname="tests.test_iter68_stl_thumbnail.TestRenderEndpoint" name="test_06_png_url_valid" time="0.514" /><testcase classname="tests.test_iter68_stl_thumbnail.TestRenderEndpoint" name="test_07_db_fields_persisted" time="0.196" /><testcase classname="tests.test_iter68_stl_thumbnail.TestRenderEndpoint" name="test_08_idempotent_conflict" time="0.145" /><testcase classname="tests.test_iter68_stl_thumbnail.TestRenderEndpoint" name="test_09_no_stl_bundle_400" time="0.797" /><testcase classname="tests.test_iter68_stl_thumbnail.TestRenderEndpoint" name="test_10_unknown_file_404" time="0.145" /><testcase classname="tests.test_iter68_stl_thumbnail.TestRenderEndpoint" name="test_11_corrupted_stl_422" time="0.868" /></testsuite></testsuites>