<?xml version="1.0" encoding="utf-8"?><testsuites name="pytest tests"><testsuite name="pytest" errors="0" failures="0" skipped="0" tests="14" time="3.456" timestamp="2026-07-03T14:11:14.364504+00:00" hostname="agent-env-da415db6-4cc4-4a72-a064-87776e08c06a"><testcase classname="tests.test_iter331_homepage_rotation" name="test_public_endpoint_returns_scored_selection" time="0.539" /><testcase classname="tests.test_iter331_homepage_rotation" name="test_admin_config_defaults_and_patch_and_validation" time="0.480" /><testcase classname="tests.test_iter331_homepage_rotation" name="test_period_guard_prevents_impression_inflation" time="0.311" /><testcase classname="tests.test_iter331_homepage_rotation" name="test_fair_exposure_spreads_evenly_over_cycle" time="0.057" /><testcase classname="tests.test_iter331_homepage_rotation" name="test_excluded_slug_never_appears" time="0.595" /><testcase classname="tests.test_iter331_homepage_rotation" name="test_preview_endpoint_returns_full_scored_list" time="0.233" /><testcase classname="tests.test_iter331_homepage_rotation" name="test_activity_signals_contribute_to_score" time="0.001" /><testcase classname="tests.test_iter331_homepage_rotation" name="test_retuned_weights_defaults" time="0.000" /><testcase classname="tests.test_iter331_homepage_rotation" name="test_lifecycle_ineligibility_gates" time="0.009" /><testcase classname="tests.test_iter331_homepage_rotation" name="test_period_lock_survives_mid_period_activity" time="0.177" /><testcase classname="tests.test_iter331_homepage_rotation" name="test_refill_when_featured_maker_becomes_ineligible" time="0.159" /><testcase classname="tests.test_iter331_homepage_rotation" name="test_ledger_records_selection" time="0.128" /><testcase classname="tests.test_iter331_homepage_rotation" name="test_ledger_admin_endpoint" time="0.447" /><testcase classname="tests.test_iter331_homepage_rotation" name="test_growth_simulation_scales_and_stays_fair" time="0.267" /></testsuite></testsuites>