<?xml version="1.0" encoding="utf-8"?><testsuites name="pytest tests"><testsuite name="pytest" errors="0" failures="0" skipped="0" tests="5" time="2.146" timestamp="2026-04-30T03:18:12.094844+00:00" hostname="agent-env-da415db6-4cc4-4a72-a064-87776e08c06a"><testcase classname="backend.tests.test_iter55_stripe_409_and_autoroute.TestStripeDashboardLink" name="test_auth_required" time="0.144" /><testcase classname="backend.tests.test_iter55_stripe_409_and_autoroute.TestStripeDashboardLink" name="test_happy_path_returns_login_url" time="0.949" /><testcase classname="backend.tests.test_iter55_stripe_409_and_autoroute.TestStripeDashboardLink" name="test_409_when_charges_disabled" time="0.153" /><testcase classname="backend.tests.test_iter55_stripe_409_and_autoroute.TestStripeDashboardLink" name="test_400_when_no_stripe_account" time="0.241" /><testcase classname="backend.tests.test_iter55_stripe_409_and_autoroute.TestAdminAutorouteTopMatch" name="test_push_with_autoroute_note" time="0.581" /></testsuite></testsuites>