<?xml version="1.0" encoding="utf-8"?><testsuites name="pytest tests"><testsuite name="pytest" errors="0" failures="0" skipped="0" tests="19" time="4.516" timestamp="2026-06-10T19:23:48.063142+00:00" hostname="agent-env-da415db6-4cc4-4a72-a064-87776e08c06a"><testcase classname="tests.test_iter350_pinterest_catalog_http.TestCatalogHealth" name="test_health_returns_200" time="0.145" /><testcase classname="tests.test_iter350_pinterest_catalog_http.TestCatalogHealth" name="test_health_schema_and_types" time="0.000" /><testcase classname="tests.test_iter350_pinterest_catalog_http.TestCatalogHealth" name="test_health_serves_83_plus_products" time="0.000" /><testcase classname="tests.test_iter350_pinterest_catalog_http.TestCatalogTSVHeaders" name="test_tsv_returns_200" time="0.205" /><testcase classname="tests.test_iter350_pinterest_catalog_http.TestCatalogTSVHeaders" name="test_tsv_content_type" time="0.000" /><testcase classname="tests.test_iter350_pinterest_catalog_http.TestCatalogTSVHeaders" name="test_tsv_content_disposition_filename" time="0.000" /><testcase classname="tests.test_iter350_pinterest_catalog_http.TestCatalogTSVBody" name="test_header_row_exact_columns" time="0.001" /><testcase classname="tests.test_iter350_pinterest_catalog_http.TestCatalogTSVBody" name="test_at_least_83_product_rows" time="0.000" /><testcase classname="tests.test_iter350_pinterest_catalog_http.TestCatalogTSVBody" name="test_every_row_has_required_fields" time="0.000" /><testcase classname="tests.test_iter350_pinterest_catalog_http.TestCatalogTSVBody" name="test_price_format_NNN_dot_NN_USD" time="0.000" /><testcase classname="tests.test_iter350_pinterest_catalog_http.TestCatalogTSVBody" name="test_availability_values_in_allowed_set" time="0.000" /><testcase classname="tests.test_iter350_pinterest_catalog_http.TestCatalogTSVBody" name="test_condition_always_new" time="0.000" /><testcase classname="tests.test_iter350_pinterest_catalog_http.TestCatalogTSVBody" name="test_brand_non_empty" time="0.000" /><testcase classname="tests.test_iter350_pinterest_catalog_http.TestAbsoluteImageURL" name="test_seed_images_converted_to_https_craftersmarket_org" time="0.000" /><testcase classname="tests.test_iter350_pinterest_catalog_http.TestAbsoluteImageURL" name="test_no_relative_image_paths" time="0.000" /><testcase classname="tests.test_iter350_pinterest_catalog_http.TestUserAgentHeuristic" name="test_pinterestbot_ua_updates_last_pinterest_fetch_at" time="1.307" /><testcase classname="tests.test_iter350_pinterest_catalog_http.TestUserAgentHeuristic" name="test_curl_ua_leaves_pinterest_ts_but_updates_any_ua" time="2.560" /><testcase classname="tests.test_iter350_pinterest_catalog_http.TestStreamingResponse" name="test_full_body_parseable_and_consistent_with_health_count" time="0.000" /><testcase classname="tests.test_iter350_pinterest_catalog_http.TestRegressions" name="test_products_limit_5_still_200" time="0.195" /></testsuite></testsuites>