<?xml version="1.0" encoding="utf-8"?><testsuites name="pytest tests"><testsuite name="pytest" errors="0" failures="1" skipped="0" tests="11" time="1.851" timestamp="2026-04-30T01:00:54.833140+00:00" hostname="agent-env-da415db6-4cc4-4a72-a064-87776e08c06a"><testcase classname="tests.test_iter50_shop_appearance.TestInfoAppearance" name="test_patch_new_fields_persists" time="0.532" /><testcase classname="tests.test_iter50_shop_appearance.TestInfoAppearance" name="test_public_maker_shows_fields" time="0.147" /><testcase classname="tests.test_iter50_shop_appearance.TestAccountLifecycle" name="test_01_close_shop" time="0.102" /><testcase classname="tests.test_iter50_shop_appearance.TestAccountLifecycle" name="test_02_public_shows_closed_banner_field" time="0.176" /><testcase classname="tests.test_iter50_shop_appearance.TestAccountLifecycle" name="test_03_reopen_shop" time="0.109" /><testcase classname="tests.test_iter50_shop_appearance.TestAccountLifecycle" name="test_04_request_deletion" time="0.172" /><testcase classname="tests.test_iter50_shop_appearance.TestAccountLifecycle" name="test_05_dup_deletion_returns_400" time="0.050" /><testcase classname="tests.test_iter50_shop_appearance.TestAccountLifecycle" name="test_06_cancel_deletion" time="0.108" /><testcase classname="tests.test_iter50_shop_appearance.TestAccountLifecycle" name="test_07_cancel_deletion_no_pending_400" time="0.052" /><testcase classname="tests.test_iter50_shop_appearance.TestAccountLifecycle" name="test_08_reopen_after_deletion_cancel" time="0.101" /><testcase classname="tests.test_iter50_shop_appearance.TestAuditRow" name="test_audit_row_written" time="0.182"><failure message="AssertionError: admin_audit row missing&#10;assert None is not None">tests/test_iter50_shop_appearance.py:152: in test_audit_row_written
    assert doc is not None, "admin_audit row missing"
E   AssertionError: admin_audit row missing
E   assert None is not None</failure></testcase></testsuite></testsuites>