<?xml version="1.0" encoding="utf-8"?><testsuites name="pytest tests"><testsuite name="pytest" errors="0" failures="0" skipped="0" tests="30" time="7.309" timestamp="2026-04-26T06:48:21.332797+00:00" hostname="agent-env-da415db6-4cc4-4a72-a064-87776e08c06a"><testcase classname="backend.tests.test_iter15_self_serve_listings.TestAuth" name="test_create_requires_auth" time="0.230" /><testcase classname="backend.tests.test_iter15_self_serve_listings.TestAuth" name="test_delete_requires_auth" time="0.115" /><testcase classname="backend.tests.test_iter15_self_serve_listings.TestAuth" name="test_buyer_jwt_rejected" time="0.213" /><testcase classname="backend.tests.test_iter15_self_serve_listings.TestAuth" name="test_cannot_delete_other_makers_listing" time="0.378" /><testcase classname="backend.tests.test_iter15_self_serve_listings.TestAuth" name="test_validation" time="1.074" /><testcase classname="backend.tests.test_iter15_self_serve_listings.TestCreate" name="test_creates_with_auto_slug" time="0.244" /><testcase classname="backend.tests.test_iter15_self_serve_listings.TestCreate" name="test_slug_collision_appends_suffix" time="0.221" /><testcase classname="backend.tests.test_iter15_self_serve_listings.TestCreate" name="test_appears_in_public_catalog" time="0.381" /><testcase classname="backend.tests.test_iter15_self_serve_listings.TestDeleteRestore" name="test_delete_hides_from_public_but_listing_persists" time="0.653" /><testcase classname="backend.tests.test_iter15_self_serve_listings.TestDeleteRestore" name="test_delete_is_idempotent" time="0.315" /><testcase classname="backend.tests.test_iter15_self_serve_listings.TestDeleteRestore" name="test_restore_re_publishes" time="0.423" /><testcase classname="backend.tests.test_iter15_self_serve_listings.TestDeleteRestore" name="test_checkout_blocks_deleted_listings" time="0.329" /><testcase classname="backend.tests.test_iter16_drafts_variants_glb.TestCreateDraftVariants" name="test_status_draft_and_two_variants_with_ids" time="0.189" /><testcase classname="backend.tests.test_iter16_drafts_variants_glb.TestDraftVisibility" name="test_public_catalog_excludes_draft" time="0.117" /><testcase classname="backend.tests.test_iter16_drafts_variants_glb.TestDraftVisibility" name="test_public_direct_fetch_returns_404" time="0.100" /><testcase classname="backend.tests.test_iter16_drafts_variants_glb.TestDraftVisibility" name="test_maker_list_includes_draft" time="0.110" /><testcase classname="backend.tests.test_iter16_drafts_variants_glb.TestPublishUnpublish" name="test_publish_then_unpublish" time="0.481" /><testcase classname="backend.tests.test_iter16_drafts_variants_glb.TestCartQuoteVariants" name="test_quote_requires_variant_when_product_has_variants" time="0.211" /><testcase classname="backend.tests.test_iter16_drafts_variants_glb.TestCartQuoteVariants" name="test_quote_with_variant_applies_price_delta" time="0.223" /><testcase classname="backend.tests.test_iter16_drafts_variants_glb.TestCartQuoteVariants" name="test_quote_with_variant_zero_delta" time="0.224" /><testcase classname="backend.tests.test_iter16_drafts_variants_glb.TestGlbUpload" name="test_upload_returns_r2_url" time="0.605" /><testcase classname="backend.tests.test_iter16_drafts_variants_glb.TestGlbUpload" name="test_upload_rejects_non_glb" time="0.105" /><testcase classname="backend.tests.test_r2_storage.TestUploadDataUrl" name="test_decodes_and_uploads_png" time="0.001" /><testcase classname="backend.tests.test_r2_storage.TestUploadDataUrl" name="test_returns_none_for_non_data_url" time="0.000" /><testcase classname="backend.tests.test_r2_storage.TestUploadDataUrl" name="test_rejects_unsupported_type" time="0.000" /><testcase classname="backend.tests.test_r2_storage.TestPublicUrlAndKey" name="test_public_url_strips_leading_slash" time="0.000" /><testcase classname="backend.tests.test_r2_storage.TestPublicUrlAndKey" name="test_key_from_public_url_roundtrip" time="0.000" /><testcase classname="backend.tests.test_r2_storage.TestUploadBytesSizeGuard" name="test_rejects_oversize" time="0.001" /><testcase classname="backend.tests.test_sweep_r2" name="test_collect_referenced_keys_extracts_keys_from_images_and_model_url" time="0.001" /><testcase classname="backend.tests.test_sweep_r2" name="test_dry_run_does_not_delete" time="0.003" /></testsuite></testsuites>