<?xml version="1.0" encoding="utf-8"?><testsuites name="pytest tests"><testsuite name="pytest" errors="0" failures="0" skipped="0" tests="16" time="27.958" timestamp="2026-06-10T18:53:12.443826+00:00" hostname="agent-env-da415db6-4cc4-4a72-a064-87776e08c06a"><testcase classname="tests.test_iter347_ads_push_meta_microsoft.TestPreflights" name="test_google_preflight_still_200" time="0.482" /><testcase classname="tests.test_iter347_ads_push_meta_microsoft.TestPreflights" name="test_meta_preflight_returns_eligible_false" time="0.127" /><testcase classname="tests.test_iter347_ads_push_meta_microsoft.TestPreflights" name="test_microsoft_preflight_returns_eligible_false" time="0.150" /><testcase classname="tests.test_iter347_ads_push_meta_microsoft.TestPreflights" name="test_google_preflight_requires_admin" time="0.116" /><testcase classname="tests.test_iter347_ads_push_meta_microsoft.TestPreflights" name="test_meta_preflight_requires_admin" time="0.120" /><testcase classname="tests.test_iter347_ads_push_meta_microsoft.TestPreflights" name="test_microsoft_preflight_requires_admin" time="0.116" /><testcase classname="tests.test_iter347_ads_push_meta_microsoft.TestPushValidation" name="test_push_meta_404_for_missing_draft" time="0.117" /><testcase classname="tests.test_iter347_ads_push_meta_microsoft.TestPushValidation" name="test_push_microsoft_404_for_missing_draft" time="0.108" /><testcase classname="tests.test_iter347_ads_push_meta_microsoft.TestPushValidation" name="test_push_meta_422_below_min_budget" time="0.112" /><testcase classname="tests.test_iter347_ads_push_meta_microsoft.TestPushValidation" name="test_push_microsoft_422_below_min_budget" time="0.170" /><testcase classname="tests.test_iter347_ads_push_meta_microsoft.TestPushHappyPath" name="test_meta_push_returns_409_when_not_connected" time="7.041" /><testcase classname="tests.test_iter347_ads_push_meta_microsoft.TestPushHappyPath" name="test_microsoft_push_returns_409_when_not_connected" time="5.973" /><testcase classname="tests.test_iter347_ads_push_meta_microsoft.TestChannelValidation" name="test_meta_only_draft_pushed_to_microsoft_400" time="7.727" /><testcase classname="tests.test_iter347_ads_push_meta_microsoft.TestChannelValidation" name="test_google_only_draft_pushed_to_meta_400" time="5.248" /><testcase classname="tests.test_iter347_ads_push_meta_microsoft.TestRegression" name="test_pushes_list_returns_200" time="0.115" /><testcase classname="tests.test_iter347_ads_push_meta_microsoft.TestRegression" name="test_products_endpoint_returns_200" time="0.133" /></testsuite></testsuites>