<?xml version="1.0" encoding="utf-8"?><testsuites name="pytest tests"><testsuite name="pytest" errors="0" failures="0" skipped="0" tests="9" time="10.932" timestamp="2026-06-27T15:23:43.590376+00:00" hostname="agent-env-da415db6-4cc4-4a72-a064-87776e08c06a"><testcase classname="tests.test_iter413cu_compass.TestCompassChatIdentity" name="test_who_are_you_mentions_compass" time="3.391" /><testcase classname="tests.test_iter413cu_compass.TestCompassChatIdentity" name="test_video_not_supported_still_works" time="7.149" /><testcase classname="tests.test_iter413cu_compass.TestCompassBrandAssets" name="test_asset_served[/brand/compass-master.svg-svg]" time="0.048" /><testcase classname="tests.test_iter413cu_compass.TestCompassBrandAssets" name="test_asset_served[/brand/compass-light.svg-svg]" time="0.044" /><testcase classname="tests.test_iter413cu_compass.TestCompassBrandAssets" name="test_asset_served[/brand/compass-dark.svg-svg]" time="0.046" /><testcase classname="tests.test_iter413cu_compass.TestCompassBrandAssets" name="test_asset_served[/brand/compass-brand.svg-svg]" time="0.045" /><testcase classname="tests.test_iter413cu_compass.TestCompassBrandAssets" name="test_asset_served[/brand/compass-avatar.svg-svg]" time="0.044" /><testcase classname="tests.test_iter413cu_compass.TestCompassBrandAssets" name="test_asset_served[/brand/compass-favicon.svg-svg]" time="0.047" /><testcase classname="tests.test_iter413cu_compass.TestCompassBrandAssets" name="test_asset_served[/brand/README.md-text]" time="0.046" /></testsuite></testsuites>