<?xml version="1.0" encoding="utf-8"?><testsuites name="pytest tests"><testsuite name="pytest" errors="0" failures="0" skipped="0" tests="16" time="3.309" timestamp="2026-04-30T13:27:17.994157+00:00" hostname="agent-env-da415db6-4cc4-4a72-a064-87776e08c06a"><testcase classname="backend.tests.test_iter45_shipping_analytics.TestAuth" name="test_no_token_rejected" time="0.368" /><testcase classname="backend.tests.test_iter45_shipping_analytics.TestAuth" name="test_garbage_token_rejected" time="0.145" /><testcase classname="backend.tests.test_iter45_shipping_analytics.TestDefault30d" name="test_returns_200_with_expected_keys" time="0.263" /><testcase classname="backend.tests.test_iter45_shipping_analytics.TestDefault30d" name="test_default_days_is_30" time="0.105" /><testcase classname="backend.tests.test_iter45_shipping_analytics.TestDefault30d" name="test_series_oldest_first_and_zero_filled" time="0.113" /><testcase classname="backend.tests.test_iter45_shipping_analytics.TestDefault30d" name="test_each_row_has_required_keys_and_int_cents" time="0.150" /><testcase classname="backend.tests.test_iter45_shipping_analytics.TestDefault30d" name="test_per_day_total_equals_sum_of_carriers" time="0.186" /><testcase classname="backend.tests.test_iter45_shipping_analytics.TestDefault30d" name="test_totals_match_series_aggregation" time="0.540" /><testcase classname="backend.tests.test_iter45_shipping_analytics.TestSeedExpectations" name="test_today_bucket_has_4_labels_1950_cents_usps" time="0.197" /><testcase classname="backend.tests.test_iter45_shipping_analytics.TestSeedExpectations" name="test_top_carrier_is_usps" time="0.135" /><testcase classname="backend.tests.test_iter45_shipping_analytics.TestClamping" name="test_days_below_7_clamped_to_7" time="0.145" /><testcase classname="backend.tests.test_iter45_shipping_analytics.TestClamping" name="test_days_zero_clamped_to_7" time="0.127" /><testcase classname="backend.tests.test_iter45_shipping_analytics.TestClamping" name="test_days_above_180_clamped_to_180" time="0.117" /><testcase classname="backend.tests.test_iter45_shipping_analytics.TestClamping" name="test_days_7_returns_7" time="0.117" /><testcase classname="backend.tests.test_iter45_shipping_analytics.TestClamping" name="test_days_90_returns_90" time="0.111" /><testcase classname="backend.tests.test_iter45_shipping_analytics.TestWindowNarrowing" name="test_7d_totals_le_30d_totals" time="0.213" /></testsuite></testsuites>