<?xml version="1.0" encoding="utf-8"?><testsuites name="pytest tests"><testsuite name="pytest" errors="0" failures="0" skipped="0" tests="6" time="1.506" timestamp="2026-04-26T03:28:32.586398+00:00" hostname="agent-env-da415db6-4cc4-4a72-a064-87776e08c06a"><testcase classname="backend.tests.test_iter10_maker_analytics.TestMakerAnalytics" name="test_unauth_rejected" time="0.162" /><testcase classname="backend.tests.test_iter10_maker_analytics.TestMakerAnalytics" name="test_buyer_jwt_rejected" time="0.285" /><testcase classname="backend.tests.test_iter10_maker_analytics.TestMakerAnalytics" name="test_maker_jwt_rejected" time="0.284" /><testcase classname="backend.tests.test_iter10_maker_analytics.TestMakerAnalytics" name="test_unknown_maker_404" time="0.241" /><testcase classname="backend.tests.test_iter10_maker_analytics.TestMakerAnalytics" name="test_happy_path_shape" time="0.155" /><testcase classname="backend.tests.test_iter10_maker_analytics.TestMakerAnalytics" name="test_no_id_leak" time="0.126" /></testsuite></testsuites>