<?xml version="1.0" encoding="utf-8"?><testsuites name="pytest tests"><testsuite name="pytest" errors="0" failures="0" skipped="0" tests="2" time="0.680" timestamp="2026-06-27T13:51:24.245589+00:00" hostname="agent-env-da415db6-4cc4-4a72-a064-87776e08c06a"><testcase classname="tests.test_iter413cp_batch2" name="test_video_upload_rejected_for_authed_maker" time="0.502" /><testcase classname="tests.test_iter413cp_batch2" name="test_video_upload_still_requires_auth" time="0.145" /></testsuite></testsuites>