<?xml version="1.0" encoding="utf-8"?><testsuites name="pytest tests"><testsuite name="pytest" errors="0" failures="0" skipped="0" tests="3" time="1.735" timestamp="2026-05-23T03:07:59.014442+00:00" hostname="agent-env-da415db6-4cc4-4a72-a064-87776e08c06a"><testcase classname="tests.test_review_csv_import" name="test_csv_import_full_lifecycle" time="1.371" /><testcase classname="tests.test_review_csv_import" name="test_csv_import_rejects_missing_columns" time="0.148" /><testcase classname="tests.test_review_csv_import" name="test_csv_import_requires_maker_auth" time="0.120" /></testsuite></testsuites>