<?xml version="1.0" encoding="utf-8"?><testsuites name="pytest tests"><testsuite name="pytest" errors="0" failures="1" skipped="0" tests="6" time="2.897" timestamp="2026-07-03T14:49:10.407008+00:00" hostname="agent-env-da415db6-4cc4-4a72-a064-87776e08c06a"><testcase classname="tests.test_iter331d_positions" name="test_default_1_2_6_layout" time="1.660" /><testcase classname="tests.test_iter331d_positions" name="test_patch_reshapes_to_2_3_4" time="0.418" /><testcase classname="tests.test_iter331d_positions" name="test_patch_validation_negative_rejected_and_extreme_clamped" time="0.284"><failure message="AssertionError: hero_count=-1 should be rejected but got 200: {&quot;hero_count&quot;:0,&quot;featured_count&quot;:2,&quot;grid_count&quot;:6,&quot;window&quot;:8,&quot;cadence&quot;:&quot;weekly&quot;,&quot;founder_boost_enabled&quot;:false,&quot;founder_boost_points&quot;:50,&quot;new_maker_boost_days&quot;:30,&quot;new_maker_boost_points&quot;:150,&quot;impression_penalty_per_feature&quot;:5,&quot;never_featured_bonus&quot;:10000,&quot;excluded_slugs&quot;:[],&quot;activity_completed_profile_points&quot;:20,&quot;activity_shop_banner_points&quot;:15,&quot;activity_ten_plus_listings_points&quot;:20,&quot;activity_new_product_this_week_points&quot;:15,&quot;activity_updated_listing_this_week_points&quot;:5,&quot;activity_recent_login_points&quot;:10,&quot;activity_recent_sale_points&quot;:10}&#10;assert 200 == 400&#10; +  where 200 = &lt;Response [200 OK]&gt;.status_code">tests/test_iter331d_positions.py:135: in test_patch_validation_negative_rejected_and_extreme_clamped
    assert r.status_code == 400, (
E   AssertionError: hero_count=-1 should be rejected but got 200: {"hero_count":0,"featured_count":2,"grid_count":6,"window":8,"cadence":"weekly","founder_boost_enabled":false,"founder_boost_points":50,"new_maker_boost_days":30,"new_maker_boost_points":150,"impression_penalty_per_feature":5,"never_featured_bonus":10000,"excluded_slugs":[],"activity_completed_profile_points":20,"activity_shop_banner_points":15,"activity_ten_plus_listings_points":20,"activity_new_product_this_week_points":15,"activity_updated_listing_this_week_points":5,"activity_recent_login_points":10,"activity_recent_sale_points":10}
E   assert 200 == 400
E    +  where 200 = &lt;Response [200 OK]&gt;.status_code</failure></testcase><testcase classname="tests.test_iter331d_positions" name="test_ledger_records_positions_dict" time="0.112" /><testcase classname="tests.test_iter331d_positions" name="test_refill_preserves_hero_tier" time="0.181" /><testcase classname="tests.test_iter331d_positions" name="test_position_impression_counters_all_tiers" time="0.125" /></testsuite></testsuites>