<?xml version="1.0" encoding="utf-8"?><testsuites name="pytest tests"><testsuite name="pytest" errors="0" failures="0" skipped="0" tests="6" time="1.941" timestamp="2026-05-26T21:24:23.797282+00:00" hostname="agent-env-da415db6-4cc4-4a72-a064-87776e08c06a"><testcase classname="tests.test_iter72_merge_audit" name="test_audit_anonymous_rejected" time="0.534" /><testcase classname="tests.test_iter72_merge_audit" name="test_audit_summary_post_cleanup" time="0.533" /><testcase classname="tests.test_iter72_merge_audit" name="test_merge_preview_anonymous_rejected" time="0.139" /><testcase classname="tests.test_iter72_merge_audit" name="test_merge_preview_already_merged" time="0.274" /><testcase classname="tests.test_iter72_merge_audit" name="test_merge_commit_anonymous_rejected" time="0.122" /><testcase classname="tests.test_iter72_merge_audit" name="test_merge_commit_idempotent" time="0.224" /></testsuite></testsuites>