<?xml version="1.0" encoding="utf-8"?><testsuites name="pytest tests"><testsuite name="pytest" errors="0" failures="0" skipped="1" tests="23" time="9.399" timestamp="2026-04-26T21:28:55.395131+00:00" hostname="agent-env-da415db6-4cc4-4a72-a064-87776e08c06a"><testcase classname="backend.tests.test_iter22_ai_mod_ads_refire.TestAIModeratorSettings" name="test_default_setting_is_false" time="0.380" /><testcase classname="backend.tests.test_iter22_ai_mod_ads_refire.TestAIModeratorSettings" name="test_patch_toggle_on_then_off" time="0.258" /><testcase classname="backend.tests.test_iter22_ai_mod_ads_refire.TestAIModeratorSettings" name="test_ai_mod_log_endpoint" time="0.118" /><testcase classname="backend.tests.test_iter22_ai_mod_ads_refire.TestAIModeratorSettings" name="test_ai_mod_log_unauthorized" time="0.110" /><testcase classname="backend.tests.test_iter22_ai_mod_ads_refire.TestAIModeratorFunction" name="test_moderator_off_returns_allow" time="1.526" /><testcase classname="backend.tests.test_iter22_ai_mod_ads_refire.TestAIModeratorFunction" name="test_heuristic_blocks_obvious_slur" time="0.014" /><testcase classname="backend.tests.test_iter22_ai_mod_ads_refire.TestAIModeratorFunction" name="test_benign_message_allowed" time="0.967" /><testcase classname="backend.tests.test_iter22_ai_mod_ads_refire.TestAdsFoundation" name="test_metrics_zero_when_empty" time="0.350" /><testcase classname="backend.tests.test_iter22_ai_mod_ads_refire.TestAdsFoundation" name="test_seed_demo_inserts_70_rows" time="0.383" /><testcase classname="backend.tests.test_iter22_ai_mod_ads_refire.TestAdsFoundation" name="test_seed_demo_idempotent" time="0.597" /><testcase classname="backend.tests.test_iter22_ai_mod_ads_refire.TestAdsFoundation" name="test_metrics_nonzero_after_seed" time="0.511" /><testcase classname="backend.tests.test_iter22_ai_mod_ads_refire.TestAdsFoundation" name="test_performance_structure" time="0.516" /><testcase classname="backend.tests.test_iter22_ai_mod_ads_refire.TestAdsFoundation" name="test_platform_filter_google" time="0.509" /><testcase classname="backend.tests.test_iter22_ai_mod_ads_refire.TestAdsFoundation" name="test_platform_filter_meta" time="0.466" /><testcase classname="backend.tests.test_iter22_ai_mod_ads_refire.TestAdsFoundation" name="test_platform_filter_invalid_returns_422" time="0.345" /><testcase classname="backend.tests.test_iter22_ai_mod_ads_refire.TestAdsFoundation" name="test_clear_demo_wipes_only_demo" time="0.588" /><testcase classname="backend.tests.test_iter22_ai_mod_ads_refire.TestAdsFoundation" name="test_unauthorized_metrics" time="0.396" /><testcase classname="backend.tests.test_iter22_ai_mod_ads_refire.TestRefireEmails" name="test_refire_unknown_session_returns_404" time="0.105" /><testcase classname="backend.tests.test_iter22_ai_mod_ads_refire.TestRefireEmails" name="test_refire_known_session_response_shape" time="0.001"><skipped type="pytest.skip" message="Known paid session cs_test_a1iMM98ftY3GF2JouCJbRQkPvPkMcJE9lwLYh51c946CyXqtkL5oaa0O5o not found in DB">/app/backend/tests/test_iter22_ai_mod_ads_refire.py:366: Known paid session cs_test_a1iMM98ftY3GF2JouCJbRQkPvPkMcJE9lwLYh51c946CyXqtkL5oaa0O5o not found in DB</skipped></testcase><testcase classname="backend.tests.test_iter22_ai_mod_ads_refire.TestRefireEmails" name="test_refire_unauthorized" time="0.112" /><testcase classname="backend.tests.test_iter22_ai_mod_ads_refire.TestChatRegression" name="test_chat_history_still_works" time="0.115" /><testcase classname="backend.tests.test_iter22_ai_mod_ads_refire.TestChatRegression" name="test_all_seven_channels_have_endpoints" time="0.809" /><testcase classname="backend.tests.test_iter22_ai_mod_ads_refire.TestChatRegression" name="test_ai_moderator_reset_to_off" time="0.117" /></testsuite></testsuites>