<?xml version="1.0" encoding="utf-8"?><testsuites name="pytest tests"><testsuite name="pytest" errors="0" failures="1" skipped="0" tests="14" time="7.995" timestamp="2026-04-30T14:52:39.543123+00:00" hostname="agent-env-da415db6-4cc4-4a72-a064-87776e08c06a"><testcase classname="tests.test_iter67_dxf_to_svg.TestConverterUnit" name="test_real_dxf_converts_to_svg" time="0.252" /><testcase classname="tests.test_iter67_dxf_to_svg.TestConverterUnit" name="test_malformed_dxf_raises_value_error" time="0.001" /><testcase classname="tests.test_iter67_dxf_to_svg.TestConverterUnit" name="test_empty_dxf_raises_value_error" time="0.000" /><testcase classname="tests.test_iter67_dxf_to_svg.TestConvertEndpoint" name="test_01_upload_dxf_only_bundle" time="1.034" /><testcase classname="tests.test_iter67_dxf_to_svg.TestConvertEndpoint" name="test_02_anonymous_401" time="0.150" /><testcase classname="tests.test_iter67_dxf_to_svg.TestConvertEndpoint" name="test_03_cross_user_forbidden" time="1.647"><failure message="AssertionError: SECURITY: a different maker was able to convert another maker's bundle. got 200: {&quot;ok&quot;:true,&quot;variant&quot;:{&quot;format&quot;:&quot;SVG&quot;,&quot;url&quot;:&quot;https://cdn.craftersmarket.org/community-files/iron-and-oak/2f5cd16f913a4670953cd74ccfd93de0.svg&quot;,&quot;filename&quot;:&quot;TEST_iter67_crossuser.svg&quot;,&quot;size_bytes&quot;:3670,&quot;uploaded_at&quot;:&quot;2026-04-30T14:52:42.862860+00:00&quot;,&quot;auto_generated&quot;:true,&quot;source_format&quot;:&quot;DXF&quot;}}&#10;assert 200 == 403&#10; +  where 200 = &lt;Response [200]&gt;.status_code">tests/test_iter67_dxf_to_svg.py:134: in test_03_cross_user_forbidden
    assert r.status_code == 403, (
E   AssertionError: SECURITY: a different maker was able to convert another maker's bundle. got 200: {"ok":true,"variant":{"format":"SVG","url":"https://cdn.craftersmarket.org/community-files/iron-and-oak/2f5cd16f913a4670953cd74ccfd93de0.svg","filename":"TEST_iter67_crossuser.svg","size_bytes":3670,"uploaded_at":"2026-04-30T14:52:42.862860+00:00","auto_generated":true,"source_format":"DXF"}}
E   assert 200 == 403
E    +  where 200 = &lt;Response [200]&gt;.status_code</failure></testcase><testcase classname="tests.test_iter67_dxf_to_svg.TestConvertEndpoint" name="test_04_happy_convert" time="1.369" /><testcase classname="tests.test_iter67_dxf_to_svg.TestConvertEndpoint" name="test_05_svg_content_valid" time="0.233" /><testcase classname="tests.test_iter67_dxf_to_svg.TestConvertEndpoint" name="test_06_variant_persisted_on_bundle" time="0.281" /><testcase classname="tests.test_iter67_dxf_to_svg.TestConvertEndpoint" name="test_07_idempotent_conflict" time="0.142" /><testcase classname="tests.test_iter67_dxf_to_svg.TestConvertEndpoint" name="test_08_no_dxf_bundle_400" time="0.680" /><testcase classname="tests.test_iter67_dxf_to_svg.TestConvertEndpoint" name="test_09_no_dxf_with_non_svg_primary" time="0.632" /><testcase classname="tests.test_iter67_dxf_to_svg.TestConvertEndpoint" name="test_10_unknown_file_404" time="0.136" /><testcase classname="tests.test_iter67_dxf_to_svg.TestConvertEndpoint" name="test_11_malformed_dxf_returns_422" time="1.121" /></testsuite></testsuites>