<?xml version="1.0" encoding="utf-8"?><testsuites name="pytest tests"><testsuite name="pytest" errors="0" failures="0" skipped="0" tests="18" time="6.742" timestamp="2026-07-08T03:28:44.586398+00:00" hostname="agent-env-da415db6-4cc4-4a72-a064-87776e08c06a"><testcase classname="tests.test_iter433_beta_collection" name="test_apply_full_payload_stores_row" time="0.309" /><testcase classname="tests.test_iter433_beta_collection" name="test_apply_dedup_same_email_platform" time="0.233" /><testcase classname="tests.test_iter433_beta_collection" name="test_apply_same_email_different_platform_creates_new_row" time="0.425" /><testcase classname="tests.test_iter433_beta_collection" name="test_apply_ack_false_rejected" time="0.006" /><testcase classname="tests.test_iter433_beta_collection" name="test_apply_missing_name_rejected" time="0.004" /><testcase classname="tests.test_iter433_beta_collection" name="test_apply_invalid_role_rejected" time="0.004" /><testcase classname="tests.test_iter433_beta_collection" name="test_apply_invalid_platform_rejected" time="0.003" /><testcase classname="tests.test_iter433_beta_collection" name="test_apply_bad_email_rejected" time="0.004" /><testcase classname="tests.test_iter433_beta_collection" name="test_apply_triggers_email_event" time="1.446" /><testcase classname="tests.test_iter433_beta_collection" name="test_admin_signups_returns_statuses_and_new_fields" time="0.208" /><testcase classname="tests.test_iter433_beta_collection" name="test_admin_signups_legacy_row_defaults_pending" time="0.005" /><testcase classname="tests.test_iter433_beta_collection" name="test_admin_status_update_persists" time="0.224" /><testcase classname="tests.test_iter433_beta_collection" name="test_admin_status_invalid_value" time="0.258" /><testcase classname="tests.test_iter433_beta_collection" name="test_admin_status_unknown_id" time="0.006" /><testcase classname="tests.test_iter433_beta_collection" name="test_admin_status_requires_auth" time="0.004" /><testcase classname="tests.test_iter433_beta_collection" name="test_legacy_signup_still_works" time="0.005" /><testcase classname="tests.test_iter433_beta_collection" name="test_stats_counts_include_apply_rows" time="0.232" /><testcase classname="tests.test_iter433_beta_collection" name="test_config_unchanged" time="0.004" /></testsuite></testsuites>