<?xml version="1.0" encoding="utf-8"?><testsuites name="pytest tests"><testsuite name="pytest" errors="0" failures="0" skipped="0" tests="9" time="2.171" timestamp="2026-04-27T03:10:04.760414+00:00" hostname="agent-env-da415db6-4cc4-4a72-a064-87776e08c06a"><testcase classname="tests.test_iter29_chatmod_schedule.TestMaintenanceSchedule" name="test_patch_set_and_clear_scheduled_fields" time="0.571" /><testcase classname="tests.test_iter29_chatmod_schedule.TestScheduledTogglesJob" name="test_past_scheduled_on_flips_and_clears" time="0.204" /><testcase classname="tests.test_iter29_chatmod_schedule.TestAdminChatMessages" name="test_get_messages_requires_auth" time="0.109" /><testcase classname="tests.test_iter29_chatmod_schedule.TestAdminChatMessages" name="test_get_messages_admin_ok" time="0.111" /><testcase classname="tests.test_iter29_chatmod_schedule.TestAdminChatMessages" name="test_delete_unknown_message_404" time="0.107" /><testcase classname="tests.test_iter29_chatmod_schedule.TestAdminChatMessages" name="test_delete_real_message_then_verify_gone" time="0.282" /><testcase classname="tests.test_iter29_chatmod_schedule.TestChatMutes" name="test_create_list_and_idempotent" time="0.359" /><testcase classname="tests.test_iter29_chatmod_schedule.TestChatMutes" name="test_unmute_and_404_after" time="0.220" /><testcase classname="tests.test_iter29_chatmod_schedule.TestChatMutes" name="test_ws_mute_lookup_structure" time="0.120" /></testsuite></testsuites>