<?xml version="1.0" encoding="utf-8"?><testsuites name="pytest tests"><testsuite name="pytest" errors="0" failures="0" skipped="0" tests="5" time="9.567" timestamp="2026-07-02T22:49:26.937384+00:00" hostname="agent-env-da415db6-4cc4-4a72-a064-87776e08c06a"><testcase classname="tests.test_maker_cover_upload.TestCoverUpload" name="test_happy_path_png_upload" time="8.473" /><testcase classname="tests.test_maker_cover_upload.TestCoverUpload" name="test_rejects_non_image_content_type" time="0.150" /><testcase classname="tests.test_maker_cover_upload.TestCoverUpload" name="test_rejects_empty_file" time="0.111" /><testcase classname="tests.test_maker_cover_upload.TestCoverUpload" name="test_rejects_oversized_file" time="0.482" /><testcase classname="tests.test_maker_cover_upload.TestCoverUpload" name="test_requires_auth" time="0.256" /></testsuite></testsuites>