<?xml version="1.0" encoding="utf-8"?><testsuites name="pytest tests"><testsuite name="pytest" errors="0" failures="1" skipped="0" tests="19" time="6.685" timestamp="2026-07-11T19:29:52.421008+00:00" hostname="agent-env-da415db6-4cc4-4a72-a064-87776e08c06a"><testcase classname="tests.test_iter453_live_digital_phase4.TestMakerAgreement" name="test_status_unauth_rejected" time="1.120" /><testcase classname="tests.test_iter453_live_digital_phase4.TestMakerAgreement" name="test_status_current_version" time="0.243" /><testcase classname="tests.test_iter453_live_digital_phase4.TestMakerAgreement" name="test_accept_wrong_version_409" time="0.228" /><testcase classname="tests.test_iter453_live_digital_phase4.TestMakerAgreement" name="test_accept_records_ip_ua_and_appends" time="0.446" /><testcase classname="tests.test_iter453_live_digital_phase4.TestMakerAgreement" name="test_admin_audit_view_unauth" time="0.110" /><testcase classname="tests.test_iter453_live_digital_phase4.TestMakerAgreement" name="test_admin_audit_view" time="0.111" /><testcase classname="tests.test_iter453_live_digital_phase4.TestChunkedUpload" name="test_init_rejects_bad_extension" time="0.109" /><testcase classname="tests.test_iter453_live_digital_phase4.TestChunkedUpload" name="test_init_forbidden_other_maker" time="0.127" /><testcase classname="tests.test_iter453_live_digital_phase4.TestChunkedUpload" name="test_full_upload_replace_versioning" time="1.851" /><testcase classname="tests.test_iter453_live_digital_phase4.TestChunkedUpload" name="test_blocked_executable_content" time="0.453" /><testcase classname="tests.test_iter453_live_digital_phase4.TestDeliverySettings" name="test_patch_and_clear" time="0.223" /><testcase classname="tests.test_iter453_live_digital_phase4.TestBuyerPurchases" name="test_unauth_rejected" time="0.102" /><testcase classname="tests.test_iter453_live_digital_phase4.TestBuyerPurchases" name="test_list_includes_seed" time="0.107" /><testcase classname="tests.test_iter453_live_digital_phase4.TestBuyerPurchases" name="test_mint_download_links" time="0.142" /><testcase classname="tests.test_iter453_live_digital_phase4.TestBuyerPurchases" name="test_non_owner_gets_404" time="0.101" /><testcase classname="tests.test_iter453_live_digital_phase4.TestBuyerPurchases" name="test_download_history_endpoint" time="0.113" /><testcase classname="tests.test_iter453_live_digital_phase4.TestBuyerPurchases" name="test_download_returns_presigned_302" time="0.208" /><testcase classname="tests.test_iter453_live_digital_phase4.TestBuyerPurchases" name="test_download_history_grows_after_download" time="0.459" /><testcase classname="tests.test_iter453_live_digital_phase4.TestRegression" name="test_storefront_loads" time="0.105"><failure message="assert 404 == 200&#10; +  where 404 = &lt;Response [404]&gt;.status_code">tests/test_iter453_live_digital_phase4.py:301: in test_storefront_loads
    assert r.status_code == 200
E   assert 404 == 200
E    +  where 404 = &lt;Response [404]&gt;.status_code</failure></testcase></testsuite></testsuites>