<?xml version="1.0" encoding="utf-8"?><testsuites name="pytest tests"><testsuite name="pytest" errors="0" failures="0" skipped="0" tests="20" time="4.486" timestamp="2026-07-15T00:29:16.092350+00:00" hostname="agent-env-da415db6-4cc4-4a72-a064-87776e08c06a"><testcase classname="tests.test_iter462_inform_act.TestMakerInformState" name="test_unauth_401" time="0.337" /><testcase classname="tests.test_iter462_inform_act.TestMakerInformState" name="test_kiln_flagged" time="0.134" /><testcase classname="tests.test_iter462_inform_act.TestMakerInformState" name="test_loom_monitoring" time="0.118" /><testcase classname="tests.test_iter462_inform_act.TestMakerSubmit" name="test_bad_tax_id_type" time="0.126" /><testcase classname="tests.test_iter462_inform_act.TestMakerSubmit" name="test_bad_bank_last4" time="0.111" /><testcase classname="tests.test_iter462_inform_act.TestMakerSubmit" name="test_business_missing_name" time="0.112" /><testcase classname="tests.test_iter462_inform_act.TestMakerSubmit" name="test_contact_email_no_at" time="0.117" /><testcase classname="tests.test_iter462_inform_act.TestMakerSubmit" name="test_valid_submit_masks_tax_id" time="0.354" /><testcase classname="tests.test_iter462_inform_act.TestMakerSubmit" name="test_certify_before_verify_400" time="0.121" /><testcase classname="tests.test_iter462_inform_act.TestAdminInformAct" name="test_admin_get_requires_auth" time="0.108" /><testcase classname="tests.test_iter462_inform_act.TestAdminInformAct" name="test_admin_get_with_maker_jwt_rejected" time="0.181" /><testcase classname="tests.test_iter462_inform_act.TestAdminInformAct" name="test_admin_get_ok" time="0.211" /><testcase classname="tests.test_iter462_inform_act.TestAdminInformAct" name="test_verify_kiln" time="0.284" /><testcase classname="tests.test_iter462_inform_act.TestAdminInformAct" name="test_public_disclosure_after_verify" time="0.107" /><testcase classname="tests.test_iter462_inform_act.TestAdminInformAct" name="test_public_disclosure_loom_404" time="0.136" /><testcase classname="tests.test_iter462_inform_act.TestAdminInformAct" name="test_public_disclosure_vanity_ironoak_404" time="0.108" /><testcase classname="tests.test_iter462_inform_act.TestAdminInformAct" name="test_certify_after_verify" time="0.112" /><testcase classname="tests.test_iter462_inform_act.TestAdminInformAct" name="test_reject_then_resubmit_reverify" time="0.895" /><testcase classname="tests.test_iter462_inform_act.TestAdminInformAct" name="test_suspend_then_reinstate" time="0.422" /><testcase classname="tests.test_iter462_inform_act.TestAdminInformAct" name="test_scan_unauth" time="0.107" /></testsuite></testsuites>