<?xml version="1.0" encoding="utf-8"?><testsuites name="pytest tests"><testsuite name="pytest" errors="0" failures="0" skipped="0" tests="6" time="2.968" timestamp="2026-04-26T20:57:27.066711+00:00" hostname="agent-env-da415db6-4cc4-4a72-a064-87776e08c06a"><testcase classname="backend.tests.test_iter21_billing_idempotency_followers.TestP16IdempotentBilling" name="test_publish_draft_accrues_one_charge" time="0.263" /><testcase classname="backend.tests.test_iter21_billing_idempotency_followers.TestP16IdempotentBilling" name="test_republish_published_does_not_double_charge" time="1.289" /><testcase classname="backend.tests.test_iter21_billing_idempotency_followers.TestP15BackgroundNotify" name="test_create_published_returns_fast_and_stamps_eventually" time="0.720" /><testcase classname="backend.tests.test_iter21_billing_idempotency_followers.TestP17FollowersList" name="test_unknown_maker_returns_empty" time="0.103" /><testcase classname="backend.tests.test_iter21_billing_idempotency_followers.TestP17FollowersList" name="test_known_maker_shape_and_no_email_leakage" time="0.113" /><testcase classname="backend.tests.test_iter21_billing_idempotency_followers.TestP17FollowersList" name="test_limit_param_caps_items" time="0.232" /></testsuite></testsuites>