<?xml version="1.0" encoding="utf-8"?><testsuites name="pytest tests"><testsuite name="pytest" errors="0" failures="1" skipped="0" tests="21" time="13.106" timestamp="2026-04-26T02:25:40.567389+00:00" hostname="agent-env-da415db6-4cc4-4a72-a064-87776e08c06a"><testcase classname="backend.tests.test_iter7_admin_cart_ai" name="test_admin_auth_request_silent_for_non_admin" time="0.185" /><testcase classname="backend.tests.test_iter7_admin_cart_ai" name="test_admin_me_requires_jwt" time="0.111" /><testcase classname="backend.tests.test_iter7_admin_cart_ai" name="test_admin_me_ok" time="0.210" /><testcase classname="backend.tests.test_iter7_admin_cart_ai" name="test_admin_analytics_shape" time="0.146" /><testcase classname="backend.tests.test_iter7_admin_cart_ai" name="test_admin_analytics_requires_admin" time="0.591" /><testcase classname="backend.tests.test_iter7_admin_cart_ai" name="test_admin_users_list" time="0.111" /><testcase classname="backend.tests.test_iter7_admin_cart_ai" name="test_admin_patch_product_featured" time="0.334" /><testcase classname="backend.tests.test_iter7_admin_cart_ai" name="test_admin_patch_product_404" time="0.111" /><testcase classname="backend.tests.test_iter7_admin_cart_ai" name="test_admin_listings_requires_admin" time="0.114" /><testcase classname="backend.tests.test_iter7_admin_cart_ai" name="test_admin_create_and_delete_review" time="0.434" /><testcase classname="backend.tests.test_iter7_admin_cart_ai" name="test_admin_delete_review_404" time="0.107" /><testcase classname="backend.tests.test_iter7_admin_cart_ai" name="test_moderator_delete_chat_message" time="1.741" /><testcase classname="backend.tests.test_iter7_admin_cart_ai" name="test_checkout_accepts_gift_note" time="1.214" /><testcase classname="backend.tests.test_iter7_admin_cart_ai" name="test_checkout_works_without_gift_note" time="0.749" /><testcase classname="backend.tests.test_iter7_admin_cart_ai" name="test_ai_chat_session_id_persists" time="4.261"><failure message="AssertionError: context not retained: You haven't told me a color yet — this is the start of our conversation.&#10;  &#10;  What can I help you with today? Looking for a specific piece, need info on custom orders, or have a question about the marketp&#10;assert 'fuchsia' in &quot;you haven't told me a color yet — this is the start of our conversation.\n\nwhat can i help you with today? looking for a specific piece, need info on custom orders, or have a question about the marketplace?&quot;&#10; +  where &quot;you haven't told me a color yet — this is the start of our conversation.\n\nwhat can i help you with today? looking for a specific piece, need info on custom orders, or have a question about the marketplace?&quot; = &lt;built-in method lower of str object at 0xad81334aee80&gt;()&#10; +    where &lt;built-in method lower of str object at 0xad81334aee80&gt; = &quot;You haven't told me a color yet — this is the start of our conversation.\n\nWhat can I help you with today? Looking for a specific piece, need info on custom orders, or have a question about the marketplace?&quot;.lower">backend/tests/test_iter7_admin_cart_ai.py:253: in test_ai_chat_session_id_persists
    assert "fuchsia" in body2["reply"].lower(), f"context not retained: {body2['reply'][:200]}"
E   AssertionError: context not retained: You haven't told me a color yet — this is the start of our conversation.
E     
E     What can I help you with today? Looking for a specific piece, need info on custom orders, or have a question about the marketp
E   assert 'fuchsia' in "you haven't told me a color yet — this is the start of our conversation.\n\nwhat can i help you with today? looking for a specific piece, need info on custom orders, or have a question about the marketplace?"
E    +  where "you haven't told me a color yet — this is the start of our conversation.\n\nwhat can i help you with today? looking for a specific piece, need info on custom orders, or have a question about the marketplace?" = &lt;built-in method lower of str object at 0xad81334aee80&gt;()
E    +    where &lt;built-in method lower of str object at 0xad81334aee80&gt; = "You haven't told me a color yet — this is the start of our conversation.\n\nWhat can I help you with today? Looking for a specific piece, need info on custom orders, or have a question about the marketplace?".lower</failure></testcase><testcase classname="backend.tests.test_iter7_admin_cart_ai" name="test_showcase_post_with_product_and_maker" time="0.330" /><testcase classname="backend.tests.test_iter7_admin_cart_ai" name="test_forum_reply_with_mention" time="0.377" /><testcase classname="backend.tests.test_iter7_admin_cart_ai" name="test_maker_me" time="0.113" /><testcase classname="backend.tests.test_iter7_admin_cart_ai" name="test_buyer_me" time="0.103" /><testcase classname="backend.tests.test_iter7_admin_cart_ai" name="test_cross_role_rejection" time="0.205" /><testcase classname="backend.tests.test_iter7_admin_cart_ai" name="test_shop_browse_and_detail" time="1.251" /></testsuite></testsuites>