<?xml version="1.0" encoding="utf-8"?><testsuites name="pytest tests"><testsuite name="pytest" errors="0" failures="0" skipped="0" tests="7" time="2.307" timestamp="2026-05-25T18:58:23.552694+00:00" hostname="agent-env-da415db6-4cc4-4a72-a064-87776e08c06a"><testcase classname="tests.test_iter214_clips_incentive" name="test_incentive_status_shape" time="0.261" /><testcase classname="tests.test_iter214_clips_incentive" name="test_incentive_status_public_no_auth" time="0.144" /><testcase classname="tests.test_iter214_clips_incentive" name="test_first_organic_clip_gets_featured" time="0.502" /><testcase classname="tests.test_iter214_clips_incentive" name="test_seeded_clips_excluded_from_cap" time="0.290" /><testcase classname="tests.test_iter214_clips_incentive" name="test_cap_at_50_then_51st_gets_false" time="0.511" /><testcase classname="tests.test_iter214_clips_incentive" name="test_feed_still_chronological" time="0.153" /><testcase classname="tests.test_iter214_clips_incentive" name="test_categories_endpoint_still_works" time="0.111" /></testsuite></testsuites>