<?xml version="1.0" encoding="utf-8"?><testsuites name="pytest tests"><testsuite name="pytest" errors="0" failures="1" skipped="0" tests="3" time="10.418" timestamp="2026-06-27T14:21:04.975559+00:00" hostname="agent-env-da415db6-4cc4-4a72-a064-87776e08c06a"><testcase classname="tests.test_iter413cq_help_live_and_ratelimit" name="test_help_chat_video_question_reply_says_unsupported" time="3.988" /><testcase classname="tests.test_iter413cq_help_live_and_ratelimit" name="test_help_chat_bug_message_sets_cue_and_strips_marker" time="5.609" /><testcase classname="tests.test_iter413cq_help_live_and_ratelimit" name="test_help_report_issue_rate_limit_7th_call_blocked" time="0.722"><failure message="AssertionError: expected 7th=429, got [200, 200, 200, 200, 200, 200, 200]&#10;assert 200 == 429">tests/test_iter413cq_help_live_and_ratelimit.py:109: in test_help_report_issue_rate_limit_7th_call_blocked
    assert statuses[6] == 429, f"expected 7th=429, got {statuses}"
E   AssertionError: expected 7th=429, got [200, 200, 200, 200, 200, 200, 200]
E   assert 200 == 429</failure></testcase></testsuite></testsuites>