<?xml version="1.0" encoding="utf-8"?><testsuites name="pytest tests"><testsuite name="pytest" errors="0" failures="0" skipped="0" tests="14" time="3.206" timestamp="2026-04-30T02:41:49.732143+00:00" hostname="agent-env-da415db6-4cc4-4a72-a064-87776e08c06a"><testcase classname="tests.test_iter52_brief_routing.TestRedditStatus" name="test_feed_status_includes_can_post" time="0.204" /><testcase classname="tests.test_iter52_brief_routing.TestPushToMaker" name="test_404_on_missing_order" time="0.273" /><testcase classname="tests.test_iter52_brief_routing.TestPushToMaker" name="test_404_on_missing_maker" time="0.111" /><testcase classname="tests.test_iter52_brief_routing.TestPushToMaker" name="test_happy_path_assigns_and_creates_thread" time="0.116" /><testcase classname="tests.test_iter52_brief_routing.TestPushToMaker" name="test_persists_assignment_fields" time="0.133" /><testcase classname="tests.test_iter52_brief_routing.TestMakerBriefs" name="test_get_briefs_returns_array" time="0.355" /><testcase classname="tests.test_iter52_brief_routing.TestMakerBriefs" name="test_cross_maker_isolation" time="0.173" /><testcase classname="tests.test_iter52_brief_routing.TestMakerBriefs" name="test_patch_invalid_status" time="0.116" /><testcase classname="tests.test_iter52_brief_routing.TestMakerBriefs" name="test_patch_unassigned_brief_404" time="0.121" /><testcase classname="tests.test_iter52_brief_routing.TestMakerBriefs" name="test_patch_accepted_persists" time="0.209" /><testcase classname="tests.test_iter52_brief_routing.TestMakerBriefs" name="test_patch_in_progress_then_completed" time="0.255" /><testcase classname="tests.test_iter52_brief_routing.TestPushToReddit" name="test_reddit_404_on_missing_order" time="0.552" /><testcase classname="tests.test_iter52_brief_routing.TestPushToReddit" name="test_reddit_400_when_not_assigned" time="0.106" /><testcase classname="tests.test_iter52_brief_routing.TestPushToReddit" name="test_reddit_502_when_not_configured" time="0.202" /></testsuite></testsuites>