<?xml version="1.0" encoding="utf-8"?><testsuites name="pytest tests"><testsuite name="pytest" errors="0" failures="1" skipped="0" tests="3" time="5.100" timestamp="2026-05-09T17:12:11.548263+00:00" hostname="agent-env-da415db6-4cc4-4a72-a064-87776e08c06a"><testcase classname="backend.tests.test_iter133_story_card.TestStoryCard" name="test_story_card_returns_png_1080x1920" time="2.569" /><testcase classname="backend.tests.test_iter133_story_card.TestStoryCard" name="test_story_card_headers" time="2.324"><failure message="AssertionError: assert ('public' in 'no-store, no-cache, must-revalidate')">backend/tests/test_iter133_story_card.py:43: in test_story_card_headers
    assert "public" in cc and "max-age=3600" in cc
E   AssertionError: assert ('public' in 'no-store, no-cache, must-revalidate')</failure></testcase><testcase classname="backend.tests.test_iter133_story_card.TestStoryCard" name="test_story_card_404_for_unknown_slug" time="0.112" /></testsuite></testsuites>