<?xml version="1.0" encoding="utf-8"?><testsuites name="pytest tests"><testsuite name="pytest" errors="0" failures="0" skipped="0" tests="10" time="4.062" timestamp="2026-06-07T01:16:35.832811+00:00" hostname="agent-env-da415db6-4cc4-4a72-a064-87776e08c06a"><testcase classname="tests.test_iter335n_maker_rank_and_rewards" name="test_rank_requires_auth" time="3.707" /><testcase classname="tests.test_iter335n_maker_rank_and_rewards" name="test_rank_returns_503_when_disabled" time="0.011" /><testcase classname="tests.test_iter335n_maker_rank_and_rewards" name="test_rank_on_leaderboard_false_when_no_activity" time="0.016" /><testcase classname="tests.test_iter335n_maker_rank_and_rewards" name="test_rank_delta_positive_when_climbing" time="0.027" /><testcase classname="tests.test_iter335n_maker_rank_and_rewards" name="test_rank_returns_new_pill_for_brand_new_entrants" time="0.016" /><testcase classname="tests.test_iter335n_maker_rank_and_rewards" name="test_channel_split_uses_asyncio_gather" time="0.064" /><testcase classname="tests.test_iter335n_maker_rank_and_rewards" name="test_leaderboard_rewards_credits_top_three" time="0.062" /><testcase classname="tests.test_iter335n_maker_rank_and_rewards" name="test_leaderboard_rewards_respects_admin_toggle" time="0.010" /><testcase classname="tests.test_iter335n_maker_rank_and_rewards" name="test_leaderboard_rewards_idempotency_key_in_txn" time="0.017" /><testcase classname="tests.test_iter335n_maker_rank_and_rewards" name="test_public_settings_exposes_rewards_toggle" time="0.008" /></testsuite></testsuites>