<?xml version="1.0" encoding="utf-8"?><testsuites name="pytest tests"><testsuite name="pytest" errors="0" failures="1" skipped="0" tests="22" time="5.282" timestamp="2026-07-03T14:57:43.639290+00:00" hostname="agent-env-da415db6-4cc4-4a72-a064-87776e08c06a"><testcase classname="tests.test_iter331_homepage_rotation" name="test_public_endpoint_returns_scored_selection" time="0.617" /><testcase classname="tests.test_iter331_homepage_rotation" name="test_admin_config_defaults_and_patch_and_validation" time="0.486" /><testcase classname="tests.test_iter331_homepage_rotation" name="test_period_guard_prevents_impression_inflation" time="0.320" /><testcase classname="tests.test_iter331_homepage_rotation" name="test_fair_exposure_spreads_evenly_over_cycle" time="0.059" /><testcase classname="tests.test_iter331_homepage_rotation" name="test_excluded_slug_never_appears" time="0.572" /><testcase classname="tests.test_iter331_homepage_rotation" name="test_preview_endpoint_returns_full_scored_list" time="0.220" /><testcase classname="tests.test_iter331_homepage_rotation" name="test_activity_signals_contribute_to_score" time="0.001" /><testcase classname="tests.test_iter331_homepage_rotation" name="test_retuned_weights_defaults" time="0.000" /><testcase classname="tests.test_iter331_homepage_rotation" name="test_lifecycle_ineligibility_gates" time="0.020" /><testcase classname="tests.test_iter331_homepage_rotation" name="test_period_lock_survives_mid_period_activity" time="0.191" /><testcase classname="tests.test_iter331_homepage_rotation" name="test_refill_when_featured_maker_becomes_ineligible" time="0.194" /><testcase classname="tests.test_iter331_homepage_rotation" name="test_ledger_records_selection" time="0.141" /><testcase classname="tests.test_iter331_homepage_rotation" name="test_ledger_admin_endpoint" time="0.427" /><testcase classname="tests.test_iter331_homepage_rotation" name="test_growth_simulation_scales_and_stays_fair" time="0.334" /><testcase classname="tests.test_iter331_homepage_rotation" name="test_position_tagging_matches_tier_counts" time="0.137" /><testcase classname="tests.test_iter331_homepage_rotation" name="test_position_aware_impression_counters" time="0.149" /><testcase classname="tests.test_iter331d_positions" name="test_default_1_2_6_layout" time="0.144" /><testcase classname="tests.test_iter331d_positions" name="test_patch_reshapes_to_2_3_4" time="0.385" /><testcase classname="tests.test_iter331d_positions" name="test_patch_validation_negative_rejected_and_extreme_clamped" time="0.297"><failure message="AssertionError: hero_count=-1 should be rejected but got 200: {&quot;hero_count&quot;:0,&quot;featured_count&quot;:2,&quot;grid_count&quot;:6,&quot;window&quot;:8,&quot;cadence&quot;:&quot;weekly&quot;,&quot;founder_boost_enabled&quot;:false,&quot;founder_boost_points&quot;:50,&quot;new_maker_boost_days&quot;:30,&quot;new_maker_boost_points&quot;:150,&quot;impression_penalty_per_feature&quot;:5,&quot;never_featured_bonus&quot;:10000,&quot;excluded_slugs&quot;:[],&quot;activity_completed_profile_points&quot;:20,&quot;activity_shop_banner_points&quot;:15,&quot;activity_ten_plus_listings_points&quot;:20,&quot;activity_new_product_this_week_points&quot;:15,&quot;activity_updated_listing_this_week_points&quot;:5,&quot;activity_recent_login_points&quot;:10,&quot;activity_recent_sale_points&quot;:10}&#10;assert 200 == 400&#10; +  where 200 = &lt;Response [200 OK]&gt;.status_code">E   AssertionError: hero_count=-1 should be rejected but got 200: {"hero_count":0,"featured_count":2,"grid_count":6,"window":8,"cadence":"weekly","founder_boost_enabled":false,"founder_boost_points":50,"new_maker_boost_days":30,"new_maker_boost_points":150,"impression_penalty_per_feature":5,"never_featured_bonus":10000,"excluded_slugs":[],"activity_completed_profile_points":20,"activity_shop_banner_points":15,"activity_ten_plus_listings_points":20,"activity_new_product_this_week_points":15,"activity_updated_listing_this_week_points":5,"activity_recent_login_points":10,"activity_recent_sale_points":10}
    assert 200 == 400
     +  where 200 = &lt;Response [200 OK]&gt;.status_code</failure></testcase><testcase classname="tests.test_iter331d_positions" name="test_ledger_records_positions_dict" time="0.154" /><testcase classname="tests.test_iter331d_positions" name="test_refill_preserves_hero_tier" time="0.203" /><testcase classname="tests.test_iter331d_positions" name="test_position_impression_counters_all_tiers" time="0.144" /></testsuite></testsuites>