<?xml version="1.0" encoding="utf-8"?><testsuites name="pytest tests"><testsuite name="pytest" errors="0" failures="0" skipped="0" tests="2" time="0.917" timestamp="2026-05-22T16:28:54.153080+00:00" hostname="agent-env-da415db6-4cc4-4a72-a064-87776e08c06a"><testcase classname="backend.tests.test_pinterest_og" name="test_product_og_includes_pinterest_required_tags" time="0.523" /><testcase classname="backend.tests.test_pinterest_og" name="test_product_og_has_brand_when_maker_present" time="0.298" /></testsuite></testsuites>