<?xml version="1.0" encoding="utf-8"?><testsuites name="pytest tests"><testsuite name="pytest" errors="0" failures="0" skipped="0" tests="7" time="1.803" timestamp="2026-07-02T16:19:51.490915+00:00" hostname="agent-env-da415db6-4cc4-4a72-a064-87776e08c06a"><testcase classname="tests.test_iter328_founder_feed_audit" name="test_requires_admin_auth" time="0.602" /><testcase classname="tests.test_iter328_founder_feed_audit" name="test_audit_classifies_every_founder_state" time="0.270" /><testcase classname="tests.test_iter328_founder_feed_audit_extra" name="test_feed_csv_requires_api_key" time="0.113" /><testcase classname="tests.test_iter328_founder_feed_audit_extra" name="test_feed_csv_header_and_shape_unchanged" time="0.116" /><testcase classname="tests.test_iter328_founder_feed_audit_extra" name="test_audit_summary_math_on_live_data" time="0.252" /><testcase classname="tests.test_iter328_founder_feed_audit_extra" name="test_audit_row_shape_is_canonical" time="0.240" /><testcase classname="tests.test_iter328_founder_feed_audit_extra" name="test_audit_bad_token_is_rejected" time="0.131" /></testsuite></testsuites>