<?xml version="1.0" encoding="utf-8"?><testsuites name="pytest tests"><testsuite name="pytest" errors="0" failures="0" skipped="0" tests="3" time="2.319" timestamp="2026-06-12T16:26:52.493862+00:00" hostname="agent-env-da415db6-4cc4-4a72-a064-87776e08c06a"><testcase classname="tests.test_iter380_cart_quote_http" name="test_quote_missing_custom_pick_returns_400" time="1.779" /><testcase classname="tests.test_iter380_cart_quote_http" name="test_quote_with_custom_pick_prices_correctly" time="0.127" /><testcase classname="tests.test_iter380_cart_quote_http" name="test_quote_legacy_all_tracked_requires_variant_id" time="0.329" /></testsuite></testsuites>