<?xml version="1.0" encoding="utf-8"?><testsuites name="pytest tests"><testsuite name="pytest" errors="0" failures="0" skipped="0" tests="17" time="2.735" timestamp="2026-04-30T12:38:24.564773+00:00" hostname="agent-env-da415db6-4cc4-4a72-a064-87776e08c06a"><testcase classname="backend.tests.test_iter43_shipping_phase2.TestMakerLedger" name="test_ledger_returns_expected_shape" time="0.161" /><testcase classname="backend.tests.test_iter43_shipping_phase2.TestMakerLedger" name="test_cadence_invalid_returns_400" time="0.131" /><testcase classname="backend.tests.test_iter43_shipping_phase2.TestMakerLedger" name="test_cadence_biweekly_persists" time="0.251" /><testcase classname="backend.tests.test_iter43_shipping_phase2.TestMakerLedger" name="test_cadence_weekly_round_trip" time="0.231" /><testcase classname="backend.tests.test_iter43_shipping_phase2.TestAdminLedger" name="test_list_ledger_default" time="0.111" /><testcase classname="backend.tests.test_iter43_shipping_phase2.TestAdminLedger" name="test_list_ledger_filter_billed_no" time="0.113" /><testcase classname="backend.tests.test_iter43_shipping_phase2.TestAdminLedger" name="test_list_ledger_filter_billed_yes" time="0.107" /><testcase classname="backend.tests.test_iter43_shipping_phase2.TestAdminLedger" name="test_list_ledger_filter_maker" time="0.112" /><testcase classname="backend.tests.test_iter43_shipping_phase2.TestAdminLedger" name="test_rollup_aggregates" time="0.109" /><testcase classname="backend.tests.test_iter43_shipping_phase2.TestAdminLedger" name="test_csv_export_headers_and_content" time="0.127" /><testcase classname="backend.tests.test_iter43_shipping_phase2.TestAdminLedger" name="test_run_invoices_dry_run" time="0.111" /><testcase classname="backend.tests.test_iter43_shipping_phase2.TestAdminLedger" name="test_mark_billed_404_for_unknown_id" time="0.120" /><testcase classname="backend.tests.test_iter43_shipping_phase2.TestAdminLedger" name="test_mark_billed_already_billed_400" time="0.218" /><testcase classname="backend.tests.test_iter43_shipping_phase2.TestAccessControl" name="test_maker_cannot_call_admin_list" time="0.108" /><testcase classname="backend.tests.test_iter43_shipping_phase2.TestAccessControl" name="test_maker_cannot_call_admin_rollup" time="0.106" /><testcase classname="backend.tests.test_iter43_shipping_phase2.TestAccessControl" name="test_maker_cannot_run_invoices" time="0.121" /><testcase classname="backend.tests.test_iter43_shipping_phase2.TestAccessControl" name="test_no_auth_returns_401" time="0.218" /></testsuite></testsuites>