<?xml version="1.0" encoding="utf-8"?><testsuites name="pytest tests"><testsuite name="pytest" errors="0" failures="0" skipped="0" tests="21" time="6.641" timestamp="2026-07-14T22:37:08.472414+00:00" hostname="agent-env-da415db6-4cc4-4a72-a064-87776e08c06a"><testcase classname="tests.test_iter459_order_cancellation.TestReasons" name="test_reasons_shape" time="1.296" /><testcase classname="tests.test_iter459_order_cancellation.TestMakerGuards" name="test_no_auth_rejected" time="0.189" /><testcase classname="tests.test_iter459_order_cancellation.TestMakerGuards" name="test_invalid_reason" time="0.149" /><testcase classname="tests.test_iter459_order_cancellation.TestMakerGuards" name="test_other_short_explanation" time="0.167" /><testcase classname="tests.test_iter459_order_cancellation.TestMakerGuards" name="test_order_not_found" time="0.146" /><testcase classname="tests.test_iter459_order_cancellation.TestMakerGuards" name="test_other_maker_forbidden" time="0.152" /><testcase classname="tests.test_iter459_order_cancellation.TestMakerGuards" name="test_shipped_order_409" time="0.207" /><testcase classname="tests.test_iter459_order_cancellation.TestRefundFailure" name="test_refund_fails_and_keeps_open" time="0.719" /><testcase classname="tests.test_iter459_order_cancellation.TestRefundFailure" name="test_duplicate_cancel_guarded" time="0.447" /><testcase classname="tests.test_iter459_order_cancellation.TestAdminReopen" name="test_reopen_from_refund_failed" time="0.184" /><testcase classname="tests.test_iter459_order_cancellation.TestAdminReopen" name="test_reopen_canceled_refunded_rejected" time="0.165" /><testcase classname="tests.test_iter459_order_cancellation.TestAdminNoRefund" name="test_note_required_400" time="0.168" /><testcase classname="tests.test_iter459_order_cancellation.TestAdminNoRefund" name="test_no_refund_success_restores_inventory" time="0.711" /><testcase classname="tests.test_iter459_order_cancellation.TestAdminNoRefund" name="test_duplicate_cancel_after_success_409" time="0.175" /><testcase classname="tests.test_iter459_order_cancellation.TestNoRestore" name="test_inventory_unchanged" time="0.719" /><testcase classname="tests.test_iter459_order_cancellation.TestReasonEdit" name="test_edit_reason_ok" time="0.202" /><testcase classname="tests.test_iter459_order_cancellation.TestReasonEdit" name="test_edit_invalid_reason" time="0.142" /><testcase classname="tests.test_iter459_order_cancellation.TestReasonEdit" name="test_edit_no_cancellation_404" time="0.146" /><testcase classname="tests.test_iter459_order_cancellation.TestStats" name="test_admin_required" time="0.144" /><testcase classname="tests.test_iter459_order_cancellation.TestStats" name="test_stats_shape" time="0.146" /><testcase classname="tests.test_iter459_order_cancellation.TestMakerOrdersList" name="test_row_has_cancellation_and_total" time="0.151" /></testsuite></testsuites>