<?xml version="1.0" encoding="utf-8"?><testsuites name="pytest tests"><testsuite name="pytest" errors="0" failures="0" skipped="0" tests="6" time="2.549" timestamp="2026-04-26T13:03:59.163677+00:00" hostname="agent-env-da415db6-4cc4-4a72-a064-87776e08c06a"><testcase classname="tests.test_iter18_revenue_billing_e2e.TestBillingPolicy" name="test_billing_shape_and_policy_constants" time="0.290" /><testcase classname="tests.test_iter18_revenue_billing_e2e.TestPromoteFlow" name="test_promote_two_weeks_and_catalog_pin" time="0.542" /><testcase classname="tests.test_iter18_revenue_billing_e2e.TestRenewFlow" name="test_renew_sets_fresh_expiry_and_increments_lifetime" time="0.473" /><testcase classname="tests.test_iter18_revenue_billing_e2e.TestCreateListingExpiryAndFee" name="test_create_published_sets_expires_at_and_increments_lifetime" time="0.497" /><testcase classname="tests.test_iter18_revenue_billing_e2e.TestAdminExpirySweep" name="test_expire_sweep_returns_shape_and_is_idempotent" time="0.309" /><testcase classname="tests.test_iter18_revenue_billing_e2e.TestCleanup" name="test_zzz_cleanup_resets_iron_and_oak" time="0.184" /></testsuite></testsuites>