<?xml version="1.0" encoding="utf-8"?><testsuites name="pytest tests"><testsuite name="pytest" errors="0" failures="0" skipped="0" tests="10" time="4.341" timestamp="2026-04-26T02:59:43.169219+00:00" hostname="agent-env-da415db6-4cc4-4a72-a064-87776e08c06a"><testcase classname="backend.tests.test_iter9_followups.TestAccountUpdatedWebhook" name="test_endpoint_exists_and_rejects_bad_signature" time="0.207" /><testcase classname="backend.tests.test_iter9_followups.TestAccountUpdatedWebhook" name="test_endpoint_method_only_post" time="0.106" /><testcase classname="backend.tests.test_iter9_followups.TestRefundAuthGating" name="test_no_auth_rejected" time="0.102" /><testcase classname="backend.tests.test_iter9_followups.TestRefundAuthGating" name="test_buyer_jwt_rejected" time="0.238" /><testcase classname="backend.tests.test_iter9_followups.TestRefundAuthGating" name="test_maker_jwt_rejected" time="0.246" /><testcase classname="backend.tests.test_iter9_followups.TestRefundAuthGating" name="test_admin_unknown_session_404" time="0.282" /><testcase classname="backend.tests.test_iter9_followups.TestDownloadUnlockE2E" name="test_5_free_then_paywall_then_unlock_promotion" time="1.644" /><testcase classname="backend.tests.test_iter9_followups.TestForumMentionPersistence" name="test_mention_in_thread_and_reply_round_trip" time="0.927" /><testcase classname="backend.tests.test_iter9_followups.TestGoogleOAuthBackend" name="test_invalid_emergent_session_returns_401" time="0.211" /><testcase classname="backend.tests.test_iter9_followups.TestGoogleOAuthBackend" name="test_endpoint_requires_session_id" time="0.121" /></testsuite></testsuites>