<?xml version="1.0" encoding="utf-8"?><testsuites name="pytest tests"><testsuite name="pytest" errors="0" failures="0" skipped="0" tests="15" time="4.408" timestamp="2026-06-26T16:44:07.029687+00:00" hostname="agent-env-da415db6-4cc4-4a72-a064-87776e08c06a"><testcase classname="tests.test_iter413ck_gsc_extras" name="test_status_enabled_and_oauth_configured" time="0.438" /><testcase classname="tests.test_iter413ck_gsc_extras" name="test_status_requires_auth" time="0.099" /><testcase classname="tests.test_iter413ck_gsc_extras" name="test_oauth_start_url_has_required_params" time="0.144" /><testcase classname="tests.test_iter413ck_gsc_extras" name="test_oauth_start_state_dict_binds_redirect_uri" time="2.930" /><testcase classname="tests.test_iter413ck_gsc_redirect_uri" name="test_resolve_uses_xforwarded_host_when_env_unset" time="0.007" /><testcase classname="tests.test_iter413ck_gsc_redirect_uri" name="test_resolve_uses_preview_host" time="0.001" /><testcase classname="tests.test_iter413ck_gsc_redirect_uri" name="test_resolve_honors_env_override" time="0.001" /><testcase classname="tests.test_iter413ck_gsc_redirect_uri" name="test_status_returns_derived_redirect_uri" time="0.226" /><testcase classname="tests.test_iter413ck_gsc_redirect_uri" name="test_oauth_start_returns_url_with_derived_redirect" time="0.111" /><testcase classname="tests.test_iter351_gsc_dropoff_alert" name="test_skip_when_gsc_disabled" time="0.011" /><testcase classname="tests.test_iter351_gsc_dropoff_alert" name="test_snapshot_persists_idempotently" time="0.005" /><testcase classname="tests.test_iter351_gsc_dropoff_alert" name="test_alert_fires_on_large_drop" time="0.004" /><testcase classname="tests.test_iter351_gsc_dropoff_alert" name="test_no_alert_within_threshold" time="0.002" /><testcase classname="tests.test_iter351_gsc_dropoff_alert" name="test_no_alert_when_no_prior_snapshot" time="0.002" /><testcase classname="tests.test_iter351_gsc_dropoff_alert" name="test_email_renderer_signature" time="0.001" /></testsuite></testsuites>