<?xml version="1.0" encoding="utf-8"?><testsuites name="pytest tests"><testsuite name="pytest" errors="0" failures="1" skipped="0" tests="24" time="5.990" timestamp="2026-04-27T04:11:02.085366+00:00" hostname="agent-env-da415db6-4cc4-4a72-a064-87776e08c06a"><testcase classname="backend.tests.test_iter43_save_drop_cohorts_chat.TestSaveDrop" name="test_save_drop_creates_subscriber_and_tag" time="0.706" /><testcase classname="backend.tests.test_iter43_save_drop_cohorts_chat.TestSaveDrop" name="test_save_drop_idempotent_same_tag_id" time="0.525" /><testcase classname="backend.tests.test_iter43_save_drop_cohorts_chat.TestSaveDrop" name="test_save_drop_validates_email" time="0.108" /><testcase classname="backend.tests.test_iter43_save_drop_cohorts_chat.TestSaveDrop" name="test_save_drop_validates_maker_slug_required" time="0.113" /><testcase classname="backend.tests.test_iter43_save_drop_cohorts_chat.TestSaveDrop" name="test_admin_drop_saves_lists_recent" time="0.400" /><testcase classname="backend.tests.test_iter43_save_drop_cohorts_chat.TestSaveDrop" name="test_admin_drop_saves_filter_by_maker" time="0.111" /><testcase classname="backend.tests.test_iter43_save_drop_cohorts_chat.TestSaveDrop" name="test_admin_drop_saves_requires_auth" time="0.110" /><testcase classname="backend.tests.test_iter43_save_drop_cohorts_chat.TestSaveDrop" name="test_drop_saves_persisted_in_mongo" time="0.072" /><testcase classname="backend.tests.test_iter43_save_drop_cohorts_chat.TestKitTargetedBroadcast" name="test_targeted_broadcast_uses_tag_filter" time="0.837"><failure message="AssertionError: tag-type filter missing: [{'any': [{'type': 'all_subscribers'}]}]&#10;assert 'tag' in [None]">backend/tests/test_iter43_save_drop_cohorts_chat.py:184: in test_targeted_broadcast_uses_tag_filter
    assert "tag" in types, f"tag-type filter missing: {sf}"
E   AssertionError: tag-type filter missing: [{'any': [{'type': 'all_subscribers'}]}]
E   assert 'tag' in [None]</failure></testcase><testcase classname="backend.tests.test_iter43_save_drop_cohorts_chat.TestCohortRetention" name="test_cohorts_default_weeks" time="0.447" /><testcase classname="backend.tests.test_iter43_save_drop_cohorts_chat.TestCohortRetention" name="test_cohorts_weeks_clamped_low" time="0.117" /><testcase classname="backend.tests.test_iter43_save_drop_cohorts_chat.TestCohortRetention" name="test_cohorts_weeks_clamped_high" time="0.119" /><testcase classname="backend.tests.test_iter43_save_drop_cohorts_chat.TestCohortRetention" name="test_cohorts_requires_auth" time="0.110" /><testcase classname="backend.tests.test_iter43_save_drop_cohorts_chat.TestCommunityChatRefactor" name="test_chat_history_general" time="0.107" /><testcase classname="backend.tests.test_iter43_save_drop_cohorts_chat.TestCommunityChatRefactor" name="test_chat_buddies_general" time="0.119" /><testcase classname="backend.tests.test_iter43_save_drop_cohorts_chat.TestCommunityChatRefactor" name="test_chat_history_makers_only_rest_open" time="0.111" /><testcase classname="backend.tests.test_iter43_save_drop_cohorts_chat.TestCommunityChatRefactor" name="test_chat_history_unknown_channel_404" time="0.113" /><testcase classname="backend.tests.test_iter43_save_drop_cohorts_chat.TestCommunityChatRefactor" name="test_community_forum_still_works" time="0.125" /><testcase classname="backend.tests.test_iter43_save_drop_cohorts_chat.TestCommunityChatRefactor" name="test_community_showcase_still_works" time="0.107" /><testcase classname="backend.tests.test_iter43_save_drop_cohorts_chat.TestChatWebSocket" name="test_ws_no_token_closes_4401" time="0.158" /><testcase classname="backend.tests.test_iter43_save_drop_cohorts_chat.TestChatWebSocket" name="test_ws_valid_buyer_token_connects" time="0.314" /><testcase classname="backend.tests.test_iter43_save_drop_cohorts_chat.TestChatWebSocket" name="test_ws_makers_only_rejects_buyer" time="0.170" /><testcase classname="backend.tests.test_iter43_save_drop_cohorts_chat.TestChatWebSocket" name="test_ws_live_chat_disabled_closes_4503" time="0.468" /><testcase classname="backend.tests.test_iter43_save_drop_cohorts_chat.TestChatWebSocket" name="test_ws_per_channel_mute" time="0.208" /></testsuite></testsuites>