<?xml version="1.0" encoding="utf-8"?><testsuites name="pytest tests"><testsuite name="pytest" errors="0" failures="0" skipped="0" tests="5" time="2.929" timestamp="2026-06-27T14:20:18.468911+00:00" hostname="agent-env-da415db6-4cc4-4a72-a064-87776e08c06a"><testcase classname="tests.test_iter413cq_platform_capabilities_and_help" name="test_capabilities_endpoint_shape" time="0.581" /><testcase classname="tests.test_iter413cq_platform_capabilities_and_help" name="test_build_capabilities_payload_inline_match" time="0.157" /><testcase classname="tests.test_iter413cq_platform_capabilities_and_help" name="test_help_chat_injects_capabilities_into_prompt" time="1.679" /><testcase classname="tests.test_iter413cq_platform_capabilities_and_help" name="test_help_report_issue_rejects_short_description" time="0.099" /><testcase classname="tests.test_iter413cq_platform_capabilities_and_help" name="test_help_report_issue_lands_in_contact_inbox" time="0.340" /></testsuite></testsuites>