<?xml version="1.0" encoding="utf-8"?><testsuites name="pytest tests"><testsuite name="pytest" errors="0" failures="1" skipped="0" tests="17" time="8.667" timestamp="2026-07-11T21:29:52.619028+00:00" hostname="agent-env-da415db6-4cc4-4a72-a064-87776e08c06a"><testcase classname="tests.test_iter457_workshop_floor.TestCategories" name="test_categories_list" time="3.488" /><testcase classname="tests.test_iter457_workshop_floor.TestOverview" name="test_overview_shape" time="0.155" /><testcase classname="tests.test_iter457_workshop_floor.TestForumFilters" name="test_filter_by_category_woodworking" time="0.114" /><testcase classname="tests.test_iter457_workshop_floor.TestForumFilters" name="test_filter_by_tag_cnc_router" time="0.111" /><testcase classname="tests.test_iter457_workshop_floor.TestForumFilters" name="test_legacy_tag_alias_general" time="0.113" /><testcase classname="tests.test_iter457_workshop_floor.TestTagFollows" name="test_following_requires_auth" time="0.107" /><testcase classname="tests.test_iter457_workshop_floor.TestTagFollows" name="test_follow_bad_tag_400" time="1.077" /><testcase classname="tests.test_iter457_workshop_floor.TestTagFollows" name="test_follow_flow" time="0.708" /><testcase classname="tests.test_iter457_workshop_floor.TestThreadCreate" name="test_create_thread_laser_with_tag_filter" time="0.113" /><testcase classname="tests.test_iter457_workshop_floor.TestThreadCreate" name="test_create_thread_legacy_machine_help_maps_community" time="0.103" /><testcase classname="tests.test_iter457_workshop_floor.TestThreadCreate" name="test_create_thread_unknown_category_400" time="0.101" /><testcase classname="tests.test_iter457_workshop_floor.TestThreadCreate" name="test_zzz_cleanup" time="0.964" /><testcase classname="tests.test_iter457_workshop_floor.TestMigration" name="test_report_requires_admin" time="0.104" /><testcase classname="tests.test_iter457_workshop_floor.TestMigration" name="test_migrate_requires_admin" time="0.114" /><testcase classname="tests.test_iter457_workshop_floor.TestMigration" name="test_migration_report" time="0.104"><failure message="KeyError: 'skipped_already_migrated'">tests/test_iter457_workshop_floor.py:240: in test_migration_report
    assert d["report"]["skipped_already_migrated"] &gt;= 70 or counts["skipped_already_migrated"] &gt;= 70
           ^^^^^^^^^^^^^^^^^^^^^^^^^^^^^^^^^^^^^^^
E   KeyError: 'skipped_already_migrated'</failure></testcase><testcase classname="tests.test_iter457_workshop_floor.TestMigration" name="test_migrate_noforce_idempotent" time="0.103" /><testcase classname="tests.test_iter457_workshop_floor.TestMigrationDataIntegrity" name="test_threads_have_legacy_metadata" time="0.935" /></testsuite></testsuites>