<?xml version="1.0" encoding="utf-8"?><testsuites name="pytest tests"><testsuite name="pytest" errors="0" failures="0" skipped="0" tests="14" time="3.722" timestamp="2026-04-30T00:29:30.359053+00:00" hostname="agent-env-da415db6-4cc4-4a72-a064-87776e08c06a"><testcase classname="tests.test_iter49_file_reports" name="test_report_unauthenticated_401" time="0.344" /><testcase classname="tests.test_iter49_file_reports" name="test_report_invalid_reason_400" time="0.162" /><testcase classname="tests.test_iter49_file_reports" name="test_report_missing_file_404" time="0.124" /><testcase classname="tests.test_iter49_file_reports" name="test_report_success_and_dedup" time="0.258" /><testcase classname="tests.test_iter49_file_reports" name="test_second_buyer_can_report_same_file" time="0.125" /><testcase classname="tests.test_iter49_file_reports" name="test_file_visible_in_public_list_before_quarantine" time="0.119" /><testcase classname="tests.test_iter49_file_reports" name="test_admin_list_reports_requires_admin" time="0.120" /><testcase classname="tests.test_iter49_file_reports" name="test_admin_list_reports_open" time="0.111" /><testcase classname="tests.test_iter49_file_reports" name="test_resolve_bad_action" time="0.310" /><testcase classname="tests.test_iter49_file_reports" name="test_resolve_missing_report_404" time="0.144" /><testcase classname="tests.test_iter49_file_reports" name="test_dismiss_one_report_decrements_counter" time="0.600" /><testcase classname="tests.test_iter49_file_reports" name="test_quarantine_rolls_up_and_hides_file" time="0.620" /><testcase classname="tests.test_iter49_file_reports" name="test_unquarantine_restores_file" time="0.226" /><testcase classname="tests.test_iter49_file_reports" name="test_unquarantine_missing_404" time="0.186" /></testsuite></testsuites>