<?xml version="1.0" encoding="utf-8"?><testsuites name="pytest tests"><testsuite name="pytest" errors="0" failures="1" skipped="0" tests="18" time="6.063" timestamp="2026-07-11T18:19:49.071409+00:00" hostname="agent-env-da415db6-4cc4-4a72-a064-87776e08c06a"><testcase classname="tests.test_iter114_store_search_live.TestStoreSearchBasic" name="test_endpoint_exists_and_returns_expected_shape" time="0.602" /><testcase classname="tests.test_iter114_store_search_live.TestStoreSearchBasic" name="test_section_name_hit_surfaces_section" time="0.180" /><testcase classname="tests.test_iter114_store_search_live.TestStoreSearchBasic" name="test_search_is_scoped_to_one_maker" time="0.226" /><testcase classname="tests.test_iter114_store_search_live.TestStoreSearchBasic" name="test_empty_q_returns_empty_payload_no_error" time="0.105" /><testcase classname="tests.test_iter114_store_search_live.TestStoreSearchBasic" name="test_missing_q_returns_empty" time="0.112" /><testcase classname="tests.test_iter114_store_search_live.TestStoreSearchEdges" name="test_special_regex_chars_do_not_500" time="0.720" /><testcase classname="tests.test_iter114_store_search_live.TestStoreSearchEdges" name="test_long_q_truncated_no_error" time="0.140" /><testcase classname="tests.test_iter114_store_search_live.TestStoreSearchEdges" name="test_maker_with_no_sections_returns_products_no_error" time="0.143" /><testcase classname="tests.test_iter114_store_search_live.TestStoreSearchEdges" name="test_unknown_maker_slug_returns_empty_not_error" time="0.115" /><testcase classname="tests.test_iter114_store_search_live.TestZeroResults" name="test_nonsense_query_returns_suggestions_from_sections" time="0.112" /><testcase classname="tests.test_iter114_store_search_live.TestZeroResults" name="test_nonsense_query_no_sections_maker_has_empty_suggestions" time="0.286" /><testcase classname="tests.test_iter114_store_search_live.TestScoring" name="test_limit_default_and_max" time="0.239" /><testcase classname="tests.test_iter114_store_search_live.TestScoring" name="test_results_only_status_published" time="0.142" /><testcase classname="tests.test_iter114_store_search_live.TestScoring" name="test_scores_descending" time="0.111" /><testcase classname="tests.test_iter114_store_search_live.TestSearchMeta" name="test_meta_endpoint_shape" time="0.117" /><testcase classname="tests.test_iter114_store_search_live.TestSearchMeta" name="test_meta_reflects_queries_with_results" time="0.955"><failure message="AssertionError: 'wall' expected in popular after logging: ['a', 'mountain']&#10;assert 'wall' in ['a', 'mountain']">tests/test_iter114_store_search_live.py:169: in test_meta_reflects_queries_with_results
    assert term in d["popular"], f"'{term}' expected in popular after logging: {d['popular']}"
E   AssertionError: 'wall' expected in popular after logging: ['a', 'mountain']
E   assert 'wall' in ['a', 'mountain']</failure></testcase><testcase classname="tests.test_iter114_store_search_live.TestSearchMeta" name="test_meta_excludes_zero_result_queries" time="0.938" /><testcase classname="tests.test_iter114_store_search_live.TestMetaScoping" name="test_alt_maker_meta_isolated" time="0.675" /></testsuite></testsuites>