<?xml version="1.0" encoding="utf-8"?><testsuites name="pytest tests"><testsuite name="pytest" errors="0" failures="0" skipped="0" tests="12" time="3.340" timestamp="2026-06-07T00:33:13.851430+00:00" hostname="agent-env-da415db6-4cc4-4a72-a064-87776e08c06a"><testcase classname="tests.test_iter335k_phase4_weights_and_themes_suggest" name="test_channel_weights_cold_start_returns_equal_weights" time="0.250" /><testcase classname="tests.test_iter335k_phase4_weights_and_themes_suggest" name="test_channel_weights_compute_real_roas" time="0.008" /><testcase classname="tests.test_iter335k_phase4_weights_and_themes_suggest" name="test_channel_weights_persist_and_read" time="0.007" /><testcase classname="tests.test_iter335k_phase4_weights_and_themes_suggest" name="test_channel_weights_endpoint_requires_admin" time="2.906" /><testcase classname="tests.test_iter335k_phase4_weights_and_themes_suggest" name="test_channel_weights_endpoint_returns_data" time="0.008" /><testcase classname="tests.test_iter335k_phase4_weights_and_themes_suggest" name="test_channel_weights_recompute_endpoint" time="0.010" /><testcase classname="tests.test_iter335k_phase4_weights_and_themes_suggest" name="test_theme_suggest_empty_when_no_orders" time="0.005" /><testcase classname="tests.test_iter335k_phase4_weights_and_themes_suggest" name="test_theme_suggest_finds_growing_tag" time="0.006" /><testcase classname="tests.test_iter335k_phase4_weights_and_themes_suggest" name="test_theme_suggest_skips_blacklisted_and_single_maker" time="0.007" /><testcase classname="tests.test_iter335k_phase4_weights_and_themes_suggest" name="test_theme_suggest_skips_already_covered" time="0.005" /><testcase classname="tests.test_iter335k_phase4_weights_and_themes_suggest" name="test_theme_suggest_endpoint_requires_admin" time="0.005" /><testcase classname="tests.test_iter335k_phase4_weights_and_themes_suggest" name="test_theme_suggest_endpoint_happy_path" time="0.006" /></testsuite></testsuites>