<?xml version="1.0" encoding="utf-8"?><testsuites name="pytest tests"><testsuite name="pytest" errors="0" failures="0" skipped="1" tests="20" time="2.119" timestamp="2026-04-26T19:47:11.336900+00:00" hostname="agent-env-da415db6-4cc4-4a72-a064-87776e08c06a"><testcase classname="backend.tests.test_iter19_audit_channels.TestChannelsRemoved" name="test_history_rejects_show_off" time="0.143" /><testcase classname="backend.tests.test_iter19_audit_channels.TestChannelsRemoved" name="test_history_rejects_news_and_events" time="0.116" /><testcase classname="backend.tests.test_iter19_audit_channels.TestChannelsRemoved" name="test_history_accepts_general" time="0.109" /><testcase classname="backend.tests.test_iter19_audit_channels.TestChannelsRemoved" name="test_buddies_rejects_show_off" time="0.102" /><testcase classname="backend.tests.test_iter19_audit_channels.TestChannelsRemoved" name="test_channels_set_exact" time="0.070" /><testcase classname="backend.tests.test_iter19_audit_channels.TestWebSocketRejection" name="test_ws_show_off_rejected" time="0.162" /><testcase classname="backend.tests.test_iter19_audit_channels.TestWebSocketRejection" name="test_ws_news_and_events_rejected" time="0.154" /><testcase classname="backend.tests.test_iter19_audit_channels.TestAuditLog" name="test_requires_auth" time="0.110" /><testcase classname="backend.tests.test_iter19_audit_channels.TestAuditLog" name="test_returns_items_shape" time="0.100" /><testcase classname="backend.tests.test_iter19_audit_channels.TestAuditLog" name="test_audit_log_reverse_sorted_with_seed" time="0.164" /><testcase classname="backend.tests.test_iter19_audit_channels.TestChatCleanupParsing" name="test_parse_iso_z_suffix" time="0.000" /><testcase classname="backend.tests.test_iter19_audit_channels.TestChatCleanupParsing" name="test_parse_iso_offset" time="0.000" /><testcase classname="backend.tests.test_iter19_audit_channels.TestChatCleanupParsing" name="test_parse_iso_naive_assumed_utc" time="0.000" /><testcase classname="backend.tests.test_iter19_audit_channels.TestChatCleanupParsing" name="test_parse_iso_invalid_returns_none" time="0.000" /><testcase classname="backend.tests.test_iter19_audit_channels.TestChatCleanupParsing" name="test_clear_idle_function_shape" time="0.000"><skipped type="pytest.skip" message="covered by test_clear_idle_endpoint_returns_shape">/app/backend/tests/test_iter19_audit_channels.py:159: covered by test_clear_idle_endpoint_returns_shape</skipped></testcase><testcase classname="backend.tests.test_iter19_audit_channels.TestChatCleanupParsing" name="test_clear_idle_endpoint_admin_only" time="0.110" /><testcase classname="backend.tests.test_iter19_audit_channels.TestChatCleanupParsing" name="test_clear_idle_endpoint_returns_shape" time="0.120" /><testcase classname="backend.tests.test_iter19_audit_channels.TestRegression" name="test_public_settings" time="0.110" /><testcase classname="backend.tests.test_iter19_audit_channels.TestRegression" name="test_admin_me" time="0.108" /><testcase classname="backend.tests.test_iter19_audit_channels.TestRegression" name="test_forum_categories" time="0.113" /></testsuite></testsuites>