<?xml version="1.0" encoding="utf-8"?><testsuites name="pytest tests"><testsuite name="pytest" errors="0" failures="0" skipped="0" tests="8" time="2.460" timestamp="2026-05-10T12:24:51.855156+00:00" hostname="agent-env-da415db6-4cc4-4a72-a064-87776e08c06a"><testcase classname="backend.tests.test_iter139_journal_image_upload.TestJournalImageUpload" name="test_upload_png_success" time="0.992" /><testcase classname="backend.tests.test_iter139_journal_image_upload.TestJournalImageUpload" name="test_upload_unauthenticated_returns_401" time="0.113" /><testcase classname="backend.tests.test_iter139_journal_image_upload.TestJournalImageUpload" name="test_upload_text_content_type_returns_400" time="0.110" /><testcase classname="backend.tests.test_iter139_journal_image_upload.TestJournalImageUpload" name="test_upload_empty_body_returns_400" time="0.107" /><testcase classname="backend.tests.test_iter139_journal_image_upload.TestJournalImageUpload" name="test_upload_oversize_returns_413" time="0.646" /><testcase classname="backend.tests.test_iter139_journal_image_upload.TestMakerBlogFeed" name="test_returns_only_makers_posts_newest_first" time="0.140" /><testcase classname="backend.tests.test_iter139_journal_image_upload.TestMakerBlogFeed" name="test_capped_at_12" time="0.133" /><testcase classname="backend.tests.test_iter139_journal_image_upload.TestMakerBlogFeed" name="test_unknown_maker_returns_empty" time="0.132" /></testsuite></testsuites>