<?xml version="1.0" encoding="utf-8"?><testsuites name="pytest tests"><testsuite name="pytest" errors="0" failures="0" skipped="0" tests="10" time="2.801" timestamp="2026-07-11T19:59:50.710491+00:00" hostname="agent-env-da415db6-4cc4-4a72-a064-87776e08c06a"><testcase classname="tests.test_iter454_digital_discovery.TestProductSecurity" name="test_pdp_digital_files_sanitized" time="1.331" /><testcase classname="tests.test_iter454_digital_discovery.TestProductSecurity" name="test_list_endpoint_digital_files_sanitized" time="0.126" /><testcase classname="tests.test_iter454_digital_discovery.TestDigitalDownloadsSummary" name="test_summary_shape" time="0.109" /><testcase classname="tests.test_iter454_digital_discovery.TestDigitalDownloadsSummary" name="test_printable_pdfs_has_mountain_plans" time="0.115" /><testcase classname="tests.test_iter454_digital_discovery.TestMakerDigitalAnalytics" name="test_unauthenticated_rejected" time="0.107" /><testcase classname="tests.test_iter454_digital_discovery.TestMakerDigitalAnalytics" name="test_shape" time="0.245" /><testcase classname="tests.test_iter454_digital_discovery.TestSmartSectionsDigital" name="test_maker_smart_sections_has_digital_downloads" time="0.118" /><testcase classname="tests.test_iter454_digital_discovery.TestSmartSectionsDigital" name="test_enable_and_public_exposes" time="0.239" /><testcase classname="tests.test_iter454_digital_discovery.TestBuyerPurchasesEnrichment" name="test_files_include_version_and_versions" time="0.109" /><testcase classname="tests.test_iter454_digital_discovery.TestScanImportRegression" name="test_scan_importable_from_digital_products_router" time="0.007" /></testsuite></testsuites>