<?xml version="1.0" encoding="utf-8"?><testsuites name="pytest tests"><testsuite name="pytest" errors="0" failures="0" skipped="0" tests="10" time="4.278" timestamp="2026-04-30T00:07:24.451722+00:00" hostname="agent-env-da415db6-4cc4-4a72-a064-87776e08c06a"><testcase classname="backend.tests.test_iter48_design_files_upload.TestAuthGating" name="test_no_auth_rejected_401" time="0.199" /><testcase classname="backend.tests.test_iter48_design_files_upload.TestAuthGating" name="test_invalid_token_rejected" time="0.149" /><testcase classname="backend.tests.test_iter48_design_files_upload.TestMakerUpload" name="test_maker_upload_svg_success" time="0.847" /><testcase classname="backend.tests.test_iter48_design_files_upload.TestMakerUpload" name="test_reject_unsupported_extension" time="0.116" /><testcase classname="backend.tests.test_iter48_design_files_upload.TestMakerUpload" name="test_reject_empty_file" time="0.112" /><testcase classname="backend.tests.test_iter48_design_files_upload.TestMakerUpload" name="test_reject_missing_title" time="0.118" /><testcase classname="backend.tests.test_iter48_design_files_upload.TestMakerUpload" name="test_reject_oversized_file" time="1.444" /><testcase classname="backend.tests.test_iter48_design_files_upload.TestBuyerUpload" name="test_buyer_upload_svg_success" time="0.643" /><testcase classname="backend.tests.test_iter48_design_files_upload.TestLegacyUrlPaste" name="test_maker_url_paste_still_works" time="0.109" /><testcase classname="backend.tests.test_iter48_design_files_upload.TestLegacyUrlPaste" name="test_buyer_cannot_use_url_paste_endpoint" time="0.259" /></testsuite></testsuites>