<?xml version="1.0" encoding="utf-8"?><testsuites name="pytest tests"><testsuite name="pytest" errors="0" failures="0" skipped="0" tests="12" time="4.264" timestamp="2026-07-03T13:44:03.097158+00:00" hostname="agent-env-da415db6-4cc4-4a72-a064-87776e08c06a"><testcase classname="tests.test_iter331_homepage_rotation" name="test_public_endpoint_returns_scored_selection" time="0.669" /><testcase classname="tests.test_iter331_homepage_rotation" name="test_admin_config_defaults_and_patch_and_validation" time="0.772" /><testcase classname="tests.test_iter331_homepage_rotation" name="test_period_guard_prevents_impression_inflation" time="0.331" /><testcase classname="tests.test_iter331_homepage_rotation" name="test_fair_exposure_spreads_evenly_over_cycle" time="0.044" /><testcase classname="tests.test_iter331_homepage_rotation" name="test_excluded_slug_never_appears" time="0.560" /><testcase classname="tests.test_iter331_homepage_rotation" name="test_preview_endpoint_returns_full_scored_list" time="0.233" /><testcase classname="tests.test_iter331_homepage_rotation_extras" name="test_admin_endpoints_require_admin_jwt" time="0.217" /><testcase classname="tests.test_iter331_homepage_rotation_extras" name="test_public_endpoint_no_auth_required" time="0.170" /><testcase classname="tests.test_iter331_homepage_rotation_extras" name="test_cadence_switch_daily_flips_period_key" time="0.503" /><testcase classname="tests.test_iter331_homepage_rotation_extras" name="test_impression_idempotency_http_5_hits" time="0.292" /><testcase classname="tests.test_iter331_homepage_rotation_extras" name="test_never_featured_bonus_and_founder_boost_scoring" time="0.000" /><testcase classname="tests.test_iter331_homepage_rotation_extras" name="test_eligibility_bio_removal_hides_maker" time="0.385" /></testsuite></testsuites>