<?xml version="1.0" encoding="utf-8"?><testsuites name="pytest tests"><testsuite name="pytest" errors="0" failures="0" skipped="0" tests="8" time="1.704" timestamp="2026-04-30T05:44:42.998296+00:00" hostname="agent-env-da415db6-4cc4-4a72-a064-87776e08c06a"><testcase classname="backend.tests.test_iter59_order_detail" name="test_orders_list_has_new_fields" time="0.473" /><testcase classname="backend.tests.test_iter59_order_detail" name="test_order_detail_full_payload" time="0.120" /><testcase classname="backend.tests.test_iter59_order_detail" name="test_order_detail_requires_auth" time="0.132" /><testcase classname="backend.tests.test_iter59_order_detail" name="test_order_detail_cross_maker_isolation" time="0.105" /><testcase classname="backend.tests.test_iter59_order_detail" name="test_order_detail_bogus_session_404" time="0.101" /><testcase classname="backend.tests.test_iter59_order_detail" name="test_mark_shipped_moves_pending_to_fulfilled" time="0.287" /><testcase classname="backend.tests.test_iter59_order_detail" name="test_mark_shipped_cross_maker_404" time="0.115" /><testcase classname="backend.tests.test_iter59_order_detail" name="test_mark_shipped_bogus_session_404" time="0.114" /></testsuite></testsuites>