<?xml version="1.0" encoding="utf-8"?><testsuites name="pytest tests"><testsuite name="pytest" errors="0" failures="0" skipped="0" tests="10" time="7.962" timestamp="2026-06-07T00:09:44.260488+00:00" hostname="agent-env-da415db6-4cc4-4a72-a064-87776e08c06a"><testcase classname="tests.test_iter335j_recommend_and_themes" name="test_recommend_empty_catalog_returns_floor" time="4.670" /><testcase classname="tests.test_iter335j_recommend_and_themes" name="test_recommend_uses_maker_history_when_present" time="0.006" /><testcase classname="tests.test_iter335j_recommend_and_themes" name="test_recommend_goal_changes_saturation_ceiling" time="0.006" /><testcase classname="tests.test_iter335j_recommend_and_themes" name="test_recommend_clamps_to_floor_and_ceiling" time="0.003" /><testcase classname="tests.test_iter335j_recommend_and_themes" name="test_recommend_endpoint_requires_auth" time="1.471" /><testcase classname="tests.test_iter335j_recommend_and_themes" name="test_recommend_endpoint_rejects_bad_goal" time="0.007" /><testcase classname="tests.test_iter335j_recommend_and_themes" name="test_recommend_endpoint_happy_path" time="1.643" /><testcase classname="tests.test_iter335j_recommend_and_themes" name="test_active_themes_endpoint_returns_matching_themes_only" time="0.008" /><testcase classname="tests.test_iter335j_recommend_and_themes" name="test_active_themes_endpoint_excludes_drained_or_inactive" time="0.007" /><testcase classname="tests.test_iter335j_recommend_and_themes" name="test_active_themes_reports_per_maker_remaining" time="0.008" /></testsuite></testsuites>