<?xml version="1.0" encoding="utf-8"?><testsuites name="pytest tests"><testsuite name="pytest" errors="0" failures="1" skipped="0" tests="36" time="8.007" timestamp="2026-06-07T00:49:46.589711+00:00" hostname="agent-env-da415db6-4cc4-4a72-a064-87776e08c06a"><testcase classname="tests.test_iter335l_maker_leaderboard" name="test_leaderboard_empty_when_no_activity" time="3.063" /><testcase classname="tests.test_iter335l_maker_leaderboard" name="test_leaderboard_returns_503_when_disabled" time="0.007" /><testcase classname="tests.test_iter335l_maker_leaderboard" name="test_leaderboard_ranks_by_composite_score" time="0.013" /><testcase classname="tests.test_iter335l_maker_leaderboard" name="test_leaderboard_excludes_rejected_makers" time="0.008" /><testcase classname="tests.test_iter335l_maker_leaderboard" name="test_leaderboard_respects_window_param" time="0.011" /><testcase classname="tests.test_iter335l_maker_leaderboard" name="test_leaderboard_carries_veteran_flag_and_image" time="0.009" /><testcase classname="tests.test_iter335l_maker_leaderboard" name="test_public_settings_exposes_leaderboard_enabled" time="0.006" /><testcase classname="tests.test_iter335l_maker_leaderboard" name="test_admin_can_toggle_leaderboard" time="0.008" /><testcase classname="tests.test_iter335k_phase4_weights_and_themes_suggest" name="test_channel_weights_cold_start_returns_equal_weights" time="0.005" /><testcase classname="tests.test_iter335k_phase4_weights_and_themes_suggest" name="test_channel_weights_compute_real_roas" time="0.007" /><testcase classname="tests.test_iter335k_phase4_weights_and_themes_suggest" name="test_channel_weights_persist_and_read" time="0.008" /><testcase classname="tests.test_iter335k_phase4_weights_and_themes_suggest" name="test_channel_weights_endpoint_requires_admin" time="0.005" /><testcase classname="tests.test_iter335k_phase4_weights_and_themes_suggest" name="test_channel_weights_endpoint_returns_data" time="0.005" /><testcase classname="tests.test_iter335k_phase4_weights_and_themes_suggest" name="test_channel_weights_recompute_endpoint" time="0.008" /><testcase classname="tests.test_iter335k_phase4_weights_and_themes_suggest" name="test_theme_suggest_empty_when_no_orders" time="0.004" /><testcase classname="tests.test_iter335k_phase4_weights_and_themes_suggest" name="test_theme_suggest_finds_growing_tag" time="0.007" /><testcase classname="tests.test_iter335k_phase4_weights_and_themes_suggest" name="test_theme_suggest_skips_blacklisted_and_single_maker" time="0.006" /><testcase classname="tests.test_iter335k_phase4_weights_and_themes_suggest" name="test_theme_suggest_skips_already_covered" time="0.005" /><testcase classname="tests.test_iter335k_phase4_weights_and_themes_suggest" name="test_theme_suggest_endpoint_requires_admin" time="0.005" /><testcase classname="tests.test_iter335k_phase4_weights_and_themes_suggest" name="test_theme_suggest_endpoint_happy_path" time="0.006" /><testcase classname="tests.test_settings.TestPublicSettings" name="test_public_get_no_auth" time="0.271" /><testcase classname="tests.test_settings.TestAdminSettings" name="test_admin_get_requires_auth" time="0.124" /><testcase classname="tests.test_settings.TestAdminSettings" name="test_admin_get_ok" time="0.115" /><testcase classname="tests.test_settings.TestAdminSettings" name="test_patch_maintenance_round_trip" time="0.351" /><testcase classname="tests.test_settings.TestAdminSettings" name="test_patch_idle_minutes_validation" time="0.218" /><testcase classname="tests.test_settings.TestAdminSettings" name="test_patch_empty_400" time="0.118" /><testcase classname="tests.test_settings.TestBetaFeedback" name="test_post_when_disabled_403" time="0.225" /><testcase classname="tests.test_settings.TestBetaFeedback" name="test_post_when_enabled_200_and_admin_inbox" time="0.722" /><testcase classname="tests.test_settings.TestBetaFeedback" name="test_resolve_404_for_unknown" time="0.110" /><testcase classname="tests.test_settings.TestMakerApplicationGate" name="test_apply_blocked_when_disabled" time="0.353" /><testcase classname="tests.test_settings.TestMakerApplicationGate" name="test_apply_allowed_when_enabled" time="0.254" /><testcase classname="tests.test_settings.TestIdleClear" name="test_clear_idle_endpoint" time="0.118" /><testcase classname="tests.test_settings.TestIdleClear" name="test_clear_idle_requires_auth" time="0.119" /><testcase classname="tests.test_settings.TestHardClearAuth" name="test_clear_all_requires_admin" time="0.107" /><testcase classname="tests.test_settings.TestLiveChatGate" name="test_ws_rejected_when_disabled" time="0.396" /><testcase classname="tests.test_settings.TestChannels" name="test_eleven_channels_supported" time="0.916"><failure message="AssertionError: design-share: 404&#10;assert 404 in (200, 401, 403)&#10; +  where 404 = &lt;Response [404]&gt;.status_code">tests/test_settings.py:236: in test_eleven_channels_supported
    assert r.status_code in (200, 401, 403), f"{ch}: {r.status_code}"
E   AssertionError: design-share: 404
E   assert 404 in (200, 401, 403)
E    +  where 404 = &lt;Response [404]&gt;.status_code</failure></testcase></testsuite></testsuites>