<?xml version="1.0" encoding="utf-8"?><testsuites name="pytest tests"><testsuite name="pytest" errors="0" failures="0" skipped="0" tests="8" time="1.560" timestamp="2026-04-30T02:53:36.310016+00:00" hostname="agent-env-da415db6-4cc4-4a72-a064-87776e08c06a"><testcase classname="backend.tests.test_iter53_funnel_wonbid.TestFunnelEndpoint" name="test_funnel_requires_admin_auth" time="0.300" /><testcase classname="backend.tests.test_iter53_funnel_wonbid.TestFunnelEndpoint" name="test_funnel_rejects_maker_token" time="0.112" /><testcase classname="backend.tests.test_iter53_funnel_wonbid.TestFunnelEndpoint" name="test_funnel_returns_full_shape" time="0.148" /><testcase classname="backend.tests.test_iter53_funnel_wonbid.TestWonBidStatus" name="test_patch_won_bid_accepted" time="0.376" /><testcase classname="backend.tests.test_iter53_funnel_wonbid.TestWonBidStatus" name="test_won_bid_at_persisted" time="0.124" /><testcase classname="backend.tests.test_iter53_funnel_wonbid.TestWonBidStatus" name="test_funnel_reflects_won_bid" time="0.161" /><testcase classname="backend.tests.test_iter53_funnel_wonbid.TestRedditCrossPostCodePath" name="test_cross_post_block_exists" time="0.001" /><testcase classname="backend.tests.test_iter53_funnel_wonbid.TestRedditCrossPostCodePath" name="test_cross_post_only_runs_on_success" time="0.070" /></testsuite></testsuites>