<?xml version="1.0" encoding="utf-8"?><testsuites name="pytest tests"><testsuite name="pytest" errors="0" failures="0" skipped="0" tests="26" time="17.990" timestamp="2026-04-26T01:08:29.564770+00:00" hostname="agent-env-da415db6-4cc4-4a72-a064-87776e08c06a"><testcase classname="backend.tests.test_iter4_ai_community.TestAI" name="test_ai_chat_basic_and_multi_turn" time="5.418" /><testcase classname="backend.tests.test_iter4_ai_community.TestAI" name="test_ai_submit_brief_creates_custom_order" time="0.856" /><testcase classname="backend.tests.test_iter4_ai_community.TestCommunityAuth" name="test_magic_request_always_ok" time="0.141" /><testcase classname="backend.tests.test_iter4_ai_community.TestCommunityAuth" name="test_magic_verify_garbage" time="0.108" /><testcase classname="backend.tests.test_iter4_ai_community.TestCommunityAuth" name="test_magic_verify_valid" time="0.103" /><testcase classname="backend.tests.test_iter4_ai_community.TestCommunityAuth" name="test_google_bogus_session_clean_4xx_5xx" time="0.225" /><testcase classname="backend.tests.test_iter4_ai_community.TestCommunityAuth" name="test_role_enforcement_on_me" time="0.680" /><testcase classname="backend.tests.test_iter4_ai_community.TestShowcase" name="test_list_no_auth_ok" time="0.105" /><testcase classname="backend.tests.test_iter4_ai_community.TestShowcase" name="test_post_requires_buyer" time="0.200" /><testcase classname="backend.tests.test_iter4_ai_community.TestShowcase" name="test_create_and_like" time="0.224" /><testcase classname="backend.tests.test_iter4_ai_community.TestDesignFiles" name="test_list_no_auth" time="0.106" /><testcase classname="backend.tests.test_iter4_ai_community.TestDesignFiles" name="test_upload_requires_maker" time="0.217" /><testcase classname="backend.tests.test_iter4_ai_community.TestDesignFiles" name="test_paywall_after_5_downloads" time="0.915" /><testcase classname="backend.tests.test_iter4_ai_community.TestDesignFiles" name="test_unlock_checkout" time="0.642" /><testcase classname="backend.tests.test_iter4_ai_community.TestForum" name="test_list_initial" time="0.101" /><testcase classname="backend.tests.test_iter4_ai_community.TestForum" name="test_create_thread_and_reply" time="0.572" /><testcase classname="backend.tests.test_iter4_ai_community.TestChatRest" name="test_history_general" time="0.105" /><testcase classname="backend.tests.test_iter4_ai_community.TestChatRest" name="test_history_unknown_404" time="0.109" /><testcase classname="backend.tests.test_iter4_ai_community.TestChatWS" name="test_ws_general_buyer_send_receive" time="0.852" /><testcase classname="backend.tests.test_iter4_ai_community.TestChatWS" name="test_ws_makers_only_buyer_rejected" time="0.166" /><testcase classname="backend.tests.test_iter4_ai_community.TestChatWS" name="test_ws_makers_only_maker_accepted" time="5.227" /><testcase classname="backend.tests.test_iter4_ai_community.TestChatWS" name="test_ws_no_token_rejected" time="0.168" /><testcase classname="backend.tests.test_iter4_ai_community.TestRegression" name="test_products_count" time="0.150" /><testcase classname="backend.tests.test_iter4_ai_community.TestRegression" name="test_paid_session_status" time="0.109" /><testcase classname="backend.tests.test_iter4_ai_community.TestRegression" name="test_admin_auth_works" time="0.117" /><testcase classname="backend.tests.test_iter4_ai_community.TestRegression" name="test_maker_auth_works" time="0.107" /></testsuite></testsuites>