<?xml version="1.0" encoding="utf-8"?><testsuites name="pytest tests"><testsuite name="pytest" errors="0" failures="0" skipped="0" tests="4" time="1.845" timestamp="2026-07-02T17:02:13.854156+00:00" hostname="agent-env-da415db6-4cc4-4a72-a064-87776e08c06a"><testcase classname="tests.test_iter329_promote_founder" name="test_promote_success_returns_expected_fields" time="0.951" /><testcase classname="tests.test_iter329_promote_founder" name="test_promote_missing_maker_returns_404" time="0.115" /><testcase classname="tests.test_iter329_promote_founder" name="test_promote_requires_admin_auth" time="0.140" /><testcase classname="tests.test_iter329_promote_founder" name="test_promote_is_idempotent" time="0.488" /></testsuite></testsuites>