<?xml version="1.0" encoding="utf-8"?><testsuites name="pytest tests"><testsuite name="pytest" errors="0" failures="0" skipped="0" tests="8" time="1.996" timestamp="2026-06-21T15:46:35.868676+00:00" hostname="agent-env-da415db6-4cc4-4a72-a064-87776e08c06a"><testcase classname="tests.test_iter413bp_ops_dashboard" name="test_requires_auth" time="0.722" /><testcase classname="tests.test_iter413bp_ops_dashboard" name="test_overview_returns_all_six_sections" time="0.290" /><testcase classname="tests.test_iter413bp_ops_dashboard" name="test_summary_card_shape" time="0.160" /><testcase classname="tests.test_iter413bp_ops_dashboard" name="test_action_queue_groups" time="0.123" /><testcase classname="tests.test_iter413bp_ops_dashboard" name="test_marketplace_health_metrics" time="0.122" /><testcase classname="tests.test_iter413bp_ops_dashboard" name="test_founder_funnel_has_six_stages" time="0.134" /><testcase classname="tests.test_iter413bp_ops_dashboard" name="test_daily_brief_has_opportunity_risk_actions" time="0.136" /><testcase classname="tests.test_iter413bp_ops_dashboard" name="test_recent_activity_capped_and_sorted" time="0.125" /></testsuite></testsuites>