<?xml version="1.0" encoding="utf-8"?><testsuites name="pytest tests"><testsuite name="pytest" errors="0" failures="0" skipped="0" tests="18" time="2.017" timestamp="2026-04-25T23:51:36.714234+00:00" hostname="agent-env-da415db6-4cc4-4a72-a064-87776e08c06a"><testcase classname="tests.test_maker_portal.TestCheckoutPaidSessionRegression" name="test_status_paid" time="0.566" /><testcase classname="tests.test_maker_portal.TestMakerAuthRequest" name="test_request_known_email_silent_200" time="0.057" /><testcase classname="tests.test_maker_portal.TestMakerAuthRequest" name="test_request_unknown_email_silent_200" time="0.051" /><testcase classname="tests.test_maker_portal.TestMakerAuthRequest" name="test_request_invalid_email_422" time="0.049" /><testcase classname="tests.test_maker_portal.TestMakerAuthVerify" name="test_verify_garbage_token_401" time="0.060" /><testcase classname="tests.test_maker_portal.TestMakerAuthVerify" name="test_verify_empty_token_401_or_422" time="0.044" /><testcase classname="tests.test_maker_portal.TestMakerAuthVerify" name="test_verify_valid_token_returns_jwt_and_maker" time="0.049" /><testcase classname="tests.test_maker_portal.TestMakerMe" name="test_me_no_auth_401" time="0.047" /><testcase classname="tests.test_maker_portal.TestMakerMe" name="test_me_bad_bearer_401" time="0.046" /><testcase classname="tests.test_maker_portal.TestMakerMe" name="test_me_valid" time="0.152" /><testcase classname="tests.test_maker_portal.TestMakerProducts" name="test_no_auth_401" time="0.052" /><testcase classname="tests.test_maker_portal.TestMakerProducts" name="test_iron_products_only" time="0.051" /><testcase classname="tests.test_maker_portal.TestMakerProducts" name="test_isolation_metalart_does_not_see_iron" time="0.102" /><testcase classname="tests.test_maker_portal.TestMakerOrders" name="test_no_auth_401" time="0.050" /><testcase classname="tests.test_maker_portal.TestMakerOrders" name="test_iron_orders_shape" time="0.053" /><testcase classname="tests.test_maker_portal.TestMakerOrders" name="test_isolation_metalart_orders_no_iron" time="0.057" /><testcase classname="tests.test_maker_portal.TestMakerProfileUpdate" name="test_patch_no_auth_401" time="0.050" /><testcase classname="tests.test_maker_portal.TestMakerProfileUpdate" name="test_patch_bio_persists_and_reset" time="0.204" /></testsuite></testsuites>