<?xml version="1.0" encoding="utf-8"?><testsuites name="pytest tests"><testsuite name="pytest" errors="0" failures="1" skipped="0" tests="11" time="1.590" timestamp="2026-04-25T22:34:16.296339+00:00" hostname="agent-env-da415db6-4cc4-4a72-a064-87776e08c06a"><testcase classname="backend.tests.test_marketplace" name="test_root" time="0.185" /><testcase classname="backend.tests.test_marketplace" name="test_products_list" time="0.049" /><testcase classname="backend.tests.test_marketplace" name="test_get_product" time="0.050" /><testcase classname="backend.tests.test_marketplace" name="test_makers" time="0.046" /><testcase classname="backend.tests.test_marketplace" name="test_activity" time="0.046" /><testcase classname="backend.tests.test_marketplace" name="test_custom_order" time="0.057" /><testcase classname="backend.tests.test_marketplace" name="test_maker_application" time="0.057" /><testcase classname="backend.tests.test_marketplace" name="test_checkout_session_created" time="0.671" /><testcase classname="backend.tests.test_marketplace" name="test_checkout_status" time="0.245"><failure message="AssertionError: Internal Server Error&#10;assert 500 == 200&#10; +  where 500 = &lt;Response [500]&gt;.status_code">backend/tests/test_marketplace.py:80: in test_checkout_status
    assert r.status_code == 200, r.text
E   AssertionError: Internal Server Error
E   assert 500 == 200
E    +  where 500 = &lt;Response [500]&gt;.status_code</failure></testcase><testcase classname="backend.tests.test_marketplace" name="test_checkout_empty_cart" time="0.045" /><testcase classname="backend.tests.test_marketplace" name="test_checkout_invalid_product" time="0.046" /></testsuite></testsuites>