<?xml version="1.0" encoding="utf-8"?><testsuites name="pytest tests"><testsuite name="pytest" errors="0" failures="0" skipped="0" tests="3" time="2.385" timestamp="2026-05-22T15:54:27.413920+00:00" hostname="agent-env-da415db6-4cc4-4a72-a064-87776e08c06a"><testcase classname="tests.test_seo_landing_analytics" name="test_seo_landing_requires_admin" time="0.386" /><testcase classname="tests.test_seo_landing_analytics" name="test_seo_landing_returns_all_configured_slugs" time="1.179" /><testcase classname="tests.test_seo_landing_analytics" name="test_seo_landing_aggregates_tracked_pageviews" time="0.537" /></testsuite></testsuites>